#
# There is insufficient memory for the Java Runtime Environment to continue.
# Native memory allocation (mmap) failed to map 27262976 bytes for Failed to commit area from 0x0000000088800000 to 0x000000008a200000 of length 27262976.
# Possible reasons:
#   The system is out of physical RAM or swap space
#   The process is running with CompressedOops enabled, and the Java Heap may be blocking the growth of the native heap
# Possible solutions:
#   Reduce memory load on the system
#   Increase physical memory or swap space
#   Check if swap backing store is full
#   Decrease Java heap size (-Xmx/-Xms)
#   Decrease number of Java threads
#   Decrease Java thread stack sizes (-Xss)
#   Set larger code cache with -XX:ReservedCodeCacheSize=
#   JVM is running with Unscaled Compressed Oops mode in which the Java heap is
#     placed in the first 4GB address space. The Java Heap base address is the
#     maximum limit for the native heap growth. Please use -XX:HeapBaseMinAddress
#     to set the Java Heap base and to place the Java Heap above 4GB virtual address.
# This output file may be truncated or incomplete.
#
#  Out of Memory Error (./open/src/hotspot/os/windows/os_windows.cpp:3283), pid=7020, tid=3004
#
# JRE version: Java(TM) SE Runtime Environment 18.9 (11.0.17+10) (build 11.0.17+10-LTS-269)
# Java VM: Java HotSpot(TM) 64-Bit Server VM 18.9 (11.0.17+10-LTS-269, mixed mode, tiered, compressed oops, g1 gc, windows-amd64)
# No core dump will be written. Minidumps are not enabled by default on client versions of Windows
#

---------------  S U M M A R Y ------------

Command Line: -Xverify:none -XX:TieredStopAtLevel=1 -Dfile.encoding=windows-1252 -Duser.country=AR -Duser.language=es -Duser.variant com.techtitans.ecommerce.EcommerceApplication

Host: AMD FX(tm)-6300 Six-Core Processor             , 6 cores, 7G,  Windows 10 , 64 bit Build 19041 (10.0.19041.2364)
Time: Thu Feb  2 17:16:08 2023 Hora estándar de Argentina elapsed time: 2.427044 seconds (0d 0h 0m 2s)

---------------  T H R E A D  ---------------

Current thread (0x000002c995bd9800):  VMThread "VM Thread" [stack: 0x000000f5c8000000,0x000000f5c8100000] [id=3004]

Stack: [0x000000f5c8000000,0x000000f5c8100000]
[error occurred during error reporting (printing stack bounds), id 0xc0000005, EXCEPTION_ACCESS_VIOLATION (0xc0000005) at pc=0x000002c980000f2d]

Native frames: (J=compiled Java code, j=interpreted, Vv=VM code, C=native code)
V  [jvm.dll+0x62b5da]
V  [jvm.dll+0x7653df]
V  [jvm.dll+0x766a89]
V  [jvm.dll+0x767075]
V  [jvm.dll+0x76702b]
V  [jvm.dll+0x62aac3]
V  [jvm.dll+0x62b1d8]
C  [ntdll.dll+0xa241f]
C  [ntdll.dll+0x514a4]
C  [ntdll.dll+0xa0f4e]
C  0x000002c980000f2d

VM_Operation (0x000000f5c8dfb000): G1CollectForAllocation, mode: safepoint, requested by thread 0x000002c997391800


---------------  P R O C E S S  ---------------

Threads class SMR info:
_java_thread_list=0x000002c9978e7b20, length=11, elements={
0x000002c9f7fe1800, 0x000002c995bfe000, 0x000002c995c07000, 0x000002c99658e800,
0x000002c996590000, 0x000002c996594000, 0x000002c996597000, 0x000002c9965a3800,
0x000002c99676e000, 0x000002c9970ca000, 0x000002c997391800
}

Java Threads: ( => current thread )
  0x000002c9f7fe1800 JavaThread "main" [_thread_blocked, id=16120, stack(0x000000f5c7a00000,0x000000f5c7b00000)]
  0x000002c995bfe000 JavaThread "Reference Handler" daemon [_thread_blocked, id=2116, stack(0x000000f5c8100000,0x000000f5c8200000)]
  0x000002c995c07000 JavaThread "Finalizer" daemon [_thread_blocked, id=5428, stack(0x000000f5c8200000,0x000000f5c8300000)]
  0x000002c99658e800 JavaThread "Signal Dispatcher" daemon [_thread_blocked, id=13524, stack(0x000000f5c8300000,0x000000f5c8400000)]
  0x000002c996590000 JavaThread "Attach Listener" daemon [_thread_blocked, id=9336, stack(0x000000f5c8400000,0x000000f5c8500000)]
  0x000002c996594000 JavaThread "Service Thread" daemon [_thread_blocked, id=1720, stack(0x000000f5c8500000,0x000000f5c8600000)]
  0x000002c996597000 JavaThread "C1 CompilerThread0" daemon [_thread_blocked, id=15116, stack(0x000000f5c8600000,0x000000f5c8700000)]
  0x000002c9965a3800 JavaThread "Sweeper thread" daemon [_thread_blocked, id=16128, stack(0x000000f5c8700000,0x000000f5c8800000)]
  0x000002c99676e000 JavaThread "Common-Cleaner" daemon [_thread_blocked, id=14240, stack(0x000000f5c8900000,0x000000f5c8a00000)]
  0x000002c9970ca000 JavaThread "Thread-0" [_thread_blocked, id=7984, stack(0x000000f5c8c00000,0x000000f5c8d00000)]
  0x000002c997391800 JavaThread "restartedMain" [_thread_blocked, id=4740, stack(0x000000f5c8d00000,0x000000f5c8e00000)]

Other Threads:
=>0x000002c995bd9800 VMThread "VM Thread" [stack: 0x000000f5c8000000,0x000000f5c8100000] [id=3004]
  0x000002c99676c800 WatcherThread [stack: 0x000000f5c8800000,0x000000f5c8900000] [id=10352]
  0x000002c9f7ff7000 GCTaskThread "GC Thread#0" [stack: 0x000000f5c7b00000,0x000000f5c7c00000] [id=15640]
  0x000002c9972ee000 GCTaskThread "GC Thread#1" [stack: 0x000000f5c8a00000,0x000000f5c8b00000] [id=16104]
  0x000002c9972e6800 GCTaskThread "GC Thread#2" [stack: 0x000000f5c8b00000,0x000000f5c8c00000] [id=15756]
  0x000002c9973fb000 GCTaskThread "GC Thread#3" [stack: 0x000000f5c8e00000,0x000000f5c8f00000] [id=12544]
  0x000002c9973fb800 GCTaskThread "GC Thread#4" [stack: 0x000000f5c8f00000,0x000000f5c9000000] [id=14692]
  0x000002c9973fc800 GCTaskThread "GC Thread#5" [stack: 0x000000f5c9000000,0x000000f5c9100000] [id=15980]
  0x000002c9f8023000 ConcurrentGCThread "G1 Main Marker" [stack: 0x000000f5c7c00000,0x000000f5c7d00000] [id=14056]
  0x000002c9f8024800 ConcurrentGCThread "G1 Conc#0" [stack: 0x000000f5c7d00000,0x000000f5c7e00000] [id=16068]
  0x000002c9977b1000 ConcurrentGCThread "G1 Conc#1" [stack: 0x000000f5c9100000,0x000000f5c9200000] [id=12348]
  0x000002c9f809d800 ConcurrentGCThread "G1 Refine#0" [stack: 0x000000f5c7e00000,0x000000f5c7f00000] [id=2976]
  0x000002c995a43800 ConcurrentGCThread "G1 Young RemSet Sampling" [stack: 0x000000f5c7f00000,0x000000f5c8000000] [id=16080]

Threads with active compile tasks:

VM state:at safepoint (normal execution)

VM Mutex/Monitor currently owned by a thread:  ([mutex/lock_event])
[0x000002c9f7fdd770] Threads_lock - owner thread: 0x000002c995bd9800
[0x000002c9f7fddad0] Heap_lock - owner thread: 0x000002c997391800

Heap address: 0x0000000080800000, size: 2040 MB, Compressed Oops mode: 32-bit
Narrow klass base: 0x0000000000000000, Narrow klass shift: 3
Compressed class space size: 1073741824 Address: 0x0000000100000000

Heap:
 garbage-first heap   total 157696K, used 13017K [0x0000000080800000, 0x0000000100000000)
  region size 1024K, 5 young (5120K), 5 survivors (5120K)
 Metaspace       used 23488K, capacity 24262K, committed 24368K, reserved 1071104K
  class space    used 2818K, capacity 3139K, committed 3200K, reserved 1048576K
Heap Regions: E=young(eden), S=young(survivor), O=old, HS=humongous(starts), HC=humongous(continues), CS=collection set, F=free, A=archive, TAMS=top-at-mark-start (previous, next)
|   0|0x0000000080800000, 0x0000000080900000, 0x0000000080900000|100%|HS|  |TAMS 0x0000000080900000, 0x0000000080800000| Complete 
|   1|0x0000000080900000, 0x0000000080a00000, 0x0000000080a00000|100%| O|  |TAMS 0x0000000080a00000, 0x0000000080900000| Untracked 
|   2|0x0000000080a00000, 0x0000000080b00000, 0x0000000080b00000|100%| O|  |TAMS 0x0000000080b00000, 0x0000000080a00000| Untracked 
|   3|0x0000000080b00000, 0x0000000080c00000, 0x0000000080c00000|100%| O|  |TAMS 0x0000000080c00000, 0x0000000080b00000| Untracked 
|   4|0x0000000080c00000, 0x0000000080d00000, 0x0000000080d00000|100%| O|  |TAMS 0x0000000080d00000, 0x0000000080c00000| Untracked 
|   5|0x0000000080d00000, 0x0000000080e00000, 0x0000000080e00000|100%| O|  |TAMS 0x0000000080e00000, 0x0000000080d00000| Untracked 
|   6|0x0000000080e00000, 0x0000000080f00000, 0x0000000080f00000|100%| O|  |TAMS 0x0000000080f00000, 0x0000000080e00000| Untracked 
|   7|0x0000000080f00000, 0x0000000080fdd200, 0x0000000081000000| 86%| O|  |TAMS 0x0000000080fdd200, 0x0000000080f00000| Untracked 
|   8|0x0000000081000000, 0x0000000081000000, 0x0000000081100000|  0%| F|  |TAMS 0x0000000081000000, 0x0000000081000000| Untracked 
|   9|0x0000000081100000, 0x0000000081100000, 0x0000000081200000|  0%| F|  |TAMS 0x0000000081100000, 0x0000000081100000| Untracked 
|  10|0x0000000081200000, 0x0000000081200000, 0x0000000081300000|  0%| F|  |TAMS 0x0000000081200000, 0x0000000081200000| Untracked 
|  11|0x0000000081300000, 0x0000000081300000, 0x0000000081400000|  0%| F|  |TAMS 0x0000000081300000, 0x0000000081300000| Untracked 
|  12|0x0000000081400000, 0x0000000081400000, 0x0000000081500000|  0%| F|  |TAMS 0x0000000081400000, 0x0000000081400000| Untracked 
|  13|0x0000000081500000, 0x0000000081500000, 0x0000000081600000|  0%| F|  |TAMS 0x0000000081500000, 0x0000000081500000| Untracked 
|  14|0x0000000081600000, 0x0000000081600000, 0x0000000081700000|  0%| F|  |TAMS 0x0000000081600000, 0x0000000081600000| Untracked 
|  15|0x0000000081700000, 0x0000000081700000, 0x0000000081800000|  0%| F|  |TAMS 0x0000000081700000, 0x0000000081700000| Untracked 
|  16|0x0000000081800000, 0x0000000081800000, 0x0000000081900000|  0%| F|  |TAMS 0x0000000081800000, 0x0000000081800000| Untracked 
|  17|0x0000000081900000, 0x0000000081900000, 0x0000000081a00000|  0%| F|  |TAMS 0x0000000081900000, 0x0000000081900000| Untracked 
|  18|0x0000000081a00000, 0x0000000081a00000, 0x0000000081b00000|  0%| F|  |TAMS 0x0000000081a00000, 0x0000000081a00000| Untracked 
|  19|0x0000000081b00000, 0x0000000081b00000, 0x0000000081c00000|  0%| F|  |TAMS 0x0000000081b00000, 0x0000000081b00000| Untracked 
|  20|0x0000000081c00000, 0x0000000081c00000, 0x0000000081d00000|  0%| F|  |TAMS 0x0000000081c00000, 0x0000000081c00000| Untracked 
|  21|0x0000000081d00000, 0x0000000081d00000, 0x0000000081e00000|  0%| F|  |TAMS 0x0000000081d00000, 0x0000000081d00000| Untracked 
|  22|0x0000000081e00000, 0x0000000081e00000, 0x0000000081f00000|  0%| F|  |TAMS 0x0000000081e00000, 0x0000000081e00000| Untracked 
|  23|0x0000000081f00000, 0x0000000081f00000, 0x0000000082000000|  0%| F|  |TAMS 0x0000000081f00000, 0x0000000081f00000| Untracked 
|  24|0x0000000082000000, 0x0000000082000000, 0x0000000082100000|  0%| F|  |TAMS 0x0000000082000000, 0x0000000082000000| Untracked 
|  25|0x0000000082100000, 0x0000000082100000, 0x0000000082200000|  0%| F|  |TAMS 0x0000000082100000, 0x0000000082100000| Untracked 
|  26|0x0000000082200000, 0x0000000082200000, 0x0000000082300000|  0%| F|  |TAMS 0x0000000082200000, 0x0000000082200000| Untracked 
|  27|0x0000000082300000, 0x0000000082300000, 0x0000000082400000|  0%| F|  |TAMS 0x0000000082300000, 0x0000000082300000| Untracked 
|  28|0x0000000082400000, 0x0000000082400000, 0x0000000082500000|  0%| F|  |TAMS 0x0000000082400000, 0x0000000082400000| Untracked 
|  29|0x0000000082500000, 0x0000000082500000, 0x0000000082600000|  0%| F|  |TAMS 0x0000000082500000, 0x0000000082500000| Untracked 
|  30|0x0000000082600000, 0x0000000082600000, 0x0000000082700000|  0%| F|  |TAMS 0x0000000082600000, 0x0000000082600000| Untracked 
|  31|0x0000000082700000, 0x0000000082700000, 0x0000000082800000|  0%| F|  |TAMS 0x0000000082700000, 0x0000000082700000| Untracked 
|  32|0x0000000082800000, 0x0000000082800000, 0x0000000082900000|  0%| F|  |TAMS 0x0000000082800000, 0x0000000082800000| Untracked 
|  33|0x0000000082900000, 0x0000000082900000, 0x0000000082a00000|  0%| F|  |TAMS 0x0000000082900000, 0x0000000082900000| Untracked 
|  34|0x0000000082a00000, 0x0000000082a00000, 0x0000000082b00000|  0%| F|  |TAMS 0x0000000082a00000, 0x0000000082a00000| Untracked 
|  35|0x0000000082b00000, 0x0000000082b00000, 0x0000000082c00000|  0%| F|  |TAMS 0x0000000082b00000, 0x0000000082b00000| Untracked 
|  36|0x0000000082c00000, 0x0000000082c00000, 0x0000000082d00000|  0%| F|  |TAMS 0x0000000082c00000, 0x0000000082c00000| Untracked 
|  37|0x0000000082d00000, 0x0000000082d00000, 0x0000000082e00000|  0%| F|  |TAMS 0x0000000082d00000, 0x0000000082d00000| Untracked 
|  38|0x0000000082e00000, 0x0000000082e00000, 0x0000000082f00000|  0%| F|  |TAMS 0x0000000082e00000, 0x0000000082e00000| Untracked 
|  39|0x0000000082f00000, 0x0000000082f00000, 0x0000000083000000|  0%| F|  |TAMS 0x0000000082f00000, 0x0000000082f00000| Untracked 
|  40|0x0000000083000000, 0x0000000083000000, 0x0000000083100000|  0%| F|  |TAMS 0x0000000083000000, 0x0000000083000000| Untracked 
|  41|0x0000000083100000, 0x0000000083100000, 0x0000000083200000|  0%| F|  |TAMS 0x0000000083100000, 0x0000000083100000| Untracked 
|  42|0x0000000083200000, 0x0000000083200000, 0x0000000083300000|  0%| F|  |TAMS 0x0000000083200000, 0x0000000083200000| Untracked 
|  43|0x0000000083300000, 0x0000000083300000, 0x0000000083400000|  0%| F|  |TAMS 0x0000000083300000, 0x0000000083300000| Untracked 
|  44|0x0000000083400000, 0x0000000083400000, 0x0000000083500000|  0%| F|  |TAMS 0x0000000083400000, 0x0000000083400000| Untracked 
|  45|0x0000000083500000, 0x0000000083500000, 0x0000000083600000|  0%| F|  |TAMS 0x0000000083500000, 0x0000000083500000| Untracked 
|  46|0x0000000083600000, 0x0000000083600000, 0x0000000083700000|  0%| F|  |TAMS 0x0000000083600000, 0x0000000083600000| Untracked 
|  47|0x0000000083700000, 0x0000000083700000, 0x0000000083800000|  0%| F|  |TAMS 0x0000000083700000, 0x0000000083700000| Untracked 
|  48|0x0000000083800000, 0x0000000083800000, 0x0000000083900000|  0%| F|  |TAMS 0x0000000083800000, 0x0000000083800000| Untracked 
|  49|0x0000000083900000, 0x0000000083900000, 0x0000000083a00000|  0%| F|  |TAMS 0x0000000083900000, 0x0000000083900000| Untracked 
|  50|0x0000000083a00000, 0x0000000083a00000, 0x0000000083b00000|  0%| F|  |TAMS 0x0000000083a00000, 0x0000000083a00000| Untracked 
|  51|0x0000000083b00000, 0x0000000083b00000, 0x0000000083c00000|  0%| F|  |TAMS 0x0000000083b00000, 0x0000000083b00000| Untracked 
|  52|0x0000000083c00000, 0x0000000083c00000, 0x0000000083d00000|  0%| F|  |TAMS 0x0000000083c00000, 0x0000000083c00000| Untracked 
|  53|0x0000000083d00000, 0x0000000083d00000, 0x0000000083e00000|  0%| F|  |TAMS 0x0000000083d00000, 0x0000000083d00000| Untracked 
|  54|0x0000000083e00000, 0x0000000083e00000, 0x0000000083f00000|  0%| F|  |TAMS 0x0000000083e00000, 0x0000000083e00000| Untracked 
|  55|0x0000000083f00000, 0x0000000083f00000, 0x0000000084000000|  0%| F|  |TAMS 0x0000000083f00000, 0x0000000083f00000| Untracked 
|  56|0x0000000084000000, 0x0000000084000000, 0x0000000084100000|  0%| F|  |TAMS 0x0000000084000000, 0x0000000084000000| Untracked 
|  57|0x0000000084100000, 0x0000000084100000, 0x0000000084200000|  0%| F|  |TAMS 0x0000000084100000, 0x0000000084100000| Untracked 
|  58|0x0000000084200000, 0x0000000084200000, 0x0000000084300000|  0%| F|  |TAMS 0x0000000084200000, 0x0000000084200000| Untracked 
|  59|0x0000000084300000, 0x0000000084300000, 0x0000000084400000|  0%| F|  |TAMS 0x0000000084300000, 0x0000000084300000| Untracked 
|  60|0x0000000084400000, 0x0000000084400000, 0x0000000084500000|  0%| F|  |TAMS 0x0000000084400000, 0x0000000084400000| Untracked 
|  61|0x0000000084500000, 0x0000000084500000, 0x0000000084600000|  0%| F|  |TAMS 0x0000000084500000, 0x0000000084500000| Untracked 
|  62|0x0000000084600000, 0x0000000084600000, 0x0000000084700000|  0%| F|  |TAMS 0x0000000084600000, 0x0000000084600000| Untracked 
|  63|0x0000000084700000, 0x0000000084700000, 0x0000000084800000|  0%| F|  |TAMS 0x0000000084700000, 0x0000000084700000| Untracked 
|  64|0x0000000084800000, 0x0000000084800000, 0x0000000084900000|  0%| F|  |TAMS 0x0000000084800000, 0x0000000084800000| Untracked 
|  65|0x0000000084900000, 0x0000000084900000, 0x0000000084a00000|  0%| F|  |TAMS 0x0000000084900000, 0x0000000084900000| Untracked 
|  66|0x0000000084a00000, 0x0000000084ad92a0, 0x0000000084b00000| 84%| S|CS|TAMS 0x0000000084a00000, 0x0000000084a00000| Complete 
|  67|0x0000000084b00000, 0x0000000084c00000, 0x0000000084c00000|100%| S|CS|TAMS 0x0000000084b00000, 0x0000000084b00000| Complete 
|  68|0x0000000084c00000, 0x0000000084d00000, 0x0000000084d00000|100%| S|CS|TAMS 0x0000000084c00000, 0x0000000084c00000| Complete 
|  69|0x0000000084d00000, 0x0000000084e00000, 0x0000000084e00000|100%| S|CS|TAMS 0x0000000084d00000, 0x0000000084d00000| Complete 
|  70|0x0000000084e00000, 0x0000000084f00000, 0x0000000084f00000|100%| S|CS|TAMS 0x0000000084e00000, 0x0000000084e00000| Complete 
|  71|0x0000000084f00000, 0x0000000084f00000, 0x0000000085000000|  0%| F|  |TAMS 0x0000000084f00000, 0x0000000084f00000| Untracked 
|  72|0x0000000085000000, 0x0000000085000000, 0x0000000085100000|  0%| F|  |TAMS 0x0000000085000000, 0x0000000085000000| Untracked 
|  73|0x0000000085100000, 0x0000000085100000, 0x0000000085200000|  0%| F|  |TAMS 0x0000000085100000, 0x0000000085100000| Untracked 
|  74|0x0000000085200000, 0x0000000085200000, 0x0000000085300000|  0%| F|  |TAMS 0x0000000085200000, 0x0000000085200000| Untracked 
|  75|0x0000000085300000, 0x0000000085300000, 0x0000000085400000|  0%| F|  |TAMS 0x0000000085300000, 0x0000000085300000| Untracked 
|  76|0x0000000085400000, 0x0000000085400000, 0x0000000085500000|  0%| F|  |TAMS 0x0000000085400000, 0x0000000085400000| Untracked 
|  77|0x0000000085500000, 0x0000000085500000, 0x0000000085600000|  0%| F|  |TAMS 0x0000000085500000, 0x0000000085500000| Untracked 
|  78|0x0000000085600000, 0x0000000085600000, 0x0000000085700000|  0%| F|  |TAMS 0x0000000085600000, 0x0000000085600000| Untracked 
|  79|0x0000000085700000, 0x0000000085700000, 0x0000000085800000|  0%| F|  |TAMS 0x0000000085700000, 0x0000000085700000| Untracked 
|  80|0x0000000085800000, 0x0000000085800000, 0x0000000085900000|  0%| F|  |TAMS 0x0000000085800000, 0x0000000085800000| Untracked 
|  81|0x0000000085900000, 0x0000000085900000, 0x0000000085a00000|  0%| F|  |TAMS 0x0000000085900000, 0x0000000085900000| Untracked 
|  82|0x0000000085a00000, 0x0000000085a00000, 0x0000000085b00000|  0%| F|  |TAMS 0x0000000085a00000, 0x0000000085a00000| Untracked 
|  83|0x0000000085b00000, 0x0000000085b00000, 0x0000000085c00000|  0%| F|  |TAMS 0x0000000085b00000, 0x0000000085b00000| Untracked 
|  84|0x0000000085c00000, 0x0000000085c00000, 0x0000000085d00000|  0%| F|  |TAMS 0x0000000085c00000, 0x0000000085c00000| Untracked 
|  85|0x0000000085d00000, 0x0000000085d00000, 0x0000000085e00000|  0%| F|  |TAMS 0x0000000085d00000, 0x0000000085d00000| Untracked 
|  86|0x0000000085e00000, 0x0000000085e00000, 0x0000000085f00000|  0%| F|  |TAMS 0x0000000085e00000, 0x0000000085e00000| Untracked 
|  87|0x0000000085f00000, 0x0000000085f00000, 0x0000000086000000|  0%| F|  |TAMS 0x0000000085f00000, 0x0000000085f00000| Untracked 
|  88|0x0000000086000000, 0x0000000086000000, 0x0000000086100000|  0%| F|  |TAMS 0x0000000086000000, 0x0000000086000000| Untracked 
|  89|0x0000000086100000, 0x0000000086100000, 0x0000000086200000|  0%| F|  |TAMS 0x0000000086100000, 0x0000000086100000| Untracked 
|  90|0x0000000086200000, 0x0000000086200000, 0x0000000086300000|  0%| F|  |TAMS 0x0000000086200000, 0x0000000086200000| Untracked 
|  91|0x0000000086300000, 0x0000000086300000, 0x0000000086400000|  0%| F|  |TAMS 0x0000000086300000, 0x0000000086300000| Untracked 
|  92|0x0000000086400000, 0x0000000086400000, 0x0000000086500000|  0%| F|  |TAMS 0x0000000086400000, 0x0000000086400000| Untracked 
|  93|0x0000000086500000, 0x0000000086500000, 0x0000000086600000|  0%| F|  |TAMS 0x0000000086500000, 0x0000000086500000| Untracked 
|  94|0x0000000086600000, 0x0000000086600000, 0x0000000086700000|  0%| F|  |TAMS 0x0000000086600000, 0x0000000086600000| Untracked 
|  95|0x0000000086700000, 0x0000000086700000, 0x0000000086800000|  0%| F|  |TAMS 0x0000000086700000, 0x0000000086700000| Untracked 
|  96|0x0000000086800000, 0x0000000086800000, 0x0000000086900000|  0%| F|  |TAMS 0x0000000086800000, 0x0000000086800000| Untracked 
|  97|0x0000000086900000, 0x0000000086900000, 0x0000000086a00000|  0%| F|  |TAMS 0x0000000086900000, 0x0000000086900000| Untracked 
|  98|0x0000000086a00000, 0x0000000086a00000, 0x0000000086b00000|  0%| F|  |TAMS 0x0000000086a00000, 0x0000000086a00000| Untracked 
|  99|0x0000000086b00000, 0x0000000086b00000, 0x0000000086c00000|  0%| F|  |TAMS 0x0000000086b00000, 0x0000000086b00000| Untracked 
| 100|0x0000000086c00000, 0x0000000086c00000, 0x0000000086d00000|  0%| F|  |TAMS 0x0000000086c00000, 0x0000000086c00000| Untracked 
| 101|0x0000000086d00000, 0x0000000086d00000, 0x0000000086e00000|  0%| F|  |TAMS 0x0000000086d00000, 0x0000000086d00000| Untracked 
| 102|0x0000000086e00000, 0x0000000086e00000, 0x0000000086f00000|  0%| F|  |TAMS 0x0000000086e00000, 0x0000000086e00000| Untracked 
| 103|0x0000000086f00000, 0x0000000086f00000, 0x0000000087000000|  0%| F|  |TAMS 0x0000000086f00000, 0x0000000086f00000| Untracked 
| 104|0x0000000087000000, 0x0000000087000000, 0x0000000087100000|  0%| F|  |TAMS 0x0000000087000000, 0x0000000087000000| Untracked 
| 105|0x0000000087100000, 0x0000000087100000, 0x0000000087200000|  0%| F|  |TAMS 0x0000000087100000, 0x0000000087100000| Untracked 
| 106|0x0000000087200000, 0x0000000087200000, 0x0000000087300000|  0%| F|  |TAMS 0x0000000087200000, 0x0000000087200000| Untracked 
| 107|0x0000000087300000, 0x0000000087300000, 0x0000000087400000|  0%| F|  |TAMS 0x0000000087300000, 0x0000000087300000| Untracked 
| 108|0x0000000087400000, 0x0000000087400000, 0x0000000087500000|  0%| F|  |TAMS 0x0000000087400000, 0x0000000087400000| Untracked 
| 109|0x0000000087500000, 0x0000000087500000, 0x0000000087600000|  0%| F|  |TAMS 0x0000000087500000, 0x0000000087500000| Untracked 
| 110|0x0000000087600000, 0x0000000087600000, 0x0000000087700000|  0%| F|  |TAMS 0x0000000087600000, 0x0000000087600000| Untracked 
| 111|0x0000000087700000, 0x0000000087700000, 0x0000000087800000|  0%| F|  |TAMS 0x0000000087700000, 0x0000000087700000| Untracked 
| 112|0x0000000087800000, 0x0000000087800000, 0x0000000087900000|  0%| F|  |TAMS 0x0000000087800000, 0x0000000087800000| Untracked 
| 113|0x0000000087900000, 0x0000000087900000, 0x0000000087a00000|  0%| F|  |TAMS 0x0000000087900000, 0x0000000087900000| Untracked 
| 114|0x0000000087a00000, 0x0000000087a00000, 0x0000000087b00000|  0%| F|  |TAMS 0x0000000087a00000, 0x0000000087a00000| Untracked 
| 115|0x0000000087b00000, 0x0000000087b00000, 0x0000000087c00000|  0%| F|  |TAMS 0x0000000087b00000, 0x0000000087b00000| Untracked 
| 116|0x0000000087c00000, 0x0000000087c00000, 0x0000000087d00000|  0%| F|  |TAMS 0x0000000087c00000, 0x0000000087c00000| Untracked 
| 117|0x0000000087d00000, 0x0000000087d00000, 0x0000000087e00000|  0%| F|  |TAMS 0x0000000087d00000, 0x0000000087d00000| Untracked 
| 118|0x0000000087e00000, 0x0000000087e00000, 0x0000000087f00000|  0%| F|  |TAMS 0x0000000087e00000, 0x0000000087e00000| Untracked 
| 119|0x0000000087f00000, 0x0000000087f00000, 0x0000000088000000|  0%| F|  |TAMS 0x0000000087f00000, 0x0000000087f00000| Untracked 
| 120|0x0000000088000000, 0x0000000088000000, 0x0000000088100000|  0%| F|  |TAMS 0x0000000088000000, 0x0000000088000000| Untracked 
| 121|0x0000000088100000, 0x0000000088100000, 0x0000000088200000|  0%| F|  |TAMS 0x0000000088100000, 0x0000000088100000| Untracked 
| 122|0x0000000088200000, 0x0000000088200000, 0x0000000088300000|  0%| F|  |TAMS 0x0000000088200000, 0x0000000088200000| Untracked 
| 123|0x0000000088300000, 0x0000000088300000, 0x0000000088400000|  0%| F|  |TAMS 0x0000000088300000, 0x0000000088300000| Untracked 
| 124|0x0000000088400000, 0x0000000088400000, 0x0000000088500000|  0%| F|  |TAMS 0x0000000088400000, 0x0000000088400000| Untracked 
| 125|0x0000000088500000, 0x0000000088500000, 0x0000000088600000|  0%| F|  |TAMS 0x0000000088500000, 0x0000000088500000| Untracked 
| 126|0x0000000088600000, 0x0000000088600000, 0x0000000088700000|  0%| F|  |TAMS 0x0000000088600000, 0x0000000088600000| Untracked 
| 127|0x0000000088700000, 0x0000000088700000, 0x0000000088800000|  0%| F|  |TAMS 0x0000000088700000, 0x0000000088700000| Untracked 

Card table byte_map: [0x000002c9ffba0000,0x000002c9fffa0000] _byte_map_base: 0x000002c9ff79c000

Marking Bits (Prev, Next): (CMBitMap*) 0x000002c9f5eae920, (CMBitMap*) 0x000002c9f5eae8e8
 Prev Bits: [0x000002c9913e0000, 0x000002c9933c0000)
 Next Bits: [0x000002c98f400000, 0x000002c9913e0000)

Polling page: 0x000002c9f77a0000

Metaspace:

Usage:
  Non-class:     20.63 MB capacity,    20.19 MB ( 98%) used,   378.09 KB (  2%) free+waste,    74.81 KB ( <1%) overhead. 
      Class:      3.07 MB capacity,     2.75 MB ( 90%) used,   281.06 KB (  9%) free+waste,    39.56 KB (  1%) overhead. 
       Both:     23.69 MB capacity,    22.94 MB ( 97%) used,   659.15 KB (  3%) free+waste,   114.38 KB ( <1%) overhead. 

Virtual space:
  Non-class space:       22.00 MB reserved,      20.67 MB ( 94%) committed 
      Class space:        1.00 GB reserved,       3.13 MB ( <1%) committed 
             Both:        1.02 GB reserved,      23.80 MB (  2%) committed 

Chunk freelists:
   Non-Class:  5.63 KB
       Class:  3.63 KB
        Both:  9.25 KB

CodeHeap 'non-profiled nmethods': size=238912Kb used=4123Kb max_used=4123Kb free=234788Kb
 bounds [0x000002c9806b0000, 0x000002c980ac0000, 0x000002c98f000000]
CodeHeap 'non-nmethods': size=6848Kb used=1111Kb max_used=1111Kb free=5736Kb
 bounds [0x000002c980000000, 0x000002c980270000, 0x000002c9806b0000]
 total_blobs=3155 nmethods=2733 adapters=349
 compilation: enabled
              stopped_count=0, restarted_count=0
 full_count=0

Compilation events (10 events):
Event: 2.408 Thread 0x000002c996597000 2729       1       java.lang.reflect.ProxyGenerator::collectCompatibleTypes (93 bytes)
Event: 2.409 Thread 0x000002c996597000 nmethod 2729 0x000002c980ab5c10 code [0x000002c980ab5dc0, 0x000002c980ab5fa8]
Event: 2.410 Thread 0x000002c996597000 2730       1       org.springframework.beans.factory.support.AbstractBeanDefinition::setDependencyCheck (6 bytes)
Event: 2.410 Thread 0x000002c996597000 nmethod 2730 0x000002c980ab6190 code [0x000002c980ab6320, 0x000002c980ab63d8]
Event: 2.410 Thread 0x000002c996597000 2731       1       org.springframework.beans.factory.support.AbstractBeanDefinition::setInitMethodName (6 bytes)
Event: 2.410 Thread 0x000002c996597000 nmethod 2731 0x000002c980ab6490 code [0x000002c980ab6620, 0x000002c980ab6718]
Event: 2.410 Thread 0x000002c996597000 2732       1       org.springframework.beans.factory.support.AbstractBeanDefinition::setEnforceInitMethod (6 bytes)
Event: 2.410 Thread 0x000002c996597000 nmethod 2732 0x000002c980ab6790 code [0x000002c980ab6920, 0x000002c980ab69d8]
Event: 2.410 Thread 0x000002c996597000 2733       1       org.springframework.beans.factory.support.AbstractBeanDefinition::setEnforceDestroyMethod (6 bytes)
Event: 2.410 Thread 0x000002c996597000 nmethod 2733 0x000002c980ab6a90 code [0x000002c980ab6c20, 0x000002c980ab6cd8]

GC Heap History (9 events):
Event: 0.707 GC heap before
{Heap before GC invocations=0 (full 0):
 garbage-first heap   total 131072K, used 22528K [0x0000000080800000, 0x0000000100000000)
  region size 1024K, 22 young (22528K), 0 survivors (0K)
 Metaspace       used 9694K, capacity 9870K, committed 9984K, reserved 1058816K
  class space    used 945K, capacity 991K, committed 1024K, reserved 1048576K
}
Event: 0.714 GC heap after
{Heap after GC invocations=1 (full 0):
 garbage-first heap   total 131072K, used 7854K [0x0000000080800000, 0x0000000100000000)
  region size 1024K, 3 young (3072K), 3 survivors (3072K)
 Metaspace       used 9694K, capacity 9870K, committed 9984K, reserved 1058816K
  class space    used 945K, capacity 991K, committed 1024K, reserved 1048576K
}
Event: 1.021 GC heap before
{Heap before GC invocations=1 (full 0):
 garbage-first heap   total 131072K, used 25262K [0x0000000080800000, 0x0000000100000000)
  region size 1024K, 20 young (20480K), 3 survivors (3072K)
 Metaspace       used 13052K, capacity 13441K, committed 13568K, reserved 1060864K
  class space    used 1369K, capacity 1490K, committed 1536K, reserved 1048576K
}
Event: 1.025 GC heap after
{Heap after GC invocations=2 (full 0):
 garbage-first heap   total 131072K, used 8902K [0x0000000080800000, 0x0000000100000000)
  region size 1024K, 1 young (1024K), 1 survivors (1024K)
 Metaspace       used 13052K, capacity 13441K, committed 13568K, reserved 1060864K
  class space    used 1369K, capacity 1490K, committed 1536K, reserved 1048576K
}
Event: 1.492 GC heap before
{Heap before GC invocations=2 (full 0):
 garbage-first heap   total 131072K, used 51910K [0x0000000080800000, 0x0000000100000000)
  region size 1024K, 44 young (45056K), 1 survivors (1024K)
 Metaspace       used 19633K, capacity 20286K, committed 20480K, reserved 1067008K
  class space    used 2268K, capacity 2519K, committed 2560K, reserved 1048576K
}
Event: 1.497 GC heap after
{Heap after GC invocations=3 (full 0):
 garbage-first heap   total 131072K, used 10475K [0x0000000080800000, 0x0000000100000000)
  region size 1024K, 3 young (3072K), 3 survivors (3072K)
 Metaspace       used 19633K, capacity 20286K, committed 20480K, reserved 1067008K
  class space    used 2268K, capacity 2519K, committed 2560K, reserved 1048576K
}
Event: 1.592 GC heap before
{Heap before GC invocations=3 (full 0):
 garbage-first heap   total 131072K, used 17643K [0x0000000080800000, 0x0000000100000000)
  region size 1024K, 11 young (11264K), 3 survivors (3072K)
 Metaspace       used 20548K, capacity 21158K, committed 21296K, reserved 1069056K
  class space    used 2384K, capacity 2640K, committed 2688K, reserved 1048576K
}
Event: 1.599 GC heap after
{Heap after GC invocations=4 (full 0):
 garbage-first heap   total 131072K, used 10680K [0x0000000080800000, 0x0000000100000000)
  region size 1024K, 3 young (3072K), 3 survivors (3072K)
 Metaspace       used 20548K, capacity 21158K, committed 21296K, reserved 1069056K
  class space    used 2384K, capacity 2640K, committed 2688K, reserved 1048576K
}
Event: 2.411 GC heap before
{Heap before GC invocations=5 (full 0):
 garbage-first heap   total 131072K, used 65976K [0x0000000080800000, 0x0000000100000000)
  region size 1024K, 57 young (58368K), 3 survivors (3072K)
 Metaspace       used 23488K, capacity 24262K, committed 24368K, reserved 1071104K
  class space    used 2818K, capacity 3139K, committed 3200K, reserved 1048576K
}

Deoptimization events (0 events):
No events

Classes redefined (0 events):
No events

Internal exceptions (10 events):
Event: 1.534 Thread 0x000002c997391800 Exception <a 'java/lang/ClassNotFoundException'{0x00000000885f5970}: org/springframework/beans/factory/AwareCustomizer> (0x00000000885f5970) thrown at [./open/src/hotspot/share/classfile/systemDictionary.cpp, line 226]
Event: 1.535 Thread 0x000002c997391800 Exception <a 'java/lang/ClassNotFoundException'{0x0000000088414358}: org/springframework/context/ApplicationStartupAwareCustomizer> (0x0000000088414358) thrown at [./open/src/hotspot/share/classfile/systemDictionary.cpp, line 226]
Event: 1.536 Thread 0x000002c997391800 Exception <a 'java/lang/ClassNotFoundException'{0x0000000088430a78}: org/springframework/beans/factory/AwareCustomizer> (0x0000000088430a78) thrown at [./open/src/hotspot/share/classfile/systemDictionary.cpp, line 226]
Event: 1.536 Thread 0x000002c997391800 Exception <a 'java/lang/ClassNotFoundException'{0x000000008844f7a0}: org/springframework/beans/factory/BeanClassLoaderAwareCustomizer> (0x000000008844f7a0) thrown at [./open/src/hotspot/share/classfile/systemDictionary.cpp, line 226]
Event: 1.537 Thread 0x000002c997391800 Exception <a 'java/lang/ClassNotFoundException'{0x000000008846bc60}: org/springframework/beans/factory/AwareCustomizer> (0x000000008846bc60) thrown at [./open/src/hotspot/share/classfile/systemDictionary.cpp, line 226]
Event: 1.538 Thread 0x000002c997391800 Exception <a 'java/lang/ClassNotFoundException'{0x0000000088488ae8}: org/springframework/context/EnvironmentAwareCustomizer> (0x0000000088488ae8) thrown at [./open/src/hotspot/share/classfile/systemDictionary.cpp, line 226]
Event: 1.539 Thread 0x000002c997391800 Exception <a 'java/lang/ClassNotFoundException'{0x00000000884a4f20}: org/springframework/beans/factory/AwareCustomizer> (0x00000000884a4f20) thrown at [./open/src/hotspot/share/classfile/systemDictionary.cpp, line 226]
Event: 1.558 Thread 0x000002c997391800 Exception <a 'java/lang/NoSuchMethodError'{0x00000000883fcb18}: java.lang.invoke.DirectMethodHandle$Holder.invokeVirtual(Ljava/lang/Object;Ljava/lang/Object;Ljava/lang/Object;)Ljava/lang/Object;> (0x00000000883fcb18) thrown at [./open/src/hotspot/share/in
Event: 1.843 Thread 0x000002c997391800 Exception <a 'java/lang/IncompatibleClassChangeError'{0x00000000873b9e08}: Found class java.lang.Object, but interface was expected> (0x00000000873b9e08) thrown at [./open/src/hotspot/share/interpreter/linkResolver.cpp, line 838]
Event: 1.873 Thread 0x000002c997391800 Exception <a 'java/lang/NoSuchMethodError'{0x000000008714c030}: java.lang.invoke.DirectMethodHandle$Holder.invokeInterface(Ljava/lang/Object;Ljava/lang/Object;Ljava/lang/Object;Ljava/lang/Object;)V> (0x000000008714c030) thrown at [./open/src/hotspot/share

Events (10 events):
Event: 2.407 loading class org/springframework/boot/web/servlet/filter/OrderedFilter done
Event: 2.407 loading class org/springframework/boot/web/servlet/filter/OrderedHiddenHttpMethodFilter
Event: 2.407 loading class org/springframework/boot/web/servlet/filter/OrderedHiddenHttpMethodFilter done
Event: 2.407 loading class org/springframework/web/filter/HiddenHttpMethodFilter
Event: 2.407 loading class org/springframework/web/filter/HiddenHttpMethodFilter done
Event: 2.409 loading class org/springframework/boot/autoconfigure/aop/AopAutoConfiguration$AspectJAutoProxyingConfiguration$CglibAutoProxyConfiguration
Event: 2.409 loading class org/springframework/boot/autoconfigure/aop/AopAutoConfiguration$AspectJAutoProxyingConfiguration$CglibAutoProxyConfiguration done
Event: 2.410 loading class org/springframework/boot/autoconfigure/aop/AopAutoConfiguration$AspectJAutoProxyingConfiguration
Event: 2.410 loading class org/springframework/boot/autoconfigure/aop/AopAutoConfiguration$AspectJAutoProxyingConfiguration done
Event: 2.411 Executing VM operation: G1CollectForAllocation


Dynamic libraries:
0x00007ff7d5d60000 - 0x00007ff7d5d6f000 	C:\Program Files\Java\jdk-11.0.17\bin\java.exe
0x00007ffde1cb0000 - 0x00007ffde1ea8000 	C:\Windows\SYSTEM32\ntdll.dll
0x00007ffde05c0000 - 0x00007ffde067f000 	C:\Windows\System32\KERNEL32.DLL
0x00007ffddf3a0000 - 0x00007ffddf672000 	C:\Windows\System32\KERNELBASE.dll
0x00007ffddfac0000 - 0x00007ffddfbc0000 	C:\Windows\System32\ucrtbase.dll
0x00007ffdc48c0000 - 0x00007ffdc48d8000 	C:\Program Files\Java\jdk-11.0.17\bin\jli.dll
0x00007ffdc0410000 - 0x00007ffdc0425000 	C:\Program Files\Java\jdk-11.0.17\bin\VCRUNTIME140.dll
0x00007ffde1700000 - 0x00007ffde17ae000 	C:\Windows\System32\ADVAPI32.dll
0x00007ffde1a50000 - 0x00007ffde1aee000 	C:\Windows\System32\msvcrt.dll
0x00007ffde1380000 - 0x00007ffde141c000 	C:\Windows\System32\sechost.dll
0x00007ffde0170000 - 0x00007ffde0295000 	C:\Windows\System32\RPCRT4.dll
0x00007ffde02a0000 - 0x00007ffde0441000 	C:\Windows\System32\USER32.dll
0x00007ffddf980000 - 0x00007ffddf9a2000 	C:\Windows\System32\win32u.dll
0x00007ffdc90b0000 - 0x00007ffdc934a000 	C:\Windows\WinSxS\amd64_microsoft.windows.common-controls_6595b64144ccf1df_6.0.19041.1110_none_60b5254171f9507e\COMCTL32.dll
0x00007ffddfcf0000 - 0x00007ffddfd1b000 	C:\Windows\System32\GDI32.dll
0x00007ffddf680000 - 0x00007ffddf78f000 	C:\Windows\System32\gdi32full.dll
0x00007ffddf9b0000 - 0x00007ffddfa4d000 	C:\Windows\System32\msvcp_win.dll
0x00007ffdd9490000 - 0x00007ffdd949a000 	C:\Windows\SYSTEM32\VERSION.dll
0x00007ffde0570000 - 0x00007ffde05a2000 	C:\Windows\System32\IMM32.DLL
0x00007ffdaa240000 - 0x00007ffdaa2db000 	C:\Program Files\Java\jdk-11.0.17\bin\msvcp140.dll
0x00007ffd66250000 - 0x00007ffd66d6a000 	C:\Program Files\Java\jdk-11.0.17\bin\server\jvm.dll
0x00007ffde1c00000 - 0x00007ffde1c08000 	C:\Windows\System32\PSAPI.DLL
0x00007ffdc6b40000 - 0x00007ffdc6b49000 	C:\Windows\SYSTEM32\WSOCK32.dll
0x00007ffdd3ba0000 - 0x00007ffdd3bc7000 	C:\Windows\SYSTEM32\WINMM.dll
0x00007ffddfd40000 - 0x00007ffddfdab000 	C:\Windows\System32\WS2_32.dll
0x00007ffddd240000 - 0x00007ffddd252000 	C:\Windows\SYSTEM32\kernel.appcore.dll
0x00007ffdcad20000 - 0x00007ffdcad30000 	C:\Program Files\Java\jdk-11.0.17\bin\verify.dll
0x00007ffdcd040000 - 0x00007ffdcd224000 	C:\Windows\SYSTEM32\DBGHELP.DLL
0x00007ffdc87e0000 - 0x00007ffdc8815000 	C:\Windows\SYSTEM32\dbgcore.DLL
0x00007ffddf8f0000 - 0x00007ffddf972000 	C:\Windows\System32\bcryptPrimitives.dll
0x00007ffdbd390000 - 0x00007ffdbd3b8000 	C:\Program Files\Java\jdk-11.0.17\bin\java.dll
0x00007ffdc9d50000 - 0x00007ffdc9d5a000 	C:\Program Files\Java\jdk-11.0.17\bin\jimage.dll
0x00007ffdbfcd0000 - 0x00007ffdbfce6000 	C:\Program Files\Java\jdk-11.0.17\bin\zip.dll
0x00007ffde0680000 - 0x00007ffde0dc4000 	C:\Windows\System32\SHELL32.dll
0x00007ffddd440000 - 0x00007ffdddbd2000 	C:\Windows\SYSTEM32\windows.storage.dll
0x00007ffddfdb0000 - 0x00007ffde0105000 	C:\Windows\System32\combase.dll
0x00007ffddec40000 - 0x00007ffddec70000 	C:\Windows\SYSTEM32\Wldp.dll
0x00007ffde1b50000 - 0x00007ffde1bfd000 	C:\Windows\System32\SHCORE.dll
0x00007ffde1af0000 - 0x00007ffde1b45000 	C:\Windows\System32\shlwapi.dll
0x00007ffddf2e0000 - 0x00007ffddf2ff000 	C:\Windows\SYSTEM32\profapi.dll
0x00007ffdbf800000 - 0x00007ffdbf819000 	C:\Program Files\Java\jdk-11.0.17\bin\net.dll
0x00007ffdd9bc0000 - 0x00007ffdd9ccc000 	C:\Windows\SYSTEM32\WINHTTP.dll
0x00007ffddea20000 - 0x00007ffddea8a000 	C:\Windows\system32\mswsock.dll
0x00007ffdbf450000 - 0x00007ffdbf462000 	C:\Program Files\Java\jdk-11.0.17\bin\nio.dll
0x00007ffdc8cd0000 - 0x00007ffdc8cd9000 	C:\Program Files\Java\jdk-11.0.17\bin\management.dll
0x00007ffdc6f80000 - 0x00007ffdc6f8b000 	C:\Program Files\Java\jdk-11.0.17\bin\management_ext.dll
0x00007ffdbea30000 - 0x00007ffdbea47000 	C:\Windows\system32\napinsp.dll
0x00007ffdbea10000 - 0x00007ffdbea2b000 	C:\Windows\system32\pnrpnsp.dll
0x00007ffdbe9f0000 - 0x00007ffdbea05000 	C:\Windows\system32\wshbth.dll
0x00007ffddae40000 - 0x00007ffddae5d000 	C:\Windows\system32\NLAapi.dll
0x00007ffdde730000 - 0x00007ffdde76b000 	C:\Windows\SYSTEM32\IPHLPAPI.DLL
0x00007ffdde770000 - 0x00007ffdde83a000 	C:\Windows\SYSTEM32\DNSAPI.dll
0x00007ffde05b0000 - 0x00007ffde05b8000 	C:\Windows\System32\NSI.dll
0x00007ffdbe9d0000 - 0x00007ffdbe9e2000 	C:\Windows\System32\winrnr.dll
0x00007ffdd7710000 - 0x00007ffdd771a000 	C:\Windows\System32\rasadhlp.dll
0x00007ffdd7180000 - 0x00007ffdd7200000 	C:\Windows\System32\fwpuclnt.dll
0x00007ffddfc70000 - 0x00007ffddfc97000 	C:\Windows\System32\bcrypt.dll

dbghelp: loaded successfully - version: 4.0.5 - missing functions: none
symbol engine: initialized successfully - sym options: 0x614 - pdb path: .;C:\Program Files\Java\jdk-11.0.17\bin;C:\Windows\SYSTEM32;C:\Windows\WinSxS\amd64_microsoft.windows.common-controls_6595b64144ccf1df_6.0.19041.1110_none_60b5254171f9507e;C:\Program Files\Java\jdk-11.0.17\bin\server

VM Arguments:
jvm_args: -Xverify:none -XX:TieredStopAtLevel=1 -Dfile.encoding=windows-1252 -Duser.country=AR -Duser.language=es -Duser.variant 
java_command: com.techtitans.ecommerce.EcommerceApplication
java_class_path (initial): D:\WorkSpace\WorkSpace-MindHub\Challenge-techTitans\techtitans\build\classes\java\main;D:\WorkSpace\WorkSpace-MindHub\Challenge-techTitans\techtitans\build\resources\main;C:\Users\Pedro\.gradle\caches\modules-2\files-2.1\org.springframework.boot\spring-boot-devtools\2.7.5\e8510bace48b6a516515aa140cdfd758ad5a47c\spring-boot-devtools-2.7.5.jar;C:\Users\Pedro\.gradle\caches\modules-2\files-2.1\com.mercadopago\dx-java\1.8.0\521849b0c97903b08fa4109eb67dbcbc4175360a\dx-java-1.8.0.jar;C:\Users\Pedro\.gradle\caches\modules-2\files-2.1\com.h2database\h2\2.1.214\d5c2005c9e3279201e12d4776c948578b16bf8b2\h2-2.1.214.jar;C:\Users\Pedro\.gradle\caches\modules-2\files-2.1\org.springframework.boot\spring-boot-autoconfigure\2.7.5\96646e63a2296d0a3209383e81cdb8c87ab2f913\spring-boot-autoconfigure-2.7.5.jar;C:\Users\Pedro\.gradle\caches\modules-2\files-2.1\org.springframework.boot\spring-boot\2.7.5\fd04e228e6e21b7ad13c10ae29afd31868d842e5\spring-boot-2.7.5.jar;C:\Users\Pedro\.gradle\caches\modules-2\files-2.1\jakarta.transaction\jakarta.transaction-api\1.3.3\c4179d48720a1e87202115fbed6089bdc4195405\jakarta.transaction-api-1.3.3.jar;C:\Users\Pedro\.gradle\caches\modules-2\files-2.1\jakarta.persistence\jakarta.persistence-api\2.2.3\8f6ea5daedc614f07a3654a455660145286f024e\jakarta.persistence-api-2.2.3.jar;C:\Users\Pedro\.gradle\caches\modules-2\files-2.1\org.hibernate\hibernate-core\5.6.12.Final\66720fe38bdb9515924d559b8aac7b522d7ae171\hibernate-core-5.6.12.Final.jar;C:\Users\Pedro\.gradle\caches\modules-2\files-2.1\org.springframework.data\spring-data-jpa\2.7.5\dc0bb497a33fcd3f82fe0ccfd674476d93889b3d\spring-data-jpa-2.7.5.jar;C:\Users\Pedro\.gradle\caches\modules-2\files-2.1\org.springframework\spring-aspects\5.3.23\35a0f5df4241f794fd79dd2447195ac055e88b8e\spring-aspects-5.3.23.jar;C:\Users\Pedro\.gradle\caches\modules-2\files-2.1\org.springframework.data\spring-data-rest-webmvc\3.7.5\ea6e7837b2623257f823558821b48618b0dfa169\spring-data-rest-webmvc-3.7.5.ja
Launcher Type: SUN_STANDARD

[Global flags]
     bool BytecodeVerificationLocal                = false                                     {product} {command line}
     bool BytecodeVerificationRemote               = false                                     {product} {command line}
     intx CICompilerCount                          = 3                                         {product} {ergonomic}
     uint ConcGCThreads                            = 2                                         {product} {ergonomic}
     uint G1ConcRefinementThreads                  = 6                                         {product} {ergonomic}
   size_t G1HeapRegionSize                         = 1048576                                   {product} {ergonomic}
    uintx GCDrainStackTargetSize                   = 64                                        {product} {ergonomic}
   size_t InitialHeapSize                          = 134217728                                 {product} {ergonomic}
   size_t MarkStackSize                            = 4194304                                   {product} {ergonomic}
   size_t MaxHeapSize                              = 2139095040                                {product} {ergonomic}
   size_t MaxNewSize                               = 1283457024                                {product} {ergonomic}
   size_t MinHeapDeltaBytes                        = 1048576                                   {product} {ergonomic}
    uintx NonNMethodCodeHeapSize                   = 6973028                                {pd product} {ergonomic}
    uintx NonProfiledCodeHeapSize                  = 244685212                              {pd product} {ergonomic}
    uintx ProfiledCodeHeapSize                     = 0                                      {pd product} {ergonomic}
    uintx ReservedCodeCacheSize                    = 251658240                              {pd product} {ergonomic}
     bool SegmentedCodeCache                       = true                                      {product} {ergonomic}
     intx TieredStopAtLevel                        = 1                                         {product} {command line}
     bool UseCompressedClassPointers               = true                                 {lp64_product} {ergonomic}
     bool UseCompressedOops                        = true                                 {lp64_product} {ergonomic}
     bool UseG1GC                                  = true                                      {product} {ergonomic}
     bool UseLargePagesIndividualAllocation        = false                                  {pd product} {ergonomic}

Logging:
Log output configuration:
 #0: stdout all=warning uptime,level,tags
 #1: stderr all=off uptime,level,tags

Environment Variables:
JAVA_HOME=C:\Program Files\Java\jdk-11.0.17
PATH=C:\Program Files\Eclipse Adoptium\jdk-11.0.16.101-hotspot\bin;C:\Program Files\Eclipse Adoptium\jdk-8.0.345.1-hotspot\bin;C:\Program Files (x86)\Common Files\Oracle\Java\javapath;C:\Windows\system32;C:\Windows;C:\Windows\System32\Wbem;C:\Windows\System32\WindowsPowerShell\v1.0\;C:\Windows\System32\OpenSSH\;C:\Program Files (x86)\NVIDIA Corporation\PhysX\Common;C:\Program Files\NVIDIA Corporation\NVIDIA NvDLISR;C:\Program Files\nodejs\;C:\Program Files\Git\cmd;C:\Program Files\Docker\Docker\resources\bin;C:\Users\Pedro\AppData\Local\Programs\Python\Python310\Scripts\;C:\Users\Pedro\AppData\Local\Programs\Python\Python310\;C:\Program Files\MySQL\MySQL Shell 8.0\bin\;C:\Users\Pedro\AppData\Local\Microsoft\WindowsApps;C:\Users\Pedro\AppData\Roaming\npm;C:\Users\Pedro\AppData\Local\Programs\Microsoft VS Code\bin;C:\Users\Pedro\AppData\Local\GitHubDesktop\bin;C:\Program Files\heroku\bin;C:\Program Files\Java\jdk-11.0.17\bin;C:\Program Files\Java\jdk-11.0.17\gradle-7.6\bin;
USERNAME=Pedro
OS=Windows_NT
PROCESSOR_IDENTIFIER=AMD64 Family 21 Model 2 Stepping 0, AuthenticAMD



---------------  S Y S T E M  ---------------

OS: Windows 10 , 64 bit Build 19041 (10.0.19041.2364)
Hyper-V role detected

CPU:total 6 (initial active 6) (6 cores per cpu, 1 threads per core) family 21 model 2 stepping 0 microcode 0x0, cmov, cx8, fxsr, mmx, sse, sse2, sse3, ssse3, sse4.1, sse4.2, popcnt, avx, aes, clmul, mmxext, 3dnowpref, lzcnt, sse4a, tsc, tscinvbit, tscinv, bmi1, fma

Memory: 4k page, system-wide physical 8158M (536M free)
TotalPageFile size 12158M (AvailPageFile size 24M)
current process WorkingSet (physical memory assigned to process): 138M, peak: 138M
current process commit charge ("private bytes"): 237M, peak: 263M

vm_info: Java HotSpot(TM) 64-Bit Server VM (11.0.17+10-LTS-269) for windows-amd64 JRE (11.0.17+10-LTS-269), built on Sep 13 2022 19:26:37 by "mach5one" with MS VC++ 15.9 (VS2017)

END.
