#
# There is insufficient memory for the Java Runtime Environment to continue.
# Native memory allocation (malloc) failed to allocate 816976 bytes for Chunk::new
# Possible reasons:
#   The system is out of physical RAM or swap space
#   The process is running with CompressedOops enabled, and the Java Heap may be blocking the growth of the native heap
# Possible solutions:
#   Reduce memory load on the system
#   Increase physical memory or swap space
#   Check if swap backing store is full
#   Decrease Java heap size (-Xmx/-Xms)
#   Decrease number of Java threads
#   Decrease Java thread stack sizes (-Xss)
#   Set larger code cache with -XX:ReservedCodeCacheSize=
#   JVM is running with Unscaled Compressed Oops mode in which the Java heap is
#     placed in the first 4GB address space. The Java Heap base address is the
#     maximum limit for the native heap growth. Please use -XX:HeapBaseMinAddress
#     to set the Java Heap base and to place the Java Heap above 4GB virtual address.
# This output file may be truncated or incomplete.
#
#  Out of Memory Error (./open/src/hotspot/share/memory/arena.cpp:197), pid=11448, tid=13180
#
# JRE version: Java(TM) SE Runtime Environment 18.9 (11.0.17+10) (build 11.0.17+10-LTS-269)
# Java VM: Java HotSpot(TM) 64-Bit Server VM 18.9 (11.0.17+10-LTS-269, mixed mode, tiered, compressed oops, g1 gc, windows-amd64)
# No core dump will be written. Minidumps are not enabled by default on client versions of Windows
#

---------------  S U M M A R Y ------------

Command Line: --add-opens=java.base/java.util=ALL-UNNAMED --add-opens=java.base/java.lang=ALL-UNNAMED --add-opens=java.base/java.lang.invoke=ALL-UNNAMED --add-opens=java.prefs/java.util.prefs=ALL-UNNAMED --add-opens=java.base/java.nio.charset=ALL-UNNAMED --add-opens=java.base/java.net=ALL-UNNAMED --add-opens=java.base/java.util.concurrent.atomic=ALL-UNNAMED -XX:MaxMetaspaceSize=256m -XX:+HeapDumpOnOutOfMemoryError -Xms256m -Xmx512m -Dfile.encoding=windows-1252 -Duser.country=AR -Duser.language=es -Duser.variant org.gradle.launcher.daemon.bootstrap.GradleDaemon 7.6

Host: AMD FX(tm)-6300 Six-Core Processor             , 6 cores, 7G,  Windows 10 , 64 bit Build 19041 (10.0.19041.2364)
Time: Thu Feb  2 14:07:52 2023 Hora estándar de Argentina elapsed time: 98.985333 seconds (0d 0h 1m 38s)

---------------  T H R E A D  ---------------

Current thread (0x000002056493f800):  JavaThread "C2 CompilerThread0" daemon [_thread_in_native, id=13180, stack(0x000000ea89900000,0x000000ea89a00000)]


Current CompileTask:
C2:  98985 13306       4       org.gradle.internal.event.AbstractBroadcastDispatch::dispatch (65 bytes)

Stack: [0x000000ea89900000,0x000000ea89a00000]
Native frames: (J=compiled Java code, j=interpreted, Vv=VM code, C=native code)
V  [jvm.dll+0x62b5da]
V  [jvm.dll+0x7653df]
V  [jvm.dll+0x766a89]
V  [jvm.dll+0x767113]
V  [jvm.dll+0x23dd28]
V  [jvm.dll+0xb2a1c]
V  [jvm.dll+0xb2fdc]
V  [jvm.dll+0x341552]
V  [jvm.dll+0x30ef13]
V  [jvm.dll+0x30e25a]
V  [jvm.dll+0x1f8733]
V  [jvm.dll+0x1f78fd]
V  [jvm.dll+0x177c91]
V  [jvm.dll+0x207296]
V  [jvm.dll+0x20542b]
V  [jvm.dll+0x72b2c0]
V  [jvm.dll+0x723e64]
V  [jvm.dll+0x62a485]
C  [ucrtbase.dll+0x21bb2]
C  [KERNEL32.DLL+0x17614]
C  [ntdll.dll+0x526a1]


---------------  P R O C E S S  ---------------

Threads class SMR info:
_java_thread_list=0x0000020568883690, length=107, elements={
0x000002054a60a800, 0x0000020564925800, 0x000002056491b800, 0x0000020564936800,
0x0000020564937000, 0x0000020564939000, 0x000002056493f800, 0x0000020564945000,
0x000002056494c000, 0x000002056540e800, 0x0000020566b9d800, 0x00000205672ff800,
0x00000205679e2000, 0x000002056781b000, 0x0000020566753000, 0x0000020566755000,
0x00000205676b9800, 0x0000020566172800, 0x0000020567c49800, 0x0000020567c47000,
0x0000020567c47800, 0x0000020567c4a000, 0x0000020567c44800, 0x0000020567c4b000,
0x0000020567c45800, 0x0000020567c46000, 0x0000020567c48800, 0x0000020568556800,
0x000002056855b000, 0x000002056855a800, 0x0000020568558800, 0x0000020568555800,
0x000002056855c000, 0x0000020568559800, 0x000002056855d000, 0x0000020568558000,
0x0000020568561800, 0x000002056855d800, 0x0000020568564000, 0x0000020568562800,
0x000002056855e800, 0x0000020568563800, 0x000002056855f800, 0x0000020568560000,
0x000002056905a000, 0x000002056905b000, 0x000002056905e000, 0x000002056905c800,
0x0000020569059000, 0x000002056905f800, 0x000002056905d000, 0x000002056905f000,
0x0000020569060800, 0x0000020569061800, 0x000002056905b800, 0x0000020569064800,
0x0000020569065800, 0x0000020569062000, 0x0000020569067000, 0x0000020569068000,
0x0000020569063000, 0x000002056a7ce000, 0x000002056a7d0000, 0x000002056a7ce800,
0x000002056a7d1000, 0x000002056a7d2000, 0x000002056a7cc000, 0x000002056a7cf800,
0x000002056a7d2800, 0x000002056a7cd000, 0x000002056a7d4800, 0x000002056a7d5000,
0x000002056a7d6000, 0x000002056a7d7000, 0x000002056a7d8800, 0x000002056a7d9000,
0x000002056a7d7800, 0x000002056a7d3800, 0x000002056a7da000, 0x000002056a7db000,
0x00000205688ac800, 0x00000205688ac000, 0x00000205688b3800, 0x00000205688ad800,
0x00000205688b0000, 0x00000205688b4000, 0x00000205688ae800, 0x00000205688b1800,
0x00000205688b5000, 0x00000205688af000, 0x00000205688b5800, 0x00000205688b2800,
0x00000205688b1000, 0x00000205688b6800, 0x00000205688b8000, 0x00000205688b7800,
0x00000205688ba000, 0x00000205688b9000, 0x00000205688ba800, 0x000002056cc66000,
0x000002056cc61000, 0x000002056cc67000, 0x000002056cc62000, 0x000002056cc67800,
0x000002056cc64800, 0x000002056cc68800, 0x000002056cc63000
}

Java Threads: ( => current thread )
  0x000002054a60a800 JavaThread "main" [_thread_blocked, id=8984, stack(0x000000ea88d00000,0x000000ea88e00000)]
  0x0000020564925800 JavaThread "Reference Handler" daemon [_thread_blocked, id=3368, stack(0x000000ea89400000,0x000000ea89500000)]
  0x000002056491b800 JavaThread "Finalizer" daemon [_thread_blocked, id=10672, stack(0x000000ea89500000,0x000000ea89600000)]
  0x0000020564936800 JavaThread "Signal Dispatcher" daemon [_thread_blocked, id=10164, stack(0x000000ea89600000,0x000000ea89700000)]
  0x0000020564937000 JavaThread "Attach Listener" daemon [_thread_blocked, id=2380, stack(0x000000ea89700000,0x000000ea89800000)]
  0x0000020564939000 JavaThread "Service Thread" daemon [_thread_blocked, id=10096, stack(0x000000ea89800000,0x000000ea89900000)]
=>0x000002056493f800 JavaThread "C2 CompilerThread0" daemon [_thread_in_native, id=13180, stack(0x000000ea89900000,0x000000ea89a00000)]
  0x0000020564945000 JavaThread "C1 CompilerThread0" daemon [_thread_blocked, id=9564, stack(0x000000ea89a00000,0x000000ea89b00000)]
  0x000002056494c000 JavaThread "Sweeper thread" daemon [_thread_blocked, id=6528, stack(0x000000ea89b00000,0x000000ea89c00000)]
  0x000002056540e800 JavaThread "Common-Cleaner" daemon [_thread_blocked, id=7300, stack(0x000000ea89c00000,0x000000ea89d00000)]
  0x0000020566b9d800 JavaThread "Daemon health stats" [_thread_blocked, id=13524, stack(0x000000ea8a400000,0x000000ea8a500000)]
  0x00000205672ff800 JavaThread "Incoming local TCP Connector on port 62199" [_thread_in_native, id=6584, stack(0x000000ea8a500000,0x000000ea8a600000)]
  0x00000205679e2000 JavaThread "Daemon periodic checks" [_thread_blocked, id=6984, stack(0x000000ea8a600000,0x000000ea8a700000)]
  0x000002056781b000 JavaThread "Daemon" [_thread_blocked, id=13988, stack(0x000000ea8a700000,0x000000ea8a800000)]
  0x0000020566753000 JavaThread "Handler for socket connection from /127.0.0.1:62199 to /127.0.0.1:62200" [_thread_in_native, id=1548, stack(0x000000ea8a800000,0x000000ea8a900000)]
  0x0000020566755000 JavaThread "Cancel handler" [_thread_blocked, id=10252, stack(0x000000ea8a900000,0x000000ea8aa00000)]
  0x00000205676b9800 JavaThread "Daemon worker" [_thread_in_native, id=11548, stack(0x000000ea8aa00000,0x000000ea8ab00000)]
  0x0000020566172800 JavaThread "Asynchronous log dispatcher for DefaultDaemonConnection: socket connection from /127.0.0.1:62199 to /127.0.0.1:62200" [_thread_blocked, id=5804, stack(0x000000ea8ab00000,0x000000ea8ac00000)]
  0x0000020567c49800 JavaThread "Daemon client event forwarder" [_thread_blocked, id=11456, stack(0x000000ea8ad00000,0x000000ea8ae00000)]
  0x0000020567c47000 JavaThread "Cache worker for journal cache (C:\Users\Pedro\.gradle\caches\journal-1)" [_thread_blocked, id=4336, stack(0x000000ea8ae00000,0x000000ea8af00000)]
  0x0000020567c47800 JavaThread "File lock request listener" [_thread_in_native, id=4588, stack(0x000000ea8af00000,0x000000ea8b000000)]
  0x0000020567c4a000 JavaThread "Cache worker for file hash cache (C:\Users\Pedro\.gradle\caches\7.6\fileHashes)" [_thread_blocked, id=2160, stack(0x000000ea8b000000,0x000000ea8b100000)]
  0x0000020567c44800 JavaThread "File watcher server" daemon [_thread_in_native, id=8964, stack(0x000000ea8b100000,0x000000ea8b200000)]
  0x0000020567c4b000 JavaThread "File watcher consumer" daemon [_thread_blocked, id=3476, stack(0x000000ea8b200000,0x000000ea8b300000)]
  0x0000020567c45800 JavaThread "jar transforms" [_thread_blocked, id=11992, stack(0x000000ea8b400000,0x000000ea8b500000)]
  0x0000020567c46000 JavaThread "jar transforms Thread 2" [_thread_blocked, id=13948, stack(0x000000ea8b500000,0x000000ea8b600000)]
  0x0000020567c48800 JavaThread "jar transforms Thread 3" [_thread_blocked, id=5536, stack(0x000000ea8b600000,0x000000ea8b700000)]
  0x0000020568556800 JavaThread "jar transforms Thread 4" [_thread_blocked, id=2684, stack(0x000000ea8b700000,0x000000ea8b800000)]
  0x000002056855b000 JavaThread "jar transforms Thread 5" [_thread_blocked, id=10012, stack(0x000000ea8b800000,0x000000ea8b900000)]
  0x000002056855a800 JavaThread "jar transforms Thread 6" [_thread_blocked, id=140, stack(0x000000ea8b900000,0x000000ea8ba00000)]
  0x0000020568558800 JavaThread "Cache worker for checksums cache (D:\WorkSpace\WorkSpace-MindHub\Challenge-techTitans\techtitans\.gradle\7.6\checksums)" [_thread_blocked, id=6460, stack(0x000000ea8ba00000,0x000000ea8bb00000)]
  0x0000020568555800 JavaThread "Cache worker for cache directory md-rule (C:\Users\Pedro\.gradle\caches\7.6\md-rule)" [_thread_blocked, id=15184, stack(0x000000ea8bb00000,0x000000ea8bc00000)]
  0x000002056855c000 JavaThread "Cache worker for file content cache (C:\Users\Pedro\.gradle\caches\7.6\fileContent)" [_thread_blocked, id=9496, stack(0x000000ea8bc00000,0x000000ea8bd00000)]
  0x0000020568559800 JavaThread "Cache worker for file hash cache (D:\WorkSpace\WorkSpace-MindHub\Challenge-techTitans\techtitans\.gradle\7.6\fileHashes)" [_thread_blocked, id=13048, stack(0x000000ea8bd00000,0x000000ea8be00000)]
  0x000002056855d000 JavaThread "Cache worker for cache directory md-supplier (C:\Users\Pedro\.gradle\caches\7.6\md-supplier)" [_thread_blocked, id=1464, stack(0x000000ea8be00000,0x000000ea8bf00000)]
  0x0000020568558000 JavaThread "Cache worker for execution history cache (C:\Users\Pedro\.gradle\caches\7.6\executionHistory)" [_thread_blocked, id=13940, stack(0x000000ea8bf00000,0x000000ea8c000000)]
  0x0000020568561800 JavaThread "Cache worker for dependencies-accessors (D:\WorkSpace\WorkSpace-MindHub\Challenge-techTitans\techtitans\.gradle\7.6\dependencies-accessors)" [_thread_blocked, id=3640, stack(0x000000ea8c000000,0x000000ea8c100000)]
  0x000002056855d800 JavaThread "Cache worker for Build Output Cleanup Cache (D:\WorkSpace\WorkSpace-MindHub\Challenge-techTitans\techtitans\.gradle\buildOutputCleanup)" [_thread_blocked, id=15136, stack(0x000000ea8c100000,0x000000ea8c200000)]
  0x0000020568564000 JavaThread "Unconstrained build operations" [_thread_blocked, id=9752, stack(0x000000ea8c200000,0x000000ea8c300000)]
  0x0000020568562800 JavaThread "Unconstrained build operations Thread 2" [_thread_blocked, id=10496, stack(0x000000ea8c300000,0x000000ea8c400000)]
  0x000002056855e800 JavaThread "Unconstrained build operations Thread 3" [_thread_blocked, id=13564, stack(0x000000ea8c400000,0x000000ea8c500000)]
  0x0000020568563800 JavaThread "Unconstrained build operations Thread 4" [_thread_blocked, id=8620, stack(0x000000ea8c500000,0x000000ea8c600000)]
  0x000002056855f800 JavaThread "Unconstrained build operations Thread 5" [_thread_blocked, id=8016, stack(0x000000ea8c600000,0x000000ea8c700000)]
  0x0000020568560000 JavaThread "Unconstrained build operations Thread 6" [_thread_blocked, id=12620, stack(0x000000ea8c700000,0x000000ea8c800000)]
  0x000002056905a000 JavaThread "Unconstrained build operations Thread 7" [_thread_blocked, id=1596, stack(0x000000ea8c800000,0x000000ea8c900000)]
  0x000002056905b000 JavaThread "Unconstrained build operations Thread 8" [_thread_blocked, id=5136, stack(0x000000ea8c900000,0x000000ea8ca00000)]
  0x000002056905e000 JavaThread "Unconstrained build operations Thread 9" [_thread_blocked, id=12384, stack(0x000000ea8ca00000,0x000000ea8cb00000)]
  0x000002056905c800 JavaThread "Unconstrained build operations Thread 10" [_thread_blocked, id=14868, stack(0x000000ea8cb00000,0x000000ea8cc00000)]
  0x0000020569059000 JavaThread "Unconstrained build operations Thread 11" [_thread_blocked, id=1276, stack(0x000000ea8cc00000,0x000000ea8cd00000)]
  0x000002056905f800 JavaThread "Unconstrained build operations Thread 12" [_thread_blocked, id=5472, stack(0x000000ea8cd00000,0x000000ea8ce00000)]
  0x000002056905d000 JavaThread "Unconstrained build operations Thread 13" [_thread_blocked, id=10320, stack(0x000000ea8ce00000,0x000000ea8cf00000)]
  0x000002056905f000 JavaThread "Unconstrained build operations Thread 14" [_thread_blocked, id=7452, stack(0x000000ea8cf00000,0x000000ea8d000000)]
  0x0000020569060800 JavaThread "Unconstrained build operations Thread 15" [_thread_blocked, id=5480, stack(0x000000ea8d000000,0x000000ea8d100000)]
  0x0000020569061800 JavaThread "Unconstrained build operations Thread 16" [_thread_blocked, id=9164, stack(0x000000ea8d100000,0x000000ea8d200000)]
  0x000002056905b800 JavaThread "Unconstrained build operations Thread 17" [_thread_blocked, id=14240, stack(0x000000ea8d200000,0x000000ea8d300000)]
  0x0000020569064800 JavaThread "Unconstrained build operations Thread 18" [_thread_blocked, id=7388, stack(0x000000ea8d300000,0x000000ea8d400000)]
  0x0000020569065800 JavaThread "Memory manager" [_thread_blocked, id=14896, stack(0x000000ea8d400000,0x000000ea8d500000)]
  0x0000020569062000 JavaThread "Execution worker" [_thread_blocked, id=12328, stack(0x000000ea8d600000,0x000000ea8d700000)]
  0x0000020569067000 JavaThread "Execution worker Thread 2" [_thread_blocked, id=14616, stack(0x000000ea8d700000,0x000000ea8d800000)]
  0x0000020569068000 JavaThread "Execution worker Thread 3" [_thread_blocked, id=3976, stack(0x000000ea8d800000,0x000000ea8d900000)]
  0x0000020569063000 JavaThread "Execution worker Thread 4" [_thread_blocked, id=12772, stack(0x000000ea8d900000,0x000000ea8da00000)]
  0x000002056a7ce000 JavaThread "Execution worker Thread 5" [_thread_blocked, id=14124, stack(0x000000ea8da00000,0x000000ea8db00000)]
  0x000002056a7d0000 JavaThread "Cache worker for execution history cache (D:\WorkSpace\WorkSpace-MindHub\Challenge-techTitans\techtitans\.gradle\7.6\executionHistory)" [_thread_blocked, id=6840, stack(0x000000ea8db00000,0x000000ea8dc00000)]
  0x000002056a7ce800 JavaThread "idea-tooling-model-converter" [_thread_blocked, id=1220, stack(0x000000ea8dc00000,0x000000ea8dd00000)]
  0x000002056a7d1000 JavaThread "Unconstrained build operations Thread 19" [_thread_blocked, id=9644, stack(0x000000ea8dd00000,0x000000ea8de00000)]
  0x000002056a7d2000 JavaThread "Unconstrained build operations Thread 20" [_thread_blocked, id=2740, stack(0x000000ea8de00000,0x000000ea8df00000)]
  0x000002056a7cc000 JavaThread "Unconstrained build operations Thread 21" [_thread_blocked, id=13436, stack(0x000000ea8df00000,0x000000ea8e000000)]
  0x000002056a7cf800 JavaThread "Unconstrained build operations Thread 22" [_thread_blocked, id=14032, stack(0x000000ea8e000000,0x000000ea8e100000)]
  0x000002056a7d2800 JavaThread "Unconstrained build operations Thread 23" [_thread_blocked, id=2816, stack(0x000000ea8e100000,0x000000ea8e200000)]
  0x000002056a7cd000 JavaThread "Unconstrained build operations Thread 24" [_thread_blocked, id=1788, stack(0x000000ea8e200000,0x000000ea8e300000)]
  0x000002056a7d4800 JavaThread "Unconstrained build operations Thread 25" [_thread_blocked, id=5460, stack(0x000000ea8e300000,0x000000ea8e400000)]
  0x000002056a7d5000 JavaThread "Unconstrained build operations Thread 26" [_thread_blocked, id=6076, stack(0x000000ea8e400000,0x000000ea8e500000)]
  0x000002056a7d6000 JavaThread "Unconstrained build operations Thread 27" [_thread_blocked, id=9040, stack(0x000000ea8e500000,0x000000ea8e600000)]
  0x000002056a7d7000 JavaThread "Unconstrained build operations Thread 28" [_thread_blocked, id=10152, stack(0x000000ea8e600000,0x000000ea8e700000)]
  0x000002056a7d8800 JavaThread "Unconstrained build operations Thread 29" [_thread_blocked, id=9596, stack(0x000000ea8e700000,0x000000ea8e800000)]
  0x000002056a7d9000 JavaThread "Unconstrained build operations Thread 30" [_thread_blocked, id=10380, stack(0x000000ea8e800000,0x000000ea8e900000)]
  0x000002056a7d7800 JavaThread "Unconstrained build operations Thread 31" [_thread_blocked, id=11260, stack(0x000000ea8e900000,0x000000ea8ea00000)]
  0x000002056a7d3800 JavaThread "Unconstrained build operations Thread 32" [_thread_blocked, id=6472, stack(0x000000ea8ea00000,0x000000ea8eb00000)]
  0x000002056a7da000 JavaThread "Unconstrained build operations Thread 33" [_thread_blocked, id=11236, stack(0x000000ea8eb00000,0x000000ea8ec00000)]
  0x000002056a7db000 JavaThread "Unconstrained build operations Thread 34" [_thread_blocked, id=15028, stack(0x000000ea8ec00000,0x000000ea8ed00000)]
  0x00000205688ac800 JavaThread "Unconstrained build operations Thread 35" [_thread_blocked, id=5620, stack(0x000000ea8ed00000,0x000000ea8ee00000)]
  0x00000205688ac000 JavaThread "Unconstrained build operations Thread 36" [_thread_blocked, id=13092, stack(0x000000ea8ee00000,0x000000ea8ef00000)]
  0x00000205688b3800 JavaThread "Unconstrained build operations Thread 37" [_thread_blocked, id=6288, stack(0x000000ea8ef00000,0x000000ea8f000000)]
  0x00000205688ad800 JavaThread "Unconstrained build operations Thread 38" [_thread_blocked, id=5312, stack(0x000000ea8f000000,0x000000ea8f100000)]
  0x00000205688b0000 JavaThread "Unconstrained build operations Thread 39" [_thread_blocked, id=3248, stack(0x000000ea8f100000,0x000000ea8f200000)]
  0x00000205688b4000 JavaThread "Unconstrained build operations Thread 40" [_thread_blocked, id=10448, stack(0x000000ea8f200000,0x000000ea8f300000)]
  0x00000205688ae800 JavaThread "Unconstrained build operations Thread 41" [_thread_blocked, id=10608, stack(0x000000ea8f300000,0x000000ea8f400000)]
  0x00000205688b1800 JavaThread "Unconstrained build operations Thread 42" [_thread_blocked, id=1772, stack(0x000000ea8f400000,0x000000ea8f500000)]
  0x00000205688b5000 JavaThread "Unconstrained build operations Thread 43" [_thread_blocked, id=11340, stack(0x000000ea8f500000,0x000000ea8f600000)]
  0x00000205688af000 JavaThread "Unconstrained build operations Thread 44" [_thread_blocked, id=264, stack(0x000000ea8f600000,0x000000ea8f700000)]
  0x00000205688b5800 JavaThread "Unconstrained build operations Thread 45" [_thread_blocked, id=14816, stack(0x000000ea8f700000,0x000000ea8f800000)]
  0x00000205688b2800 JavaThread "Unconstrained build operations Thread 46" [_thread_blocked, id=15336, stack(0x000000ea8f800000,0x000000ea8f900000)]
  0x00000205688b1000 JavaThread "Unconstrained build operations Thread 47" [_thread_blocked, id=6140, stack(0x000000ea8f900000,0x000000ea8fa00000)]
  0x00000205688b6800 JavaThread "Unconstrained build operations Thread 48" [_thread_blocked, id=2060, stack(0x000000ea8fa00000,0x000000ea8fb00000)]
  0x00000205688b8000 JavaThread "Unconstrained build operations Thread 49" [_thread_blocked, id=8796, stack(0x000000ea8fb00000,0x000000ea8fc00000)]
  0x00000205688b7800 JavaThread "Unconstrained build operations Thread 50" [_thread_blocked, id=12952, stack(0x000000ea8fc00000,0x000000ea8fd00000)]
  0x00000205688ba000 JavaThread "Unconstrained build operations Thread 51" [_thread_blocked, id=5024, stack(0x000000ea8fd00000,0x000000ea8fe00000)]
  0x00000205688b9000 JavaThread "Unconstrained build operations Thread 52" [_thread_blocked, id=8232, stack(0x000000ea8fe00000,0x000000ea8ff00000)]
  0x00000205688ba800 JavaThread "Unconstrained build operations Thread 53" [_thread_blocked, id=648, stack(0x000000ea8ff00000,0x000000ea90000000)]
  0x000002056cc66000 JavaThread "Unconstrained build operations Thread 54" [_thread_blocked, id=8824, stack(0x000000ea90000000,0x000000ea90100000)]
  0x000002056cc61000 JavaThread "Unconstrained build operations Thread 55" [_thread_blocked, id=13744, stack(0x000000ea90100000,0x000000ea90200000)]
  0x000002056cc67000 JavaThread "Unconstrained build operations Thread 56" [_thread_blocked, id=8268, stack(0x000000ea8b300000,0x000000ea8b400000)]
  0x000002056cc62000 JavaThread "Unconstrained build operations Thread 57" [_thread_blocked, id=2544, stack(0x000000ea90300000,0x000000ea90400000)]
  0x000002056cc67800 JavaThread "Unconstrained build operations Thread 58" [_thread_blocked, id=5812, stack(0x000000ea90400000,0x000000ea90500000)]
  0x000002056cc64800 JavaThread "Unconstrained build operations Thread 59" [_thread_blocked, id=10244, stack(0x000000ea90500000,0x000000ea90600000)]
  0x000002056cc68800 JavaThread "Unconstrained build operations Thread 60" [_thread_blocked, id=9664, stack(0x000000ea90600000,0x000000ea90700000)]
  0x000002056cc63000 JavaThread "File lock release action executor" [_thread_blocked, id=14556, stack(0x000000ea90800000,0x000000ea90900000)]

Other Threads:
  0x00000205648f2000 VMThread "VM Thread" [stack: 0x000000ea89300000,0x000000ea89400000] [id=13808]
  0x000002056546e800 WatcherThread [stack: 0x000000ea89d00000,0x000000ea89e00000] [id=8020]
  0x000002054a61e000 GCTaskThread "GC Thread#0" [stack: 0x000000ea88e00000,0x000000ea88f00000] [id=14320]
  0x00000205669ed800 GCTaskThread "GC Thread#1" [stack: 0x000000ea89f00000,0x000000ea8a000000] [id=1532]
  0x000002056695e800 GCTaskThread "GC Thread#2" [stack: 0x000000ea8a000000,0x000000ea8a100000] [id=5672]
  0x000002056678a000 GCTaskThread "GC Thread#3" [stack: 0x000000ea8a100000,0x000000ea8a200000] [id=1004]
  0x00000205667a7000 GCTaskThread "GC Thread#4" [stack: 0x000000ea8a200000,0x000000ea8a300000] [id=9708]
  0x00000205662a6800 GCTaskThread "GC Thread#5" [stack: 0x000000ea8a300000,0x000000ea8a400000] [id=11864]
  0x000002054a631000 ConcurrentGCThread "G1 Main Marker" [stack: 0x000000ea88f00000,0x000000ea89000000] [id=12828]
  0x000002054a632000 ConcurrentGCThread "G1 Conc#0" [stack: 0x000000ea89000000,0x000000ea89100000] [id=3284]
  0x00000205662aa000 ConcurrentGCThread "G1 Conc#1" [stack: 0x000000ea89e00000,0x000000ea89f00000] [id=8712]
  0x000002056478a800 ConcurrentGCThread "G1 Refine#0" [stack: 0x000000ea89100000,0x000000ea89200000] [id=14116]
  0x000002056478c000 ConcurrentGCThread "G1 Young RemSet Sampling" [stack: 0x000000ea89200000,0x000000ea89300000] [id=2416]

Threads with active compile tasks:
C2 CompilerThread0    99051 13306       4       org.gradle.internal.event.AbstractBroadcastDispatch::dispatch (65 bytes)

VM state:not at safepoint (normal execution)

VM Mutex/Monitor currently owned by a thread: None

Heap address: 0x00000000e0000000, size: 512 MB, Compressed Oops mode: 32-bit
Narrow klass base: 0x0000000000000000, Narrow klass shift: 3
Compressed class space size: 260046848 Address: 0x0000000100000000

Heap:
 garbage-first heap   total 262144K, used 212889K [0x00000000e0000000, 0x0000000100000000)
  region size 1024K, 64 young (65536K), 7 survivors (7168K)
 Metaspace       used 81431K, capacity 84025K, committed 84352K, reserved 327680K
  class space    used 10317K, capacity 11275K, committed 11392K, reserved 253952K
Heap Regions: E=young(eden), S=young(survivor), O=old, HS=humongous(starts), HC=humongous(continues), CS=collection set, F=free, A=archive, TAMS=top-at-mark-start (previous, next)
|   0|0x00000000e0000000, 0x00000000e0100000, 0x00000000e0100000|100%|HS|  |TAMS 0x00000000e0100000, 0x00000000e0000000| Complete 
|   1|0x00000000e0100000, 0x00000000e0200000, 0x00000000e0200000|100%|HC|  |TAMS 0x00000000e0200000, 0x00000000e0100000| Complete 
|   2|0x00000000e0200000, 0x00000000e0300000, 0x00000000e0300000|100%|HC|  |TAMS 0x00000000e0300000, 0x00000000e0200000| Complete 
|   3|0x00000000e0300000, 0x00000000e0400000, 0x00000000e0400000|100%| O|  |TAMS 0x00000000e0400000, 0x00000000e0300000| Untracked 
|   4|0x00000000e0400000, 0x00000000e0500000, 0x00000000e0500000|100%| O|  |TAMS 0x00000000e0500000, 0x00000000e0400000| Untracked 
|   5|0x00000000e0500000, 0x00000000e0600000, 0x00000000e0600000|100%| O|  |TAMS 0x00000000e0600000, 0x00000000e0500000| Untracked 
|   6|0x00000000e0600000, 0x00000000e0700000, 0x00000000e0700000|100%| O|  |TAMS 0x00000000e0700000, 0x00000000e0600000| Untracked 
|   7|0x00000000e0700000, 0x00000000e0800000, 0x00000000e0800000|100%| O|  |TAMS 0x00000000e0800000, 0x00000000e0700000| Untracked 
|   8|0x00000000e0800000, 0x00000000e0900000, 0x00000000e0900000|100%| O|  |TAMS 0x00000000e0900000, 0x00000000e0800000| Untracked 
|   9|0x00000000e0900000, 0x00000000e0a00000, 0x00000000e0a00000|100%| O|  |TAMS 0x00000000e0a00000, 0x00000000e0900000| Untracked 
|  10|0x00000000e0a00000, 0x00000000e0b00000, 0x00000000e0b00000|100%| O|  |TAMS 0x00000000e0b00000, 0x00000000e0a00000| Untracked 
|  11|0x00000000e0b00000, 0x00000000e0c00000, 0x00000000e0c00000|100%| O|  |TAMS 0x00000000e0c00000, 0x00000000e0b00000| Untracked 
|  12|0x00000000e0c00000, 0x00000000e0d00000, 0x00000000e0d00000|100%| O|  |TAMS 0x00000000e0d00000, 0x00000000e0c00000| Untracked 
|  13|0x00000000e0d00000, 0x00000000e0e00000, 0x00000000e0e00000|100%| O|  |TAMS 0x00000000e0e00000, 0x00000000e0d00000| Untracked 
|  14|0x00000000e0e00000, 0x00000000e0f00000, 0x00000000e0f00000|100%| O|  |TAMS 0x00000000e0f00000, 0x00000000e0e00000| Untracked 
|  15|0x00000000e0f00000, 0x00000000e1000000, 0x00000000e1000000|100%|HS|  |TAMS 0x00000000e1000000, 0x00000000e0f00000| Complete 
|  16|0x00000000e1000000, 0x00000000e1100000, 0x00000000e1100000|100%|HC|  |TAMS 0x00000000e1100000, 0x00000000e1000000| Complete 
|  17|0x00000000e1100000, 0x00000000e1200000, 0x00000000e1200000|100%|HS|  |TAMS 0x00000000e1200000, 0x00000000e1100000| Complete 
|  18|0x00000000e1200000, 0x00000000e1300000, 0x00000000e1300000|100%|HC|  |TAMS 0x00000000e1300000, 0x00000000e1200000| Complete 
|  19|0x00000000e1300000, 0x00000000e1400000, 0x00000000e1400000|100%|HC|  |TAMS 0x00000000e1400000, 0x00000000e1300000| Complete 
|  20|0x00000000e1400000, 0x00000000e1500000, 0x00000000e1500000|100%|HS|  |TAMS 0x00000000e1500000, 0x00000000e1400000| Complete 
|  21|0x00000000e1500000, 0x00000000e1600000, 0x00000000e1600000|100%|HC|  |TAMS 0x00000000e1600000, 0x00000000e1500000| Complete 
|  22|0x00000000e1600000, 0x00000000e1700000, 0x00000000e1700000|100%|HC|  |TAMS 0x00000000e1700000, 0x00000000e1600000| Complete 
|  23|0x00000000e1700000, 0x00000000e1800000, 0x00000000e1800000|100%|HS|  |TAMS 0x00000000e1800000, 0x00000000e1700000| Complete 
|  24|0x00000000e1800000, 0x00000000e1900000, 0x00000000e1900000|100%|HC|  |TAMS 0x00000000e1900000, 0x00000000e1800000| Complete 
|  25|0x00000000e1900000, 0x00000000e1a00000, 0x00000000e1a00000|100%|HS|  |TAMS 0x00000000e1a00000, 0x00000000e1900000| Complete 
|  26|0x00000000e1a00000, 0x00000000e1b00000, 0x00000000e1b00000|100%|HC|  |TAMS 0x00000000e1b00000, 0x00000000e1a00000| Complete 
|  27|0x00000000e1b00000, 0x00000000e1c00000, 0x00000000e1c00000|100%|HC|  |TAMS 0x00000000e1c00000, 0x00000000e1b00000| Complete 
|  28|0x00000000e1c00000, 0x00000000e1d00000, 0x00000000e1d00000|100%|HC|  |TAMS 0x00000000e1d00000, 0x00000000e1c00000| Complete 
|  29|0x00000000e1d00000, 0x00000000e1e00000, 0x00000000e1e00000|100%|HC|  |TAMS 0x00000000e1e00000, 0x00000000e1d00000| Complete 
|  30|0x00000000e1e00000, 0x00000000e1f00000, 0x00000000e1f00000|100%|HC|  |TAMS 0x00000000e1f00000, 0x00000000e1e00000| Complete 
|  31|0x00000000e1f00000, 0x00000000e2000000, 0x00000000e2000000|100%|HC|  |TAMS 0x00000000e2000000, 0x00000000e1f00000| Complete 
|  32|0x00000000e2000000, 0x00000000e2100000, 0x00000000e2100000|100%|HC|  |TAMS 0x00000000e2100000, 0x00000000e2000000| Complete 
|  33|0x00000000e2100000, 0x00000000e2200000, 0x00000000e2200000|100%|HC|  |TAMS 0x00000000e2200000, 0x00000000e2100000| Complete 
|  34|0x00000000e2200000, 0x00000000e2300000, 0x00000000e2300000|100%|HC|  |TAMS 0x00000000e2300000, 0x00000000e2200000| Complete 
|  35|0x00000000e2300000, 0x00000000e2400000, 0x00000000e2400000|100%|HS|  |TAMS 0x00000000e2400000, 0x00000000e2300000| Complete 
|  36|0x00000000e2400000, 0x00000000e2500000, 0x00000000e2500000|100%|HC|  |TAMS 0x00000000e2500000, 0x00000000e2400000| Complete 
|  37|0x00000000e2500000, 0x00000000e2600000, 0x00000000e2600000|100%|HS|  |TAMS 0x00000000e2600000, 0x00000000e2500000| Complete 
|  38|0x00000000e2600000, 0x00000000e2700000, 0x00000000e2700000|100%|HC|  |TAMS 0x00000000e2700000, 0x00000000e2600000| Complete 
|  39|0x00000000e2700000, 0x00000000e2800000, 0x00000000e2800000|100%|HC|  |TAMS 0x00000000e2800000, 0x00000000e2700000| Complete 
|  40|0x00000000e2800000, 0x00000000e2900000, 0x00000000e2900000|100%|HC|  |TAMS 0x00000000e2900000, 0x00000000e2800000| Complete 
|  41|0x00000000e2900000, 0x00000000e2a00000, 0x00000000e2a00000|100%|HC|  |TAMS 0x00000000e2a00000, 0x00000000e2900000| Complete 
|  42|0x00000000e2a00000, 0x00000000e2b00000, 0x00000000e2b00000|100%| O|  |TAMS 0x00000000e2b00000, 0x00000000e2a00000| Untracked 
|  43|0x00000000e2b00000, 0x00000000e2c00000, 0x00000000e2c00000|100%| O|  |TAMS 0x00000000e2c00000, 0x00000000e2b00000| Untracked 
|  44|0x00000000e2c00000, 0x00000000e2d00000, 0x00000000e2d00000|100%| O|  |TAMS 0x00000000e2d00000, 0x00000000e2c00000| Untracked 
|  45|0x00000000e2d00000, 0x00000000e2e00000, 0x00000000e2e00000|100%|HS|  |TAMS 0x00000000e2e00000, 0x00000000e2d00000| Complete 
|  46|0x00000000e2e00000, 0x00000000e2f00000, 0x00000000e2f00000|100%|HC|  |TAMS 0x00000000e2f00000, 0x00000000e2e00000| Complete 
|  47|0x00000000e2f00000, 0x00000000e3000000, 0x00000000e3000000|100%|HC|  |TAMS 0x00000000e3000000, 0x00000000e2f00000| Complete 
|  48|0x00000000e3000000, 0x00000000e3100000, 0x00000000e3100000|100%|HC|  |TAMS 0x00000000e3100000, 0x00000000e3000000| Complete 
|  49|0x00000000e3100000, 0x00000000e3200000, 0x00000000e3200000|100%|HC|  |TAMS 0x00000000e3200000, 0x00000000e3100000| Complete 
|  50|0x00000000e3200000, 0x00000000e3300000, 0x00000000e3300000|100%|HC|  |TAMS 0x00000000e3300000, 0x00000000e3200000| Complete 
|  51|0x00000000e3300000, 0x00000000e3400000, 0x00000000e3400000|100%|HC|  |TAMS 0x00000000e3400000, 0x00000000e3300000| Complete 
|  52|0x00000000e3400000, 0x00000000e3500000, 0x00000000e3500000|100%|HC|  |TAMS 0x00000000e3500000, 0x00000000e3400000| Complete 
|  53|0x00000000e3500000, 0x00000000e3600000, 0x00000000e3600000|100%|HC|  |TAMS 0x00000000e3600000, 0x00000000e3500000| Complete 
|  54|0x00000000e3600000, 0x00000000e3700000, 0x00000000e3700000|100%|HC|  |TAMS 0x00000000e3700000, 0x00000000e3600000| Complete 
|  55|0x00000000e3700000, 0x00000000e3800000, 0x00000000e3800000|100%|HS|  |TAMS 0x00000000e3800000, 0x00000000e3700000| Complete 
|  56|0x00000000e3800000, 0x00000000e3900000, 0x00000000e3900000|100%|HC|  |TAMS 0x00000000e3900000, 0x00000000e3800000| Complete 
|  57|0x00000000e3900000, 0x00000000e3a00000, 0x00000000e3a00000|100%|HS|  |TAMS 0x00000000e3a00000, 0x00000000e3900000| Complete 
|  58|0x00000000e3a00000, 0x00000000e3b00000, 0x00000000e3b00000|100%|HC|  |TAMS 0x00000000e3b00000, 0x00000000e3a00000| Complete 
|  59|0x00000000e3b00000, 0x00000000e3c00000, 0x00000000e3c00000|100%|HC|  |TAMS 0x00000000e3c00000, 0x00000000e3b00000| Complete 
|  60|0x00000000e3c00000, 0x00000000e3d00000, 0x00000000e3d00000|100%|HS|  |TAMS 0x00000000e3d00000, 0x00000000e3c00000| Complete 
|  61|0x00000000e3d00000, 0x00000000e3e00000, 0x00000000e3e00000|100%|HC|  |TAMS 0x00000000e3e00000, 0x00000000e3d00000| Complete 
|  62|0x00000000e3e00000, 0x00000000e3f00000, 0x00000000e3f00000|100%|HC|  |TAMS 0x00000000e3f00000, 0x00000000e3e00000| Complete 
|  63|0x00000000e3f00000, 0x00000000e4000000, 0x00000000e4000000|100%|HS|  |TAMS 0x00000000e4000000, 0x00000000e3f00000| Complete 
|  64|0x00000000e4000000, 0x00000000e4100000, 0x00000000e4100000|100%|HC|  |TAMS 0x00000000e4100000, 0x00000000e4000000| Complete 
|  65|0x00000000e4100000, 0x00000000e4200000, 0x00000000e4200000|100%| O|  |TAMS 0x00000000e4200000, 0x00000000e4100000| Untracked 
|  66|0x00000000e4200000, 0x00000000e4300000, 0x00000000e4300000|100%|HS|  |TAMS 0x00000000e4300000, 0x00000000e4200000| Complete 
|  67|0x00000000e4300000, 0x00000000e4400000, 0x00000000e4400000|100%|HC|  |TAMS 0x00000000e4400000, 0x00000000e4300000| Complete 
|  68|0x00000000e4400000, 0x00000000e4500000, 0x00000000e4500000|100%|HC|  |TAMS 0x00000000e4500000, 0x00000000e4400000| Complete 
|  69|0x00000000e4500000, 0x00000000e4600000, 0x00000000e4600000|100%|HC|  |TAMS 0x00000000e4600000, 0x00000000e4500000| Complete 
|  70|0x00000000e4600000, 0x00000000e4700000, 0x00000000e4700000|100%|HC|  |TAMS 0x00000000e4700000, 0x00000000e4600000| Complete 
|  71|0x00000000e4700000, 0x00000000e4800000, 0x00000000e4800000|100%|HC|  |TAMS 0x00000000e4800000, 0x00000000e4700000| Complete 
|  72|0x00000000e4800000, 0x00000000e4900000, 0x00000000e4900000|100%|HS|  |TAMS 0x00000000e4900000, 0x00000000e4800000| Complete 
|  73|0x00000000e4900000, 0x00000000e4a00000, 0x00000000e4a00000|100%| O|  |TAMS 0x00000000e4a00000, 0x00000000e4900000| Untracked 
|  74|0x00000000e4a00000, 0x00000000e4b00000, 0x00000000e4b00000|100%| O|  |TAMS 0x00000000e4b00000, 0x00000000e4a00000| Untracked 
|  75|0x00000000e4b00000, 0x00000000e4c00000, 0x00000000e4c00000|100%| O|  |TAMS 0x00000000e4c00000, 0x00000000e4b00000| Untracked 
|  76|0x00000000e4c00000, 0x00000000e4d00000, 0x00000000e4d00000|100%| O|  |TAMS 0x00000000e4d00000, 0x00000000e4c00000| Untracked 
|  77|0x00000000e4d00000, 0x00000000e4e00000, 0x00000000e4e00000|100%| O|  |TAMS 0x00000000e4e00000, 0x00000000e4d00000| Untracked 
|  78|0x00000000e4e00000, 0x00000000e4f00000, 0x00000000e4f00000|100%| O|  |TAMS 0x00000000e4f00000, 0x00000000e4e00000| Untracked 
|  79|0x00000000e4f00000, 0x00000000e5000000, 0x00000000e5000000|100%| O|  |TAMS 0x00000000e5000000, 0x00000000e4f00000| Untracked 
|  80|0x00000000e5000000, 0x00000000e5100000, 0x00000000e5100000|100%| O|  |TAMS 0x00000000e5100000, 0x00000000e5000000| Untracked 
|  81|0x00000000e5100000, 0x00000000e5200000, 0x00000000e5200000|100%| O|  |TAMS 0x00000000e5200000, 0x00000000e5100000| Untracked 
|  82|0x00000000e5200000, 0x00000000e5300000, 0x00000000e5300000|100%| O|  |TAMS 0x00000000e5300000, 0x00000000e5200000| Untracked 
|  83|0x00000000e5300000, 0x00000000e5400000, 0x00000000e5400000|100%|HS|  |TAMS 0x00000000e5400000, 0x00000000e5300000| Complete 
|  84|0x00000000e5400000, 0x00000000e5500000, 0x00000000e5500000|100%|HC|  |TAMS 0x00000000e5500000, 0x00000000e5400000| Complete 
|  85|0x00000000e5500000, 0x00000000e5600000, 0x00000000e5600000|100%|HS|  |TAMS 0x00000000e5600000, 0x00000000e5500000| Complete 
|  86|0x00000000e5600000, 0x00000000e5700000, 0x00000000e5700000|100%|HC|  |TAMS 0x00000000e5700000, 0x00000000e5600000| Complete 
|  87|0x00000000e5700000, 0x00000000e5800000, 0x00000000e5800000|100%|HC|  |TAMS 0x00000000e5800000, 0x00000000e5700000| Complete 
|  88|0x00000000e5800000, 0x00000000e5900000, 0x00000000e5900000|100%|HS|  |TAMS 0x00000000e5900000, 0x00000000e5800000| Complete 
|  89|0x00000000e5900000, 0x00000000e5a00000, 0x00000000e5a00000|100%|HC|  |TAMS 0x00000000e5a00000, 0x00000000e5900000| Complete 
|  90|0x00000000e5a00000, 0x00000000e5b00000, 0x00000000e5b00000|100%|HC|  |TAMS 0x00000000e5b00000, 0x00000000e5a00000| Complete 
|  91|0x00000000e5b00000, 0x00000000e5c00000, 0x00000000e5c00000|100%|HS|  |TAMS 0x00000000e5c00000, 0x00000000e5b00000| Complete 
|  92|0x00000000e5c00000, 0x00000000e5d00000, 0x00000000e5d00000|100%|HC|  |TAMS 0x00000000e5d00000, 0x00000000e5c00000| Complete 
|  93|0x00000000e5d00000, 0x00000000e5e00000, 0x00000000e5e00000|100%|HS|  |TAMS 0x00000000e5e00000, 0x00000000e5d00000| Complete 
|  94|0x00000000e5e00000, 0x00000000e5f00000, 0x00000000e5f00000|100%|HC|  |TAMS 0x00000000e5f00000, 0x00000000e5e00000| Complete 
|  95|0x00000000e5f00000, 0x00000000e6000000, 0x00000000e6000000|100%|HC|  |TAMS 0x00000000e6000000, 0x00000000e5f00000| Complete 
|  96|0x00000000e6000000, 0x00000000e6100000, 0x00000000e6100000|100%|HC|  |TAMS 0x00000000e6100000, 0x00000000e6000000| Complete 
|  97|0x00000000e6100000, 0x00000000e6200000, 0x00000000e6200000|100%|HC|  |TAMS 0x00000000e6200000, 0x00000000e6100000| Complete 
|  98|0x00000000e6200000, 0x00000000e6300000, 0x00000000e6300000|100%|HC|  |TAMS 0x00000000e6300000, 0x00000000e6200000| Complete 
|  99|0x00000000e6300000, 0x00000000e6400000, 0x00000000e6400000|100%|HC|  |TAMS 0x00000000e6400000, 0x00000000e6300000| Complete 
| 100|0x00000000e6400000, 0x00000000e6500000, 0x00000000e6500000|100%|HC|  |TAMS 0x00000000e6500000, 0x00000000e6400000| Complete 
| 101|0x00000000e6500000, 0x00000000e6600000, 0x00000000e6600000|100%|HC|  |TAMS 0x00000000e6600000, 0x00000000e6500000| Complete 
| 102|0x00000000e6600000, 0x00000000e6700000, 0x00000000e6700000|100%|HC|  |TAMS 0x00000000e6700000, 0x00000000e6600000| Complete 
| 103|0x00000000e6700000, 0x00000000e6800000, 0x00000000e6800000|100%| O|  |TAMS 0x00000000e6800000, 0x00000000e6700000| Untracked 
| 104|0x00000000e6800000, 0x00000000e6900000, 0x00000000e6900000|100%| O|  |TAMS 0x00000000e6900000, 0x00000000e6800000| Untracked 
| 105|0x00000000e6900000, 0x00000000e6a00000, 0x00000000e6a00000|100%| O|  |TAMS 0x00000000e6a00000, 0x00000000e6900000| Untracked 
| 106|0x00000000e6a00000, 0x00000000e6b00000, 0x00000000e6b00000|100%| O|  |TAMS 0x00000000e6b00000, 0x00000000e6a00000| Untracked 
| 107|0x00000000e6b00000, 0x00000000e6c00000, 0x00000000e6c00000|100%| O|  |TAMS 0x00000000e6c00000, 0x00000000e6b00000| Untracked 
| 108|0x00000000e6c00000, 0x00000000e6d00000, 0x00000000e6d00000|100%| O|  |TAMS 0x00000000e6d00000, 0x00000000e6c00000| Untracked 
| 109|0x00000000e6d00000, 0x00000000e6e00000, 0x00000000e6e00000|100%| O|  |TAMS 0x00000000e6e00000, 0x00000000e6d00000| Untracked 
| 110|0x00000000e6e00000, 0x00000000e6f00000, 0x00000000e6f00000|100%| O|  |TAMS 0x00000000e6f00000, 0x00000000e6e00000| Untracked 
| 111|0x00000000e6f00000, 0x00000000e7000000, 0x00000000e7000000|100%| O|  |TAMS 0x00000000e7000000, 0x00000000e6f00000| Untracked 
| 112|0x00000000e7000000, 0x00000000e7100000, 0x00000000e7100000|100%|HS|  |TAMS 0x00000000e7100000, 0x00000000e7000000| Complete 
| 113|0x00000000e7100000, 0x00000000e7200000, 0x00000000e7200000|100%|HC|  |TAMS 0x00000000e7200000, 0x00000000e7100000| Complete 
| 114|0x00000000e7200000, 0x00000000e7300000, 0x00000000e7300000|100%|HS|  |TAMS 0x00000000e7300000, 0x00000000e7200000| Complete 
| 115|0x00000000e7300000, 0x00000000e7400000, 0x00000000e7400000|100%|HC|  |TAMS 0x00000000e7400000, 0x00000000e7300000| Complete 
| 116|0x00000000e7400000, 0x00000000e7500000, 0x00000000e7500000|100%|HC|  |TAMS 0x00000000e7500000, 0x00000000e7400000| Complete 
| 117|0x00000000e7500000, 0x00000000e7600000, 0x00000000e7600000|100%|HC|  |TAMS 0x00000000e7600000, 0x00000000e7500000| Complete 
| 118|0x00000000e7600000, 0x00000000e7700000, 0x00000000e7700000|100%|HC|  |TAMS 0x00000000e7700000, 0x00000000e7600000| Complete 
| 119|0x00000000e7700000, 0x00000000e7800000, 0x00000000e7800000|100%| O|  |TAMS 0x00000000e7800000, 0x00000000e7700000| Untracked 
| 120|0x00000000e7800000, 0x00000000e7900000, 0x00000000e7900000|100%| O|  |TAMS 0x00000000e7900000, 0x00000000e7800000| Untracked 
| 121|0x00000000e7900000, 0x00000000e7a00000, 0x00000000e7a00000|100%| O|  |TAMS 0x00000000e7a00000, 0x00000000e7900000| Untracked 
| 122|0x00000000e7a00000, 0x00000000e7b00000, 0x00000000e7b00000|100%| O|  |TAMS 0x00000000e7b00000, 0x00000000e7a00000| Untracked 
| 123|0x00000000e7b00000, 0x00000000e7c00000, 0x00000000e7c00000|100%| O|  |TAMS 0x00000000e7c00000, 0x00000000e7b00000| Untracked 
| 124|0x00000000e7c00000, 0x00000000e7d00000, 0x00000000e7d00000|100%| O|  |TAMS 0x00000000e7d00000, 0x00000000e7c00000| Untracked 
| 125|0x00000000e7d00000, 0x00000000e7e00000, 0x00000000e7e00000|100%| O|  |TAMS 0x00000000e7e00000, 0x00000000e7d00000| Untracked 
| 126|0x00000000e7e00000, 0x00000000e7f00000, 0x00000000e7f00000|100%| O|  |TAMS 0x00000000e7f00000, 0x00000000e7e00000| Untracked 
| 127|0x00000000e7f00000, 0x00000000e8000000, 0x00000000e8000000|100%| O|  |TAMS 0x00000000e8000000, 0x00000000e7f00000| Untracked 
| 128|0x00000000e8000000, 0x00000000e8100000, 0x00000000e8100000|100%| O|  |TAMS 0x00000000e8100000, 0x00000000e8000000| Untracked 
| 129|0x00000000e8100000, 0x00000000e8200000, 0x00000000e8200000|100%| O|  |TAMS 0x00000000e8200000, 0x00000000e8100000| Untracked 
| 130|0x00000000e8200000, 0x00000000e8300000, 0x00000000e8300000|100%| O|  |TAMS 0x00000000e8300000, 0x00000000e8200000| Untracked 
| 131|0x00000000e8300000, 0x00000000e8400000, 0x00000000e8400000|100%| O|  |TAMS 0x00000000e8400000, 0x00000000e8300000| Untracked 
| 132|0x00000000e8400000, 0x00000000e8500000, 0x00000000e8500000|100%| O|  |TAMS 0x00000000e8500000, 0x00000000e8400000| Untracked 
| 133|0x00000000e8500000, 0x00000000e8600000, 0x00000000e8600000|100%| O|  |TAMS 0x00000000e8600000, 0x00000000e8500000| Untracked 
| 134|0x00000000e8600000, 0x00000000e8700000, 0x00000000e8700000|100%| O|  |TAMS 0x00000000e8700000, 0x00000000e8600000| Untracked 
| 135|0x00000000e8700000, 0x00000000e8800000, 0x00000000e8800000|100%| O|  |TAMS 0x00000000e8800000, 0x00000000e8700000| Untracked 
| 136|0x00000000e8800000, 0x00000000e8900000, 0x00000000e8900000|100%| O|  |TAMS 0x00000000e8900000, 0x00000000e8800000| Untracked 
| 137|0x00000000e8900000, 0x00000000e8a00000, 0x00000000e8a00000|100%| O|  |TAMS 0x00000000e8a00000, 0x00000000e8900000| Untracked 
| 138|0x00000000e8a00000, 0x00000000e8b00000, 0x00000000e8b00000|100%| O|  |TAMS 0x00000000e8b00000, 0x00000000e8a00000| Untracked 
| 139|0x00000000e8b00000, 0x00000000e8c00000, 0x00000000e8c00000|100%| O|  |TAMS 0x00000000e8c00000, 0x00000000e8b00000| Untracked 
| 140|0x00000000e8c00000, 0x00000000e8d00000, 0x00000000e8d00000|100%| O|  |TAMS 0x00000000e8d00000, 0x00000000e8c00000| Untracked 
| 141|0x00000000e8d00000, 0x00000000e8e00000, 0x00000000e8e00000|100%| O|  |TAMS 0x00000000e8e00000, 0x00000000e8d00000| Untracked 
| 142|0x00000000e8e00000, 0x00000000e8f00000, 0x00000000e8f00000|100%| O|  |TAMS 0x00000000e8f00000, 0x00000000e8e00000| Untracked 
| 143|0x00000000e8f00000, 0x00000000e9000000, 0x00000000e9000000|100%| O|  |TAMS 0x00000000e9000000, 0x00000000e8f00000| Untracked 
| 144|0x00000000e9000000, 0x00000000e9100000, 0x00000000e9100000|100%| O|  |TAMS 0x00000000e9100000, 0x00000000e9000000| Untracked 
| 145|0x00000000e9100000, 0x00000000e917dc00, 0x00000000e9200000| 49%| O|  |TAMS 0x00000000e917dc00, 0x00000000e9100000| Untracked 
| 146|0x00000000e9200000, 0x00000000e9200000, 0x00000000e9300000|  0%| F|  |TAMS 0x00000000e9200000, 0x00000000e9200000| Untracked 
| 147|0x00000000e9300000, 0x00000000e9300000, 0x00000000e9400000|  0%| F|  |TAMS 0x00000000e9300000, 0x00000000e9300000| Untracked 
| 148|0x00000000e9400000, 0x00000000e9400000, 0x00000000e9500000|  0%| F|  |TAMS 0x00000000e9400000, 0x00000000e9400000| Untracked 
| 149|0x00000000e9500000, 0x00000000e9500000, 0x00000000e9600000|  0%| F|  |TAMS 0x00000000e9500000, 0x00000000e9500000| Untracked 
| 150|0x00000000e9600000, 0x00000000e9600000, 0x00000000e9700000|  0%| F|  |TAMS 0x00000000e9600000, 0x00000000e9600000| Untracked 
| 151|0x00000000e9700000, 0x00000000e9700000, 0x00000000e9800000|  0%| F|  |TAMS 0x00000000e9700000, 0x00000000e9700000| Untracked 
| 152|0x00000000e9800000, 0x00000000e9800000, 0x00000000e9900000|  0%| F|  |TAMS 0x00000000e9800000, 0x00000000e9800000| Untracked 
| 153|0x00000000e9900000, 0x00000000e9900000, 0x00000000e9a00000|  0%| F|  |TAMS 0x00000000e9900000, 0x00000000e9900000| Untracked 
| 154|0x00000000e9a00000, 0x00000000e9a00000, 0x00000000e9b00000|  0%| F|  |TAMS 0x00000000e9a00000, 0x00000000e9a00000| Untracked 
| 155|0x00000000e9b00000, 0x00000000e9b00000, 0x00000000e9c00000|  0%| F|  |TAMS 0x00000000e9b00000, 0x00000000e9b00000| Untracked 
| 156|0x00000000e9c00000, 0x00000000e9c00000, 0x00000000e9d00000|  0%| F|  |TAMS 0x00000000e9c00000, 0x00000000e9c00000| Untracked 
| 157|0x00000000e9d00000, 0x00000000e9d00000, 0x00000000e9e00000|  0%| F|  |TAMS 0x00000000e9d00000, 0x00000000e9d00000| Untracked 
| 158|0x00000000e9e00000, 0x00000000e9e00000, 0x00000000e9f00000|  0%| F|  |TAMS 0x00000000e9e00000, 0x00000000e9e00000| Untracked 
| 159|0x00000000e9f00000, 0x00000000e9f00000, 0x00000000ea000000|  0%| F|  |TAMS 0x00000000e9f00000, 0x00000000e9f00000| Untracked 
| 160|0x00000000ea000000, 0x00000000ea000000, 0x00000000ea100000|  0%| F|  |TAMS 0x00000000ea000000, 0x00000000ea000000| Untracked 
| 161|0x00000000ea100000, 0x00000000ea100000, 0x00000000ea200000|  0%| F|  |TAMS 0x00000000ea100000, 0x00000000ea100000| Untracked 
| 162|0x00000000ea200000, 0x00000000ea200000, 0x00000000ea300000|  0%| F|  |TAMS 0x00000000ea200000, 0x00000000ea200000| Untracked 
| 163|0x00000000ea300000, 0x00000000ea300000, 0x00000000ea400000|  0%| F|  |TAMS 0x00000000ea300000, 0x00000000ea300000| Untracked 
| 164|0x00000000ea400000, 0x00000000ea400000, 0x00000000ea500000|  0%| F|  |TAMS 0x00000000ea400000, 0x00000000ea400000| Untracked 
| 165|0x00000000ea500000, 0x00000000ea500000, 0x00000000ea600000|  0%| F|  |TAMS 0x00000000ea500000, 0x00000000ea500000| Untracked 
| 166|0x00000000ea600000, 0x00000000ea600000, 0x00000000ea700000|  0%| F|  |TAMS 0x00000000ea600000, 0x00000000ea600000| Untracked 
| 167|0x00000000ea700000, 0x00000000ea700000, 0x00000000ea800000|  0%| F|  |TAMS 0x00000000ea700000, 0x00000000ea700000| Untracked 
| 168|0x00000000ea800000, 0x00000000ea800000, 0x00000000ea900000|  0%| F|  |TAMS 0x00000000ea800000, 0x00000000ea800000| Untracked 
| 169|0x00000000ea900000, 0x00000000ea900000, 0x00000000eaa00000|  0%| F|  |TAMS 0x00000000ea900000, 0x00000000ea900000| Untracked 
| 170|0x00000000eaa00000, 0x00000000eaa00000, 0x00000000eab00000|  0%| F|  |TAMS 0x00000000eaa00000, 0x00000000eaa00000| Untracked 
| 171|0x00000000eab00000, 0x00000000eab00000, 0x00000000eac00000|  0%| F|  |TAMS 0x00000000eab00000, 0x00000000eab00000| Untracked 
| 172|0x00000000eac00000, 0x00000000eac00000, 0x00000000ead00000|  0%| F|  |TAMS 0x00000000eac00000, 0x00000000eac00000| Untracked 
| 173|0x00000000ead00000, 0x00000000ead00000, 0x00000000eae00000|  0%| F|  |TAMS 0x00000000ead00000, 0x00000000ead00000| Untracked 
| 174|0x00000000eae00000, 0x00000000eae00000, 0x00000000eaf00000|  0%| F|  |TAMS 0x00000000eae00000, 0x00000000eae00000| Untracked 
| 175|0x00000000eaf00000, 0x00000000eaf00000, 0x00000000eb000000|  0%| F|  |TAMS 0x00000000eaf00000, 0x00000000eaf00000| Untracked 
| 176|0x00000000eb000000, 0x00000000eb0689a0, 0x00000000eb100000| 40%| S|CS|TAMS 0x00000000eb000000, 0x00000000eb000000| Complete 
| 177|0x00000000eb100000, 0x00000000eb200000, 0x00000000eb200000|100%| S|CS|TAMS 0x00000000eb100000, 0x00000000eb100000| Complete 
| 178|0x00000000eb200000, 0x00000000eb300000, 0x00000000eb300000|100%| S|CS|TAMS 0x00000000eb200000, 0x00000000eb200000| Complete 
| 179|0x00000000eb300000, 0x00000000eb400000, 0x00000000eb400000|100%| S|CS|TAMS 0x00000000eb300000, 0x00000000eb300000| Complete 
| 180|0x00000000eb400000, 0x00000000eb500000, 0x00000000eb500000|100%| S|CS|TAMS 0x00000000eb400000, 0x00000000eb400000| Complete 
| 181|0x00000000eb500000, 0x00000000eb600000, 0x00000000eb600000|100%| S|CS|TAMS 0x00000000eb500000, 0x00000000eb500000| Complete 
| 182|0x00000000eb600000, 0x00000000eb700000, 0x00000000eb700000|100%| S|CS|TAMS 0x00000000eb600000, 0x00000000eb600000| Complete 
| 183|0x00000000eb700000, 0x00000000eb700000, 0x00000000eb800000|  0%| F|  |TAMS 0x00000000eb700000, 0x00000000eb700000| Untracked 
| 184|0x00000000eb800000, 0x00000000eb800000, 0x00000000eb900000|  0%| F|  |TAMS 0x00000000eb800000, 0x00000000eb800000| Untracked 
| 185|0x00000000eb900000, 0x00000000eb900000, 0x00000000eba00000|  0%| F|  |TAMS 0x00000000eb900000, 0x00000000eb900000| Untracked 
| 186|0x00000000eba00000, 0x00000000eba00000, 0x00000000ebb00000|  0%| F|  |TAMS 0x00000000eba00000, 0x00000000eba00000| Untracked 
| 187|0x00000000ebb00000, 0x00000000ebb00000, 0x00000000ebc00000|  0%| F|  |TAMS 0x00000000ebb00000, 0x00000000ebb00000| Untracked 
| 188|0x00000000ebc00000, 0x00000000ebc00000, 0x00000000ebd00000|  0%| F|  |TAMS 0x00000000ebc00000, 0x00000000ebc00000| Untracked 
| 189|0x00000000ebd00000, 0x00000000ebd00000, 0x00000000ebe00000|  0%| F|  |TAMS 0x00000000ebd00000, 0x00000000ebd00000| Untracked 
| 190|0x00000000ebe00000, 0x00000000ebe00000, 0x00000000ebf00000|  0%| F|  |TAMS 0x00000000ebe00000, 0x00000000ebe00000| Untracked 
| 191|0x00000000ebf00000, 0x00000000ebf00000, 0x00000000ec000000|  0%| F|  |TAMS 0x00000000ebf00000, 0x00000000ebf00000| Untracked 
| 192|0x00000000ec000000, 0x00000000ec000000, 0x00000000ec100000|  0%| F|  |TAMS 0x00000000ec000000, 0x00000000ec000000| Untracked 
| 193|0x00000000ec100000, 0x00000000ec100000, 0x00000000ec200000|  0%| F|  |TAMS 0x00000000ec100000, 0x00000000ec100000| Untracked 
| 194|0x00000000ec200000, 0x00000000ec200000, 0x00000000ec300000|  0%| F|  |TAMS 0x00000000ec200000, 0x00000000ec200000| Untracked 
| 195|0x00000000ec300000, 0x00000000ec300000, 0x00000000ec400000|  0%| F|  |TAMS 0x00000000ec300000, 0x00000000ec300000| Untracked 
| 196|0x00000000ec400000, 0x00000000ec400000, 0x00000000ec500000|  0%| F|  |TAMS 0x00000000ec400000, 0x00000000ec400000| Untracked 
| 197|0x00000000ec500000, 0x00000000ec500000, 0x00000000ec600000|  0%| F|  |TAMS 0x00000000ec500000, 0x00000000ec500000| Untracked 
| 198|0x00000000ec600000, 0x00000000ec600000, 0x00000000ec700000|  0%| F|  |TAMS 0x00000000ec600000, 0x00000000ec600000| Untracked 
| 199|0x00000000ec700000, 0x00000000ec800000, 0x00000000ec800000|100%| E|  |TAMS 0x00000000ec700000, 0x00000000ec700000| Complete 
| 200|0x00000000ec800000, 0x00000000ec900000, 0x00000000ec900000|100%| E|CS|TAMS 0x00000000ec800000, 0x00000000ec800000| Complete 
| 201|0x00000000ec900000, 0x00000000eca00000, 0x00000000eca00000|100%| E|CS|TAMS 0x00000000ec900000, 0x00000000ec900000| Complete 
| 202|0x00000000eca00000, 0x00000000ecb00000, 0x00000000ecb00000|100%| E|CS|TAMS 0x00000000eca00000, 0x00000000eca00000| Complete 
| 203|0x00000000ecb00000, 0x00000000ecc00000, 0x00000000ecc00000|100%| E|CS|TAMS 0x00000000ecb00000, 0x00000000ecb00000| Complete 
| 204|0x00000000ecc00000, 0x00000000ecd00000, 0x00000000ecd00000|100%| E|CS|TAMS 0x00000000ecc00000, 0x00000000ecc00000| Complete 
| 205|0x00000000ecd00000, 0x00000000ece00000, 0x00000000ece00000|100%| E|CS|TAMS 0x00000000ecd00000, 0x00000000ecd00000| Complete 
| 206|0x00000000ece00000, 0x00000000ecf00000, 0x00000000ecf00000|100%| E|CS|TAMS 0x00000000ece00000, 0x00000000ece00000| Complete 
| 207|0x00000000ecf00000, 0x00000000ed000000, 0x00000000ed000000|100%| E|CS|TAMS 0x00000000ecf00000, 0x00000000ecf00000| Complete 
| 208|0x00000000ed000000, 0x00000000ed100000, 0x00000000ed100000|100%| E|CS|TAMS 0x00000000ed000000, 0x00000000ed000000| Complete 
| 209|0x00000000ed100000, 0x00000000ed200000, 0x00000000ed200000|100%| E|CS|TAMS 0x00000000ed100000, 0x00000000ed100000| Complete 
| 210|0x00000000ed200000, 0x00000000ed300000, 0x00000000ed300000|100%| E|CS|TAMS 0x00000000ed200000, 0x00000000ed200000| Complete 
| 211|0x00000000ed300000, 0x00000000ed400000, 0x00000000ed400000|100%| E|CS|TAMS 0x00000000ed300000, 0x00000000ed300000| Complete 
| 212|0x00000000ed400000, 0x00000000ed500000, 0x00000000ed500000|100%| E|CS|TAMS 0x00000000ed400000, 0x00000000ed400000| Complete 
| 213|0x00000000ed500000, 0x00000000ed600000, 0x00000000ed600000|100%| E|CS|TAMS 0x00000000ed500000, 0x00000000ed500000| Complete 
| 214|0x00000000ed600000, 0x00000000ed700000, 0x00000000ed700000|100%| E|CS|TAMS 0x00000000ed600000, 0x00000000ed600000| Complete 
| 215|0x00000000ed700000, 0x00000000ed800000, 0x00000000ed800000|100%| E|CS|TAMS 0x00000000ed700000, 0x00000000ed700000| Complete 
| 216|0x00000000ed800000, 0x00000000ed900000, 0x00000000ed900000|100%| E|CS|TAMS 0x00000000ed800000, 0x00000000ed800000| Complete 
| 217|0x00000000ed900000, 0x00000000eda00000, 0x00000000eda00000|100%| E|CS|TAMS 0x00000000ed900000, 0x00000000ed900000| Complete 
| 218|0x00000000eda00000, 0x00000000edb00000, 0x00000000edb00000|100%| E|CS|TAMS 0x00000000eda00000, 0x00000000eda00000| Complete 
| 219|0x00000000edb00000, 0x00000000edc00000, 0x00000000edc00000|100%| E|CS|TAMS 0x00000000edb00000, 0x00000000edb00000| Complete 
| 220|0x00000000edc00000, 0x00000000edd00000, 0x00000000edd00000|100%| E|CS|TAMS 0x00000000edc00000, 0x00000000edc00000| Complete 
| 221|0x00000000edd00000, 0x00000000ede00000, 0x00000000ede00000|100%| E|CS|TAMS 0x00000000edd00000, 0x00000000edd00000| Complete 
| 222|0x00000000ede00000, 0x00000000edf00000, 0x00000000edf00000|100%| E|CS|TAMS 0x00000000ede00000, 0x00000000ede00000| Complete 
| 223|0x00000000edf00000, 0x00000000ee000000, 0x00000000ee000000|100%| E|CS|TAMS 0x00000000edf00000, 0x00000000edf00000| Complete 
| 224|0x00000000ee000000, 0x00000000ee100000, 0x00000000ee100000|100%| E|CS|TAMS 0x00000000ee000000, 0x00000000ee000000| Complete 
| 225|0x00000000ee100000, 0x00000000ee200000, 0x00000000ee200000|100%| E|CS|TAMS 0x00000000ee100000, 0x00000000ee100000| Complete 
| 226|0x00000000ee200000, 0x00000000ee300000, 0x00000000ee300000|100%| E|CS|TAMS 0x00000000ee200000, 0x00000000ee200000| Complete 
| 227|0x00000000ee300000, 0x00000000ee400000, 0x00000000ee400000|100%| E|CS|TAMS 0x00000000ee300000, 0x00000000ee300000| Complete 
| 228|0x00000000ee400000, 0x00000000ee500000, 0x00000000ee500000|100%| E|CS|TAMS 0x00000000ee400000, 0x00000000ee400000| Complete 
| 229|0x00000000ee500000, 0x00000000ee600000, 0x00000000ee600000|100%| E|CS|TAMS 0x00000000ee500000, 0x00000000ee500000| Complete 
| 230|0x00000000ee600000, 0x00000000ee700000, 0x00000000ee700000|100%| E|CS|TAMS 0x00000000ee600000, 0x00000000ee600000| Complete 
| 231|0x00000000ee700000, 0x00000000ee800000, 0x00000000ee800000|100%| E|CS|TAMS 0x00000000ee700000, 0x00000000ee700000| Complete 
| 232|0x00000000ee800000, 0x00000000ee900000, 0x00000000ee900000|100%| E|CS|TAMS 0x00000000ee800000, 0x00000000ee800000| Complete 
| 233|0x00000000ee900000, 0x00000000eea00000, 0x00000000eea00000|100%| E|CS|TAMS 0x00000000ee900000, 0x00000000ee900000| Complete 
| 234|0x00000000eea00000, 0x00000000eeb00000, 0x00000000eeb00000|100%| E|CS|TAMS 0x00000000eea00000, 0x00000000eea00000| Complete 
| 235|0x00000000eeb00000, 0x00000000eec00000, 0x00000000eec00000|100%| E|CS|TAMS 0x00000000eeb00000, 0x00000000eeb00000| Complete 
| 236|0x00000000eec00000, 0x00000000eed00000, 0x00000000eed00000|100%| E|CS|TAMS 0x00000000eec00000, 0x00000000eec00000| Complete 
| 237|0x00000000eed00000, 0x00000000eee00000, 0x00000000eee00000|100%| E|CS|TAMS 0x00000000eed00000, 0x00000000eed00000| Complete 
| 238|0x00000000eee00000, 0x00000000eef00000, 0x00000000eef00000|100%| E|CS|TAMS 0x00000000eee00000, 0x00000000eee00000| Complete 
| 239|0x00000000eef00000, 0x00000000ef000000, 0x00000000ef000000|100%| E|CS|TAMS 0x00000000eef00000, 0x00000000eef00000| Complete 
| 240|0x00000000ef000000, 0x00000000ef100000, 0x00000000ef100000|100%| E|CS|TAMS 0x00000000ef000000, 0x00000000ef000000| Complete 
| 241|0x00000000ef100000, 0x00000000ef200000, 0x00000000ef200000|100%| E|CS|TAMS 0x00000000ef100000, 0x00000000ef100000| Complete 
| 242|0x00000000ef200000, 0x00000000ef300000, 0x00000000ef300000|100%| E|CS|TAMS 0x00000000ef200000, 0x00000000ef200000| Complete 
| 243|0x00000000ef300000, 0x00000000ef400000, 0x00000000ef400000|100%| E|CS|TAMS 0x00000000ef300000, 0x00000000ef300000| Complete 
| 244|0x00000000ef400000, 0x00000000ef500000, 0x00000000ef500000|100%| E|CS|TAMS 0x00000000ef400000, 0x00000000ef400000| Complete 
| 245|0x00000000ef500000, 0x00000000ef600000, 0x00000000ef600000|100%| E|CS|TAMS 0x00000000ef500000, 0x00000000ef500000| Complete 
| 246|0x00000000ef600000, 0x00000000ef700000, 0x00000000ef700000|100%| E|CS|TAMS 0x00000000ef600000, 0x00000000ef600000| Complete 
| 247|0x00000000ef700000, 0x00000000ef800000, 0x00000000ef800000|100%| E|CS|TAMS 0x00000000ef700000, 0x00000000ef700000| Complete 
| 248|0x00000000ef800000, 0x00000000ef900000, 0x00000000ef900000|100%| E|CS|TAMS 0x00000000ef800000, 0x00000000ef800000| Complete 
| 249|0x00000000ef900000, 0x00000000efa00000, 0x00000000efa00000|100%| E|CS|TAMS 0x00000000ef900000, 0x00000000ef900000| Complete 
| 250|0x00000000efa00000, 0x00000000efb00000, 0x00000000efb00000|100%| E|CS|TAMS 0x00000000efa00000, 0x00000000efa00000| Complete 
| 251|0x00000000efb00000, 0x00000000efc00000, 0x00000000efc00000|100%| E|CS|TAMS 0x00000000efb00000, 0x00000000efb00000| Complete 
| 252|0x00000000efc00000, 0x00000000efd00000, 0x00000000efd00000|100%| E|CS|TAMS 0x00000000efc00000, 0x00000000efc00000| Complete 
| 253|0x00000000efd00000, 0x00000000efe00000, 0x00000000efe00000|100%| E|CS|TAMS 0x00000000efd00000, 0x00000000efd00000| Complete 
| 254|0x00000000efe00000, 0x00000000eff00000, 0x00000000eff00000|100%| E|CS|TAMS 0x00000000efe00000, 0x00000000efe00000| Complete 
| 255|0x00000000eff00000, 0x00000000f0000000, 0x00000000f0000000|100%| E|CS|TAMS 0x00000000eff00000, 0x00000000eff00000| Complete 

Card table byte_map: [0x0000020560ef0000,0x0000020560ff0000] _byte_map_base: 0x00000205607f0000

Marking Bits (Prev, Next): (CMBitMap*) 0x000002054a62e0b8, (CMBitMap*) 0x000002054a62e0f0
 Prev Bits: [0x00000205610f0000, 0x00000205618f0000)
 Next Bits: [0x00000205618f0000, 0x00000205620f0000)

Polling page: 0x00000205485a0000

Metaspace:

Usage:
  Non-class:     71.04 MB capacity,    69.45 MB ( 98%) used,     1.34 MB (  2%) free+waste,   260.63 KB ( <1%) overhead. 
      Class:     11.01 MB capacity,    10.08 MB ( 92%) used,   833.72 KB (  7%) free+waste,   124.25 KB (  1%) overhead. 
       Both:     82.06 MB capacity,    79.52 MB ( 97%) used,     2.16 MB (  3%) free+waste,   384.88 KB ( <1%) overhead. 

Virtual space:
  Non-class space:       72.00 MB reserved,      71.25 MB ( 99%) committed 
      Class space:      248.00 MB reserved,      11.13 MB (  4%) committed 
             Both:      320.00 MB reserved,      82.38 MB ( 26%) committed 

Chunk freelists:
   Non-Class:  2.25 KB
       Class:  0 bytes
        Both:  2.25 KB

CodeHeap 'non-profiled nmethods': size=120064Kb used=8450Kb max_used=8450Kb free=111613Kb
 bounds [0x00000205597a0000, 0x0000020559ff0000, 0x0000020560ce0000]
CodeHeap 'profiled nmethods': size=120000Kb used=30593Kb max_used=30593Kb free=89406Kb
 bounds [0x0000020552270000, 0x0000020554060000, 0x00000205597a0000]
CodeHeap 'non-nmethods': size=5696Kb used=2294Kb max_used=2352Kb free=3401Kb
 bounds [0x0000020551ce0000, 0x0000020551f50000, 0x0000020552270000]
 total_blobs=14119 nmethods=13211 adapters=819
 compilation: enabled
              stopped_count=0, restarted_count=0
 full_count=0

Compilation events (10 events):
Event: 98.385 Thread 0x0000020564945000 nmethod 13302 0x000002055404e190 code [0x000002055404e3e0, 0x000002055404eb58]
Event: 98.720 Thread 0x0000020564945000 13303       3       java.util.stream.ForEachOps$ForEachOp::getOpFlags (15 bytes)
Event: 98.720 Thread 0x0000020564945000 nmethod 13303 0x000002055404ee90 code [0x000002055404f020, 0x000002055404f198]
Event: 98.720 Thread 0x0000020564945000 13304       3       java.util.stream.ForEachOps$ForEachOp$OfRef::evaluateSequential (7 bytes)
Event: 98.720 Thread 0x0000020564945000 nmethod 13304 0x000002055404f210 code [0x000002055404f3e0, 0x000002055404f7c8]
Event: 98.720 Thread 0x0000020564945000 13305       3       java.util.stream.ForEachOps$ForEachOp::evaluateSequential (13 bytes)
Event: 98.720 Thread 0x0000020564945000 nmethod 13305 0x000002055404f910 code [0x000002055404fac0, 0x000002055404fe48]
Event: 98.904 Thread 0x000002056493f800 13306       4       org.gradle.internal.event.AbstractBroadcastDispatch::dispatch (65 bytes)
Event: 98.923 Thread 0x0000020564945000 13308       3       sun.security.ssl.OutputRecord::calculateFragmentSize (37 bytes)
Event: 98.923 Thread 0x0000020564945000 nmethod 13308 0x000002055404ff90 code [0x0000020554050140, 0x00000205540503c8]

GC Heap History (10 events):
Event: 31.531 GC heap before
{Heap before GC invocations=19 (full 0):
 garbage-first heap   total 262144K, used 219936K [0x00000000e0000000, 0x0000000100000000)
  region size 1024K, 78 young (79872K), 7 survivors (7168K)
 Metaspace       used 78824K, capacity 81246K, committed 81536K, reserved 325632K
  class space    used 10151K, capacity 11021K, committed 11136K, reserved 253952K
}
Event: 31.539 GC heap after
{Heap after GC invocations=20 (full 0):
 garbage-first heap   total 262144K, used 148933K [0x00000000e0000000, 0x0000000100000000)
  region size 1024K, 4 young (4096K), 4 survivors (4096K)
 Metaspace       used 78824K, capacity 81246K, committed 81536K, reserved 325632K
  class space    used 10151K, capacity 11021K, committed 11136K, reserved 253952K
}
Event: 33.729 GC heap before
{Heap before GC invocations=20 (full 0):
 garbage-first heap   total 262144K, used 220613K [0x00000000e0000000, 0x0000000100000000)
  region size 1024K, 75 young (76800K), 4 survivors (4096K)
 Metaspace       used 79409K, capacity 81881K, committed 82048K, reserved 325632K
  class space    used 10169K, capacity 11071K, committed 11136K, reserved 253952K
}
Event: 33.738 GC heap after
{Heap after GC invocations=21 (full 0):
 garbage-first heap   total 262144K, used 152814K [0x00000000e0000000, 0x0000000100000000)
  region size 1024K, 8 young (8192K), 8 survivors (8192K)
 Metaspace       used 79409K, capacity 81881K, committed 82048K, reserved 325632K
  class space    used 10169K, capacity 11071K, committed 11136K, reserved 253952K
}
Event: 35.991 GC heap before
{Heap before GC invocations=22 (full 0):
 garbage-first heap   total 262144K, used 222446K [0x00000000e0000000, 0x0000000100000000)
  region size 1024K, 76 young (77824K), 8 survivors (8192K)
 Metaspace       used 79784K, capacity 82284K, committed 82560K, reserved 325632K
  class space    used 10171K, capacity 11074K, committed 11136K, reserved 253952K
}
Event: 36.005 GC heap after
{Heap after GC invocations=23 (full 0):
 garbage-first heap   total 262144K, used 157355K [0x00000000e0000000, 0x0000000100000000)
  region size 1024K, 10 young (10240K), 10 survivors (10240K)
 Metaspace       used 79784K, capacity 82284K, committed 82560K, reserved 325632K
  class space    used 10171K, capacity 11074K, committed 11136K, reserved 253952K
}
Event: 66.134 GC heap before
{Heap before GC invocations=23 (full 0):
 garbage-first heap   total 262144K, used 221867K [0x00000000e0000000, 0x0000000100000000)
  region size 1024K, 73 young (74752K), 10 survivors (10240K)
 Metaspace       used 80376K, capacity 82983K, committed 83200K, reserved 327680K
  class space    used 10222K, capacity 11169K, committed 11264K, reserved 253952K
}
Event: 66.139 GC heap after
{Heap after GC invocations=24 (full 0):
 garbage-first heap   total 262144K, used 151303K [0x00000000e0000000, 0x0000000100000000)
  region size 1024K, 3 young (3072K), 3 survivors (3072K)
 Metaspace       used 80376K, capacity 82983K, committed 83200K, reserved 327680K
  class space    used 10222K, capacity 11169K, committed 11264K, reserved 253952K
}
Event: 78.912 GC heap before
{Heap before GC invocations=25 (full 0):
 garbage-first heap   total 262144K, used 222983K [0x00000000e0000000, 0x0000000100000000)
  region size 1024K, 73 young (74752K), 3 survivors (3072K)
 Metaspace       used 80976K, capacity 83505K, committed 83712K, reserved 327680K
  class space    used 10252K, capacity 11214K, committed 11264K, reserved 253952K
}
Event: 78.922 GC heap after
{Heap after GC invocations=26 (full 0):
 garbage-first heap   total 262144K, used 155545K [0x00000000e0000000, 0x0000000100000000)
  region size 1024K, 7 young (7168K), 7 survivors (7168K)
 Metaspace       used 80976K, capacity 83505K, committed 83712K, reserved 327680K
  class space    used 10252K, capacity 11214K, committed 11264K, reserved 253952K
}

Deoptimization events (10 events):
Event: 78.579 Thread 0x00000205676b9800 Uncommon trap: reason=profile_predicate action=maybe_recompile pc=0x0000020559bef798 method=java.util.TreeMap.getEntryUsingComparator(Ljava/lang/Object;)Ljava/util/TreeMap$Entry; @ 19 c2
Event: 78.756 Thread 0x00000205676b9800 Uncommon trap: reason=class_check action=maybe_recompile pc=0x0000020559a9047c method=java.util.stream.StreamOpFlag.fromCharacteristics(Ljava/util/Spliterator;)I @ 14 c2
Event: 78.843 Thread 0x00000205676b9800 Uncommon trap: reason=null_check action=make_not_entrant pc=0x0000020559f52728 method=org.codehaus.groovy.runtime.typehandling.DefaultTypeTransformation.castToType(Ljava/lang/Object;Ljava/lang/Class;)Ljava/lang/Object; @ 41 c2
Event: 78.858 Thread 0x00000205676b9800 Uncommon trap: reason=unstable_if action=reinterpret pc=0x0000020559b31934 method=com.sun.beans.introspect.MethodInfo$MethodOrder.compare(Ljava/lang/reflect/Method;Ljava/lang/reflect/Method;)I @ 124 c2
Event: 78.858 Thread 0x00000205676b9800 Uncommon trap: reason=unstable_if action=reinterpret pc=0x0000020559b229dc method=com.sun.beans.introspect.MethodInfo$MethodOrder.compare(Ljava/lang/reflect/Method;Ljava/lang/reflect/Method;)I @ 124 c2
Event: 78.869 Thread 0x00000205676b9800 Uncommon trap: reason=bimorphic_or_optimized_type_check action=maybe_recompile pc=0x0000020559f02b34 method=com.google.common.collect.TransformedIterator.hasNext()Z @ 4 c2
Event: 78.870 Thread 0x00000205676b9800 Uncommon trap: reason=bimorphic_or_optimized_type_check action=maybe_recompile pc=0x0000020559f02b34 method=com.google.common.collect.TransformedIterator.hasNext()Z @ 4 c2
Event: 78.948 Thread 0x000002056a7ce800 Uncommon trap: reason=unstable_if action=reinterpret pc=0x0000020559e01ee4 method=java.io.ObjectStreamClass.getSerialVersionUID()J @ 4 c2
Event: 78.949 Thread 0x000002056a7ce800 Uncommon trap: reason=unstable_if action=reinterpret pc=0x0000020559eb9de0 method=java.io.ObjectStreamClass.getClassDataLayout()[Ljava/io/ObjectStreamClass$ClassDataSlot; @ 4 c2
Event: 79.402 Thread 0x00000205676b9800 Uncommon trap: reason=profile_predicate action=maybe_recompile pc=0x0000020559bef798 method=java.util.TreeMap.getEntryUsingComparator(Ljava/lang/Object;)Ljava/util/TreeMap$Entry; @ 19 c2

Classes redefined (0 events):
No events

Internal exceptions (10 events):
Event: 79.331 Thread 0x00000205676b9800 Exception <a 'java/lang/ClassNotFoundException'{0x00000000ee1d0100}: org/gradle/api/tasks/SourceSetBeanInfo> (0x00000000ee1d0100) thrown at [./open/src/hotspot/share/classfile/systemDictionary.cpp, line 226]
Event: 79.340 Thread 0x00000205676b9800 Exception <a 'java/lang/ClassNotFoundException'{0x00000000ee1ec950}: org/gradle/api/tasks/SourceSetCustomizer> (0x00000000ee1ec950) thrown at [./open/src/hotspot/share/classfile/systemDictionary.cpp, line 226]
Event: 79.352 Thread 0x00000205676b9800 Exception <a 'java/lang/ClassNotFoundException'{0x00000000ee0c4000}: org/gradle/api/internal/file/collections/DefaultConfigurableFileCollectionBeanInfo> (0x00000000ee0c4000) thrown at [./open/src/hotspot/share/classfile/systemDictionary.cpp, line 226]
Event: 79.352 Thread 0x00000205676b9800 Exception <a 'java/lang/ClassNotFoundException'{0x00000000ee0de660}: org/gradle/api/internal/file/collections/DefaultConfigurableFileCollectionCustomizer> (0x00000000ee0de660) thrown at [./open/src/hotspot/share/classfile/systemDictionary.cpp, line 226]
Event: 79.358 Thread 0x00000205676b9800 Exception <a 'java/lang/ClassNotFoundException'{0x00000000edf2ec58}: com/intellij/openapi/externalSystem/model/project/ExternalSystemSourceTypeBeanInfo> (0x00000000edf2ec58) thrown at [./open/src/hotspot/share/classfile/systemDictionary.cpp, line 226]
Event: 79.358 Thread 0x00000205676b9800 Exception <a 'java/lang/ClassNotFoundException'{0x00000000edf37928}: java/lang/EnumBeanInfo> (0x00000000edf37928) thrown at [./open/src/hotspot/share/classfile/systemDictionary.cpp, line 226]
Event: 79.359 Thread 0x00000205676b9800 Exception <a 'java/lang/ClassNotFoundException'{0x00000000edf405f8}: java/lang/EnumCustomizer> (0x00000000edf405f8) thrown at [./open/src/hotspot/share/classfile/systemDictionary.cpp, line 226]
Event: 79.360 Thread 0x00000205676b9800 Exception <a 'java/lang/ClassNotFoundException'{0x00000000edf598f0}: com/intellij/openapi/externalSystem/model/project/ExternalSystemSourceTypeCustomizer> (0x00000000edf598f0) thrown at [./open/src/hotspot/share/classfile/systemDictionary.cpp, line 226]
Event: 79.365 Thread 0x00000205676b9800 Exception <a 'java/lang/ClassNotFoundException'{0x00000000edf9a720}: org/jetbrains/plugins/gradle/tooling/util/resolve/DependencyResolverImplBeanInfo> (0x00000000edf9a720) thrown at [./open/src/hotspot/share/classfile/systemDictionary.cpp, line 226]
Event: 79.366 Thread 0x00000205676b9800 Exception <a 'java/lang/ClassNotFoundException'{0x00000000edfacfd8}: org/jetbrains/plugins/gradle/tooling/util/resolve/DependencyResolverImplCustomizer> (0x00000000edfacfd8) thrown at [./open/src/hotspot/share/classfile/systemDictionary.cpp, line 226]

Events (10 events):
Event: 79.368 loading class org/jetbrains/plugins/gradle/tooling/util/resolve/DependencyResolverImpl$1
Event: 79.368 loading class org/jetbrains/plugins/gradle/tooling/util/resolve/DependencyResolverImpl$1 done
Event: 79.369 loading class org/gradle/api/file/ConfigurableFileCollection
Event: 79.369 loading class org/gradle/api/file/ConfigurableFileCollection done
Event: 79.369 loading class org/gradle/api/internal/file/UnionFileCollection
Event: 79.369 loading class org/gradle/api/internal/file/UnionFileCollection done
Event: 79.402 Thread 0x00000205676b9800 Uncommon trap: trap_request=0xffffffbe fr.pc=0x0000020559bef798 relative=0x0000000000000938
Event: 79.402 Thread 0x00000205676b9800 DEOPT PACKING pc=0x0000020559bef798 sp=0x000000ea8aaf9710
Event: 79.402 Thread 0x00000205676b9800 DEOPT UNPACKING pc=0x0000020551d0662f sp=0x000000ea8aaf9630 mode 2
Event: 80.415 Thread 0x0000020567367000 Thread exited: 0x0000020567367000


Dynamic libraries:
0x00007ff7d5d60000 - 0x00007ff7d5d6f000 	C:\Program Files\Java\jdk-11.0.17\bin\java.exe
0x00007ffde1cb0000 - 0x00007ffde1ea8000 	C:\Windows\SYSTEM32\ntdll.dll
0x00007ffde05c0000 - 0x00007ffde067f000 	C:\Windows\System32\KERNEL32.DLL
0x00007ffddf3a0000 - 0x00007ffddf672000 	C:\Windows\System32\KERNELBASE.dll
0x00007ffddfac0000 - 0x00007ffddfbc0000 	C:\Windows\System32\ucrtbase.dll
0x00007ffdb5100000 - 0x00007ffdb5115000 	C:\Program Files\Java\jdk-11.0.17\bin\VCRUNTIME140.dll
0x00007ffdbc470000 - 0x00007ffdbc488000 	C:\Program Files\Java\jdk-11.0.17\bin\jli.dll
0x00007ffde1700000 - 0x00007ffde17ae000 	C:\Windows\System32\ADVAPI32.dll
0x00007ffde1a50000 - 0x00007ffde1aee000 	C:\Windows\System32\msvcrt.dll
0x00007ffde1380000 - 0x00007ffde141c000 	C:\Windows\System32\sechost.dll
0x00007ffde0170000 - 0x00007ffde0295000 	C:\Windows\System32\RPCRT4.dll
0x00007ffde02a0000 - 0x00007ffde0441000 	C:\Windows\System32\USER32.dll
0x00007ffdc90b0000 - 0x00007ffdc934a000 	C:\Windows\WinSxS\amd64_microsoft.windows.common-controls_6595b64144ccf1df_6.0.19041.1110_none_60b5254171f9507e\COMCTL32.dll
0x00007ffddf980000 - 0x00007ffddf9a2000 	C:\Windows\System32\win32u.dll
0x00007ffddfcf0000 - 0x00007ffddfd1b000 	C:\Windows\System32\GDI32.dll
0x00007ffddf680000 - 0x00007ffddf78f000 	C:\Windows\System32\gdi32full.dll
0x00007ffddf9b0000 - 0x00007ffddfa4d000 	C:\Windows\System32\msvcp_win.dll
0x00007ffdd9490000 - 0x00007ffdd949a000 	C:\Windows\SYSTEM32\VERSION.dll
0x00007ffde0570000 - 0x00007ffde05a2000 	C:\Windows\System32\IMM32.DLL
0x00007ffd81b20000 - 0x00007ffd81bbb000 	C:\Program Files\Java\jdk-11.0.17\bin\msvcp140.dll
0x00007ffd7ee40000 - 0x00007ffd7f95a000 	C:\Program Files\Java\jdk-11.0.17\bin\server\jvm.dll
0x00007ffde1c00000 - 0x00007ffde1c08000 	C:\Windows\System32\PSAPI.DLL
0x00007ffdd3ba0000 - 0x00007ffdd3bc7000 	C:\Windows\SYSTEM32\WINMM.dll
0x00007ffdc6b40000 - 0x00007ffdc6b49000 	C:\Windows\SYSTEM32\WSOCK32.dll
0x00007ffddfd40000 - 0x00007ffddfdab000 	C:\Windows\System32\WS2_32.dll
0x00007ffddd240000 - 0x00007ffddd252000 	C:\Windows\SYSTEM32\kernel.appcore.dll
0x00007ffdc47e0000 - 0x00007ffdc47f0000 	C:\Program Files\Java\jdk-11.0.17\bin\verify.dll
0x00007ffdcd040000 - 0x00007ffdcd224000 	C:\Windows\SYSTEM32\DBGHELP.DLL
0x00007ffdc87e0000 - 0x00007ffdc8815000 	C:\Windows\SYSTEM32\dbgcore.DLL
0x00007ffddf8f0000 - 0x00007ffddf972000 	C:\Windows\System32\bcryptPrimitives.dll
0x00007ffdaa1c0000 - 0x00007ffdaa1e8000 	C:\Program Files\Java\jdk-11.0.17\bin\java.dll
0x00007ffdc40a0000 - 0x00007ffdc40aa000 	C:\Program Files\Java\jdk-11.0.17\bin\jimage.dll
0x00007ffdb0030000 - 0x00007ffdb0046000 	C:\Program Files\Java\jdk-11.0.17\bin\zip.dll
0x00007ffde0680000 - 0x00007ffde0dc4000 	C:\Windows\System32\SHELL32.dll
0x00007ffddd440000 - 0x00007ffdddbd2000 	C:\Windows\SYSTEM32\windows.storage.dll
0x00007ffddfdb0000 - 0x00007ffde0105000 	C:\Windows\System32\combase.dll
0x00007ffddec40000 - 0x00007ffddec70000 	C:\Windows\SYSTEM32\Wldp.dll
0x00007ffde1b50000 - 0x00007ffde1bfd000 	C:\Windows\System32\SHCORE.dll
0x00007ffde1af0000 - 0x00007ffde1b45000 	C:\Windows\System32\shlwapi.dll
0x00007ffddf2e0000 - 0x00007ffddf2ff000 	C:\Windows\SYSTEM32\profapi.dll
0x00007ffda89b0000 - 0x00007ffda89c9000 	C:\Program Files\Java\jdk-11.0.17\bin\net.dll
0x00007ffdd9bc0000 - 0x00007ffdd9ccc000 	C:\Windows\SYSTEM32\WINHTTP.dll
0x00007ffddea20000 - 0x00007ffddea8a000 	C:\Windows\system32\mswsock.dll
0x00007ffda3d80000 - 0x00007ffda3d92000 	C:\Program Files\Java\jdk-11.0.17\bin\nio.dll
0x00007ffda3d50000 - 0x00007ffda3d77000 	C:\Users\Pedro\.gradle\native\68d5fa5c4cc2d200863cafc0d521ce42e7d3e7ee720ec0a83991735586a16f82\windows-amd64\native-platform.dll
0x00007ffd819d0000 - 0x00007ffd81b14000 	C:\Users\Pedro\.gradle\native\e376f236ea51e6404a007f0833ffe2c6e607c4080706a723a18a27aeea778392\windows-amd64\native-platform-file-events.dll
0x00007ffdc2940000 - 0x00007ffdc2949000 	C:\Program Files\Java\jdk-11.0.17\bin\management.dll
0x00007ffdc2920000 - 0x00007ffdc292b000 	C:\Program Files\Java\jdk-11.0.17\bin\management_ext.dll
0x00007ffddec80000 - 0x00007ffddec98000 	C:\Windows\SYSTEM32\CRYPTSP.dll
0x00007ffdde360000 - 0x00007ffdde394000 	C:\Windows\system32\rsaenh.dll
0x00007ffddfc70000 - 0x00007ffddfc97000 	C:\Windows\System32\bcrypt.dll
0x00007ffddf2a0000 - 0x00007ffddf2ce000 	C:\Windows\SYSTEM32\USERENV.dll
0x00007ffddebb0000 - 0x00007ffddebbc000 	C:\Windows\SYSTEM32\CRYPTBASE.dll
0x00007ffdde730000 - 0x00007ffdde76b000 	C:\Windows\SYSTEM32\IPHLPAPI.DLL
0x00007ffde05b0000 - 0x00007ffde05b8000 	C:\Windows\System32\NSI.dll
0x00007ffdd95e0000 - 0x00007ffdd95f7000 	C:\Windows\SYSTEM32\dhcpcsvc6.DLL
0x00007ffdd9550000 - 0x00007ffdd956d000 	C:\Windows\SYSTEM32\dhcpcsvc.DLL
0x00007ffdde770000 - 0x00007ffdde83a000 	C:\Windows\SYSTEM32\DNSAPI.dll
0x00007ffddcbc0000 - 0x00007ffddcbcd000 	C:\Program Files\Java\jdk-11.0.17\bin\sunmscapi.dll
0x00007ffddf790000 - 0x00007ffddf8e6000 	C:\Windows\System32\CRYPT32.dll
0x00007ffddee70000 - 0x00007ffddee97000 	C:\Windows\SYSTEM32\ncrypt.dll
0x00007ffddee30000 - 0x00007ffddee6b000 	C:\Windows\SYSTEM32\NTASN1.dll
0x00007ffdda5f0000 - 0x00007ffdda615000 	C:\Program Files\Java\jdk-11.0.17\bin\sunec.dll
0x00007ffdd7710000 - 0x00007ffdd771a000 	C:\Windows\System32\rasadhlp.dll
0x00007ffdd7180000 - 0x00007ffdd7200000 	C:\Windows\System32\fwpuclnt.dll

dbghelp: loaded successfully - version: 4.0.5 - missing functions: none
symbol engine: initialized successfully - sym options: 0x614 - pdb path: .;C:\Program Files\Java\jdk-11.0.17\bin;C:\Windows\SYSTEM32;C:\Windows\WinSxS\amd64_microsoft.windows.common-controls_6595b64144ccf1df_6.0.19041.1110_none_60b5254171f9507e;C:\Program Files\Java\jdk-11.0.17\bin\server;C:\Users\Pedro\.gradle\native\68d5fa5c4cc2d200863cafc0d521ce42e7d3e7ee720ec0a83991735586a16f82\windows-amd64;C:\Users\Pedro\.gradle\native\e376f236ea51e6404a007f0833ffe2c6e607c4080706a723a18a27aeea778392\windows-amd64

VM Arguments:
jvm_args: --add-opens=java.base/java.util=ALL-UNNAMED --add-opens=java.base/java.lang=ALL-UNNAMED --add-opens=java.base/java.lang.invoke=ALL-UNNAMED --add-opens=java.prefs/java.util.prefs=ALL-UNNAMED --add-opens=java.base/java.nio.charset=ALL-UNNAMED --add-opens=java.base/java.net=ALL-UNNAMED --add-opens=java.base/java.util.concurrent.atomic=ALL-UNNAMED -XX:MaxMetaspaceSize=256m -XX:+HeapDumpOnOutOfMemoryError -Xms256m -Xmx512m -Dfile.encoding=windows-1252 -Duser.country=AR -Duser.language=es -Duser.variant 
java_command: org.gradle.launcher.daemon.bootstrap.GradleDaemon 7.6
java_class_path (initial): C:\Users\Pedro\.gradle\wrapper\dists\gradle-7.6-bin\9l9tetv7ltxvx3i8an4pb86ye\gradle-7.6\lib\gradle-launcher-7.6.jar
Launcher Type: SUN_STANDARD

[Global flags]
     intx CICompilerCount                          = 3                                         {product} {ergonomic}
   size_t CompressedClassSpaceSize                 = 260046848                                 {product} {ergonomic}
     uint ConcGCThreads                            = 2                                         {product} {ergonomic}
     uint G1ConcRefinementThreads                  = 6                                         {product} {ergonomic}
   size_t G1HeapRegionSize                         = 1048576                                   {product} {ergonomic}
    uintx GCDrainStackTargetSize                   = 64                                        {product} {ergonomic}
     bool HeapDumpOnOutOfMemoryError               = true                                   {manageable} {command line}
   size_t InitialHeapSize                          = 268435456                                 {product} {command line}
   size_t MarkStackSize                            = 4194304                                   {product} {ergonomic}
   size_t MaxHeapSize                              = 536870912                                 {product} {command line}
   size_t MaxMetaspaceSize                         = 268435456                                 {product} {command line}
   size_t MaxNewSize                               = 321912832                                 {product} {ergonomic}
   size_t MinHeapDeltaBytes                        = 1048576                                   {product} {ergonomic}
    uintx NonNMethodCodeHeapSize                   = 5830732                                {pd product} {ergonomic}
    uintx NonProfiledCodeHeapSize                  = 122913754                              {pd product} {ergonomic}
    uintx ProfiledCodeHeapSize                     = 122913754                              {pd product} {ergonomic}
    uintx ReservedCodeCacheSize                    = 251658240                              {pd product} {ergonomic}
     bool SegmentedCodeCache                       = true                                      {product} {ergonomic}
     bool UseCompressedClassPointers               = true                                 {lp64_product} {ergonomic}
     bool UseCompressedOops                        = true                                 {lp64_product} {ergonomic}
     bool UseG1GC                                  = true                                      {product} {ergonomic}
     bool UseLargePagesIndividualAllocation        = false                                  {pd product} {ergonomic}

Logging:
Log output configuration:
 #0: stdout all=warning uptime,level,tags
 #1: stderr all=off uptime,level,tags

Environment Variables:
JAVA_HOME=C:\Program Files\Java\jdk-11.0.17
PATH=C:\Program Files\Eclipse Adoptium\jdk-11.0.16.101-hotspot\bin;C:\Program Files\Eclipse Adoptium\jdk-8.0.345.1-hotspot\bin;C:\Program Files (x86)\Common Files\Oracle\Java\javapath;C:\Windows\system32;C:\Windows;C:\Windows\System32\Wbem;C:\Windows\System32\WindowsPowerShell\v1.0\;C:\Windows\System32\OpenSSH\;C:\Program Files (x86)\NVIDIA Corporation\PhysX\Common;C:\Program Files\NVIDIA Corporation\NVIDIA NvDLISR;C:\Program Files\nodejs\;C:\Program Files\Git\cmd;C:\Program Files\Docker\Docker\resources\bin;C:\Users\Pedro\AppData\Local\Programs\Python\Python310\Scripts\;C:\Users\Pedro\AppData\Local\Programs\Python\Python310\;C:\Program Files\MySQL\MySQL Shell 8.0\bin\;C:\Users\Pedro\AppData\Local\Microsoft\WindowsApps;C:\Users\Pedro\AppData\Roaming\npm;C:\Users\Pedro\AppData\Local\Programs\Microsoft VS Code\bin;C:\Users\Pedro\AppData\Local\GitHubDesktop\bin;C:\Program Files\heroku\bin;C:\Program Files\Java\jdk-11.0.17\bin;C:\Program Files\Java\jdk-11.0.17\gradle-7.6\bin;
USERNAME=Pedro
OS=Windows_NT
PROCESSOR_IDENTIFIER=AMD64 Family 21 Model 2 Stepping 0, AuthenticAMD



---------------  S Y S T E M  ---------------

OS: Windows 10 , 64 bit Build 19041 (10.0.19041.2364)
Hyper-V role detected

CPU:total 6 (initial active 6) (6 cores per cpu, 1 threads per core) family 21 model 2 stepping 0 microcode 0x0, cmov, cx8, fxsr, mmx, sse, sse2, sse3, ssse3, sse4.1, sse4.2, popcnt, avx, aes, clmul, mmxext, 3dnowpref, lzcnt, sse4a, tsc, tscinvbit, tscinv, bmi1, fma

Memory: 4k page, system-wide physical 8158M (568M free)
TotalPageFile size 12158M (AvailPageFile size 2M)
current process WorkingSet (physical memory assigned to process): 471M, peak: 501M
current process commit charge ("private bytes"): 517M, peak: 546M

vm_info: Java HotSpot(TM) 64-Bit Server VM (11.0.17+10-LTS-269) for windows-amd64 JRE (11.0.17+10-LTS-269), built on Sep 13 2022 19:26:37 by "mach5one" with MS VC++ 15.9 (VS2017)

END.
