#
# There is insufficient memory for the Java Runtime Environment to continue.
# Native memory allocation (malloc) failed to allocate 1161616 bytes for Chunk::new
# Possible reasons:
#   The system is out of physical RAM or swap space
#   The process is running with CompressedOops enabled, and the Java Heap may be blocking the growth of the native heap
# Possible solutions:
#   Reduce memory load on the system
#   Increase physical memory or swap space
#   Check if swap backing store is full
#   Decrease Java heap size (-Xmx/-Xms)
#   Decrease number of Java threads
#   Decrease Java thread stack sizes (-Xss)
#   Set larger code cache with -XX:ReservedCodeCacheSize=
#   JVM is running with Unscaled Compressed Oops mode in which the Java heap is
#     placed in the first 4GB address space. The Java Heap base address is the
#     maximum limit for the native heap growth. Please use -XX:HeapBaseMinAddress
#     to set the Java Heap base and to place the Java Heap above 4GB virtual address.
# This output file may be truncated or incomplete.
#
#  Out of Memory Error (./src/hotspot/share/memory/arena.cpp:197), pid=2308, tid=5372
#
# JRE version: OpenJDK Runtime Environment Temurin-11.0.16.1+1 (11.0.16.1+1) (build 11.0.16.1+1)
# Java VM: OpenJDK 64-Bit Server VM Temurin-11.0.16.1+1 (11.0.16.1+1, mixed mode, tiered, compressed oops, g1 gc, windows-amd64)
# No core dump will be written. Minidumps are not enabled by default on client versions of Windows
#

---------------  S U M M A R Y ------------

Command Line: --add-opens=java.base/java.util=ALL-UNNAMED --add-opens=java.base/java.lang=ALL-UNNAMED --add-opens=java.base/java.lang.invoke=ALL-UNNAMED --add-opens=java.prefs/java.util.prefs=ALL-UNNAMED --add-opens=java.base/java.nio.charset=ALL-UNNAMED --add-opens=java.base/java.net=ALL-UNNAMED --add-opens=java.base/java.util.concurrent.atomic=ALL-UNNAMED -XX:MaxMetaspaceSize=256m -XX:+HeapDumpOnOutOfMemoryError -Xms256m -Xmx512m -Dfile.encoding=windows-1252 -Duser.country=AR -Duser.language=es -Duser.variant org.gradle.launcher.daemon.bootstrap.GradleDaemon 7.6

Host: AMD FX(tm)-6300 Six-Core Processor             , 6 cores, 7G,  Windows 10 , 64 bit Build 19041 (10.0.19041.2364)
Time: Mon Jan 30 18:54:43 2023 Hora estándar de Argentina elapsed time: 14.248004 seconds (0d 0h 0m 14s)

---------------  T H R E A D  ---------------

Current thread (0x0000024d3e3b6800):  JavaThread "C2 CompilerThread0" daemon [_thread_in_native, id=5372, stack(0x0000005836900000,0x0000005836a00000)]


Current CompileTask:
C2:  14248 7082       4       org.objectweb.asm.ClassReader::readStackMapFrame (535 bytes)

Stack: [0x0000005836900000,0x0000005836a00000]
Native frames: (J=compiled Java code, j=interpreted, Vv=VM code, C=native code)
V  [jvm.dll+0x61f18a]
V  [jvm.dll+0x7abb09]
V  [jvm.dll+0x7ad1f8]
V  [jvm.dll+0x7ad8d3]
V  [jvm.dll+0x24fc38]
V  [jvm.dll+0xc262c]
V  [jvm.dll+0xc2bec]
V  [jvm.dll+0x359e27]
V  [jvm.dll+0x19e879]
V  [jvm.dll+0x209072]
V  [jvm.dll+0x20808d]
V  [jvm.dll+0x18a3a1]
V  [jvm.dll+0x2178e4]
V  [jvm.dll+0x215b2b]
V  [jvm.dll+0x76e610]
V  [jvm.dll+0x767544]
V  [jvm.dll+0x61dff5]
C  [ucrtbase.dll+0x21bb2]
C  [KERNEL32.DLL+0x17614]
C  [ntdll.dll+0x526a1]


---------------  P R O C E S S  ---------------

Threads class SMR info:
_java_thread_list=0x0000024d421c8fb0, length=58, elements={
0x0000024d2267b000, 0x0000024d3da27800, 0x0000024d3da18000, 0x0000024d3da3b000,
0x0000024d3da3f000, 0x0000024d3e3b3000, 0x0000024d3e3b6800, 0x0000024d3e3bb800,
0x0000024d3e3bf800, 0x0000024d3e50f000, 0x0000024d40621800, 0x0000024d3f806000,
0x0000024d40250800, 0x0000024d40922800, 0x0000024d40d9f800, 0x0000024d3f76a800,
0x0000024d40154000, 0x0000024d4093a000, 0x0000024d40e7b000, 0x0000024d40bc8800,
0x0000024d40733000, 0x0000024d40735800, 0x0000024d40738000, 0x0000024d40734800,
0x0000024d40734000, 0x0000024d40736800, 0x0000024d40737000, 0x0000024d40732800,
0x0000024d40739000, 0x0000024d41afa000, 0x0000024d41af9000, 0x0000024d41afb800,
0x0000024d41afc800, 0x0000024d41af7800, 0x0000024d41afe000, 0x0000024d41af8800,
0x0000024d41b03800, 0x0000024d41b00800, 0x0000024d41b04800, 0x0000024d41aff000,
0x0000024d41b01800, 0x0000024d41b03000, 0x0000024d41b05800, 0x0000024d41b02000,
0x0000024d41aff800, 0x0000024d3fe10000, 0x0000024d3fe0f000, 0x0000024d3fe13000,
0x0000024d3fe15800, 0x0000024d3fe14000, 0x0000024d3fe12000, 0x0000024d3fe14800,
0x0000024d3fe16800, 0x0000024d3fe10800, 0x0000024d3fe17000, 0x0000024d3fe11800,
0x0000024d3fe1d800, 0x0000024d42214800
}

Java Threads: ( => current thread )
  0x0000024d2267b000 JavaThread "main" [_thread_blocked, id=14512, stack(0x0000005835d00000,0x0000005835e00000)]
  0x0000024d3da27800 JavaThread "Reference Handler" daemon [_thread_blocked, id=6536, stack(0x0000005836400000,0x0000005836500000)]
  0x0000024d3da18000 JavaThread "Finalizer" daemon [_thread_blocked, id=15132, stack(0x0000005836500000,0x0000005836600000)]
  0x0000024d3da3b000 JavaThread "Signal Dispatcher" daemon [_thread_blocked, id=916, stack(0x0000005836600000,0x0000005836700000)]
  0x0000024d3da3f000 JavaThread "Attach Listener" daemon [_thread_blocked, id=5148, stack(0x0000005836700000,0x0000005836800000)]
  0x0000024d3e3b3000 JavaThread "Service Thread" daemon [_thread_blocked, id=4952, stack(0x0000005836800000,0x0000005836900000)]
=>0x0000024d3e3b6800 JavaThread "C2 CompilerThread0" daemon [_thread_in_native, id=5372, stack(0x0000005836900000,0x0000005836a00000)]
  0x0000024d3e3bb800 JavaThread "C1 CompilerThread0" daemon [_thread_blocked, id=10196, stack(0x0000005836a00000,0x0000005836b00000)]
  0x0000024d3e3bf800 JavaThread "Sweeper thread" daemon [_thread_blocked, id=13540, stack(0x0000005836b00000,0x0000005836c00000)]
  0x0000024d3e50f000 JavaThread "Common-Cleaner" daemon [_thread_blocked, id=13892, stack(0x0000005836c00000,0x0000005836d00000)]
  0x0000024d40621800 JavaThread "Daemon health stats" [_thread_blocked, id=6916, stack(0x0000005837400000,0x0000005837500000)]
  0x0000024d3f806000 JavaThread "Incoming local TCP Connector on port 52980" [_thread_in_native, id=14400, stack(0x0000005836e00000,0x0000005836f00000)]
  0x0000024d40250800 JavaThread "Daemon periodic checks" [_thread_blocked, id=14312, stack(0x0000005837500000,0x0000005837600000)]
  0x0000024d40922800 JavaThread "Daemon" [_thread_blocked, id=1596, stack(0x0000005837600000,0x0000005837700000)]
  0x0000024d40d9f800 JavaThread "Handler for socket connection from /127.0.0.1:52980 to /127.0.0.1:52981" [_thread_in_native, id=10016, stack(0x0000005837700000,0x0000005837800000)]
  0x0000024d3f76a800 JavaThread "Cancel handler" [_thread_blocked, id=908, stack(0x0000005837800000,0x0000005837900000)]
  0x0000024d40154000 JavaThread "Daemon worker" [_thread_blocked, id=10384, stack(0x0000005837900000,0x0000005837a00000)]
  0x0000024d4093a000 JavaThread "Asynchronous log dispatcher for DefaultDaemonConnection: socket connection from /127.0.0.1:52980 to /127.0.0.1:52981" [_thread_blocked, id=8452, stack(0x0000005837a00000,0x0000005837b00000)]
  0x0000024d40e7b000 JavaThread "Stdin handler" [_thread_blocked, id=14688, stack(0x0000005837b00000,0x0000005837c00000)]
  0x0000024d40bc8800 JavaThread "Daemon client event forwarder" [_thread_blocked, id=13872, stack(0x0000005837c00000,0x0000005837d00000)]
  0x0000024d40733000 JavaThread "Cache worker for journal cache (C:\Users\Pedro\.gradle\caches\journal-1)" [_thread_blocked, id=6044, stack(0x0000005837d00000,0x0000005837e00000)]
  0x0000024d40735800 JavaThread "File lock request listener" [_thread_in_native, id=8980, stack(0x0000005837e00000,0x0000005837f00000)]
  0x0000024d40738000 JavaThread "Cache worker for file hash cache (C:\Users\Pedro\.gradle\caches\7.6\fileHashes)" [_thread_blocked, id=10304, stack(0x0000005838000000,0x0000005838100000)]
  0x0000024d40734800 JavaThread "File watcher server" daemon [_thread_in_native, id=14008, stack(0x0000005838200000,0x0000005838300000)]
  0x0000024d40734000 JavaThread "File watcher consumer" daemon [_thread_blocked, id=6236, stack(0x0000005838300000,0x0000005838400000)]
  0x0000024d40736800 JavaThread "Cache worker for checksums cache (D:\WorkSpace\WorkSpace-MindHub\Challenge-techTitans\techtitans\.gradle\7.6\checksums)" [_thread_blocked, id=140, stack(0x0000005838400000,0x0000005838500000)]
  0x0000024d40737000 JavaThread "Cache worker for cache directory md-rule (C:\Users\Pedro\.gradle\caches\7.6\md-rule)" [_thread_blocked, id=12568, stack(0x0000005838500000,0x0000005838600000)]
  0x0000024d40732800 JavaThread "Cache worker for file content cache (C:\Users\Pedro\.gradle\caches\7.6\fileContent)" [_thread_blocked, id=9916, stack(0x0000005838600000,0x0000005838700000)]
  0x0000024d40739000 JavaThread "Cache worker for file hash cache (D:\WorkSpace\WorkSpace-MindHub\Challenge-techTitans\techtitans\.gradle\7.6\fileHashes)" [_thread_blocked, id=12924, stack(0x0000005838700000,0x0000005838800000)]
  0x0000024d41afa000 JavaThread "Cache worker for cache directory md-supplier (C:\Users\Pedro\.gradle\caches\7.6\md-supplier)" [_thread_blocked, id=8972, stack(0x0000005838800000,0x0000005838900000)]
  0x0000024d41af9000 JavaThread "Cache worker for execution history cache (C:\Users\Pedro\.gradle\caches\7.6\executionHistory)" [_thread_blocked, id=9456, stack(0x0000005838900000,0x0000005838a00000)]
  0x0000024d41afb800 JavaThread "jar transforms" [_thread_blocked, id=2236, stack(0x0000005838a00000,0x0000005838b00000)]
  0x0000024d41afc800 JavaThread "jar transforms Thread 2" [_thread_blocked, id=15248, stack(0x0000005838b00000,0x0000005838c00000)]
  0x0000024d41af7800 JavaThread "jar transforms Thread 3" [_thread_blocked, id=14416, stack(0x0000005838c00000,0x0000005838d00000)]
  0x0000024d41afe000 JavaThread "jar transforms Thread 4" [_thread_in_native, id=5960, stack(0x0000005838d00000,0x0000005838e00000)]
  0x0000024d41af8800 JavaThread "jar transforms Thread 5" [_thread_in_native, id=12820, stack(0x0000005838e00000,0x0000005838f00000)]
  0x0000024d41b03800 JavaThread "jar transforms Thread 6" [_thread_blocked, id=2108, stack(0x0000005838f00000,0x0000005839000000)]
  0x0000024d41b00800 JavaThread "Cache worker for dependencies-accessors (D:\WorkSpace\WorkSpace-MindHub\Challenge-techTitans\techtitans\.gradle\7.6\dependencies-accessors)" [_thread_blocked, id=7276, stack(0x0000005839000000,0x0000005839100000)]
  0x0000024d41b04800 JavaThread "Cache worker for Build Output Cleanup Cache (D:\WorkSpace\WorkSpace-MindHub\Challenge-techTitans\techtitans\.gradle\buildOutputCleanup)" [_thread_blocked, id=1304, stack(0x0000005839100000,0x0000005839200000)]
  0x0000024d41aff000 JavaThread "Unconstrained build operations" [_thread_blocked, id=13084, stack(0x0000005838100000,0x0000005838200000)]
  0x0000024d41b01800 JavaThread "Unconstrained build operations Thread 2" [_thread_blocked, id=9084, stack(0x0000005839300000,0x0000005839400000)]
  0x0000024d41b03000 JavaThread "Unconstrained build operations Thread 3" [_thread_blocked, id=14740, stack(0x0000005839400000,0x0000005839500000)]
  0x0000024d41b05800 JavaThread "Unconstrained build operations Thread 4" [_thread_blocked, id=1592, stack(0x0000005839500000,0x0000005839600000)]
  0x0000024d41b02000 JavaThread "Unconstrained build operations Thread 5" [_thread_blocked, id=8316, stack(0x0000005839600000,0x0000005839700000)]
  0x0000024d41aff800 JavaThread "Unconstrained build operations Thread 6" [_thread_blocked, id=10228, stack(0x0000005839700000,0x0000005839800000)]
  0x0000024d3fe10000 JavaThread "Unconstrained build operations Thread 7" [_thread_blocked, id=3436, stack(0x0000005839800000,0x0000005839900000)]
  0x0000024d3fe0f000 JavaThread "Unconstrained build operations Thread 8" [_thread_blocked, id=3864, stack(0x0000005839900000,0x0000005839a00000)]
  0x0000024d3fe13000 JavaThread "Unconstrained build operations Thread 9" [_thread_blocked, id=8900, stack(0x0000005839a00000,0x0000005839b00000)]
  0x0000024d3fe15800 JavaThread "Unconstrained build operations Thread 10" [_thread_blocked, id=1912, stack(0x0000005839b00000,0x0000005839c00000)]
  0x0000024d3fe14000 JavaThread "Unconstrained build operations Thread 11" [_thread_blocked, id=14508, stack(0x0000005839c00000,0x0000005839d00000)]
  0x0000024d3fe12000 JavaThread "Unconstrained build operations Thread 12" [_thread_blocked, id=13800, stack(0x0000005839d00000,0x0000005839e00000)]
  0x0000024d3fe14800 JavaThread "Unconstrained build operations Thread 13" [_thread_blocked, id=4612, stack(0x0000005839e00000,0x0000005839f00000)]
  0x0000024d3fe16800 JavaThread "Unconstrained build operations Thread 14" [_thread_blocked, id=11240, stack(0x0000005839f00000,0x000000583a000000)]
  0x0000024d3fe10800 JavaThread "Unconstrained build operations Thread 15" [_thread_blocked, id=12944, stack(0x000000583a000000,0x000000583a100000)]
  0x0000024d3fe17000 JavaThread "Unconstrained build operations Thread 16" [_thread_blocked, id=12264, stack(0x000000583a100000,0x000000583a200000)]
  0x0000024d3fe11800 JavaThread "Unconstrained build operations Thread 17" [_thread_blocked, id=8940, stack(0x000000583a200000,0x000000583a300000)]
  0x0000024d3fe1d800 JavaThread "Unconstrained build operations Thread 18" [_thread_blocked, id=8516, stack(0x000000583a300000,0x000000583a400000)]
  0x0000024d42214800 JavaThread "C2 CompilerThread1" daemon [_thread_in_native, id=8048, stack(0x000000583a400000,0x000000583a500000)]

Other Threads:
  0x0000024d3d9f1000 VMThread "VM Thread" [stack: 0x0000005836300000,0x0000005836400000] [id=1836]
  0x0000024d3e527800 WatcherThread [stack: 0x0000005836d00000,0x0000005836e00000] [id=10756]
  0x0000024d22696800 GCTaskThread "GC Thread#0" [stack: 0x0000005835e00000,0x0000005835f00000] [id=6532]
  0x0000024d3f182000 GCTaskThread "GC Thread#1" [stack: 0x0000005836f00000,0x0000005837000000] [id=13936]
  0x0000024d3ea8c800 GCTaskThread "GC Thread#2" [stack: 0x0000005837000000,0x0000005837100000] [id=11588]
  0x0000024d3f4d5000 GCTaskThread "GC Thread#3" [stack: 0x0000005837100000,0x0000005837200000] [id=8388]
  0x0000024d3f410800 GCTaskThread "GC Thread#4" [stack: 0x0000005837200000,0x0000005837300000] [id=15212]
  0x0000024d3f2cb000 GCTaskThread "GC Thread#5" [stack: 0x0000005837300000,0x0000005837400000] [id=4772]
  0x0000024d226a7800 ConcurrentGCThread "G1 Main Marker" [stack: 0x0000005835f00000,0x0000005836000000] [id=14092]
  0x0000024d226aa800 ConcurrentGCThread "G1 Conc#0" [stack: 0x0000005836000000,0x0000005836100000] [id=8624]
  0x0000024d4091d800 ConcurrentGCThread "G1 Conc#1" [stack: 0x0000005837f00000,0x0000005838000000] [id=5944]
  0x0000024d2275d800 ConcurrentGCThread "G1 Refine#0" [stack: 0x0000005836100000,0x0000005836200000] [id=8912]
  0x0000024d3d892800 ConcurrentGCThread "G1 Young RemSet Sampling" [stack: 0x0000005836200000,0x0000005836300000] [id=10412]

Threads with active compile tasks:
C2 CompilerThread0    14287 7082       4       org.objectweb.asm.ClassReader::readStackMapFrame (535 bytes)
C2 CompilerThread1    14287 6834       4       org.objectweb.asm.ClassReader::readCode (5109 bytes)

VM state:not at safepoint (normal execution)

VM Mutex/Monitor currently owned by a thread: None

Heap address: 0x00000000e0000000, size: 512 MB, Compressed Oops mode: 32-bit
Narrow klass base: 0x0000000000000000, Narrow klass shift: 3
Compressed class space size: 260046848 Address: 0x0000000100000000

Heap:
 garbage-first heap   total 262144K, used 45510K [0x00000000e0000000, 0x0000000100000000)
  region size 1024K, 9 young (9216K), 8 survivors (8192K)
 Metaspace       used 62941K, capacity 64534K, committed 64688K, reserved 311296K
  class space    used 7960K, capacity 8567K, committed 8576K, reserved 253952K
Heap Regions: E=young(eden), S=young(survivor), O=old, HS=humongous(starts), HC=humongous(continues), CS=collection set, F=free, A=archive, TAMS=top-at-mark-start (previous, next)
|   0|0x00000000e0000000, 0x00000000e0100000, 0x00000000e0100000|100%|HS|  |TAMS 0x00000000e0100000, 0x00000000e0000000| Complete 
|   1|0x00000000e0100000, 0x00000000e0200000, 0x00000000e0200000|100%|HC|  |TAMS 0x00000000e0200000, 0x00000000e0100000| Complete 
|   2|0x00000000e0200000, 0x00000000e0300000, 0x00000000e0300000|100%|HC|  |TAMS 0x00000000e0300000, 0x00000000e0200000| Complete 
|   3|0x00000000e0300000, 0x00000000e0400000, 0x00000000e0400000|100%| O|  |TAMS 0x00000000e0400000, 0x00000000e0300000| Untracked 
|   4|0x00000000e0400000, 0x00000000e0500000, 0x00000000e0500000|100%| O|  |TAMS 0x00000000e0500000, 0x00000000e0400000| Untracked 
|   5|0x00000000e0500000, 0x00000000e0600000, 0x00000000e0600000|100%| O|  |TAMS 0x00000000e0600000, 0x00000000e0500000| Untracked 
|   6|0x00000000e0600000, 0x00000000e0700000, 0x00000000e0700000|100%| O|  |TAMS 0x00000000e0700000, 0x00000000e0600000| Untracked 
|   7|0x00000000e0700000, 0x00000000e0800000, 0x00000000e0800000|100%| O|  |TAMS 0x00000000e0800000, 0x00000000e0700000| Untracked 
|   8|0x00000000e0800000, 0x00000000e0900000, 0x00000000e0900000|100%| O|  |TAMS 0x00000000e0900000, 0x00000000e0800000| Untracked 
|   9|0x00000000e0900000, 0x00000000e0a00000, 0x00000000e0a00000|100%| O|  |TAMS 0x00000000e0a00000, 0x00000000e0900000| Untracked 
|  10|0x00000000e0a00000, 0x00000000e0b00000, 0x00000000e0b00000|100%| O|  |TAMS 0x00000000e0b00000, 0x00000000e0a00000| Untracked 
|  11|0x00000000e0b00000, 0x00000000e0c00000, 0x00000000e0c00000|100%| O|  |TAMS 0x00000000e0c00000, 0x00000000e0b00000| Untracked 
|  12|0x00000000e0c00000, 0x00000000e0d00000, 0x00000000e0d00000|100%| O|  |TAMS 0x00000000e0d00000, 0x00000000e0c00000| Untracked 
|  13|0x00000000e0d00000, 0x00000000e0e00000, 0x00000000e0e00000|100%| O|  |TAMS 0x00000000e0e00000, 0x00000000e0d00000| Untracked 
|  14|0x00000000e0e00000, 0x00000000e0f00000, 0x00000000e0f00000|100%| O|  |TAMS 0x00000000e0f00000, 0x00000000e0e00000| Untracked 
|  15|0x00000000e0f00000, 0x00000000e1000000, 0x00000000e1000000|100%| O|  |TAMS 0x00000000e1000000, 0x00000000e0f00000| Untracked 
|  16|0x00000000e1000000, 0x00000000e1100000, 0x00000000e1100000|100%| O|  |TAMS 0x00000000e1100000, 0x00000000e1000000| Untracked 
|  17|0x00000000e1100000, 0x00000000e1200000, 0x00000000e1200000|100%| O|  |TAMS 0x00000000e1200000, 0x00000000e1100000| Untracked 
|  18|0x00000000e1200000, 0x00000000e1300000, 0x00000000e1300000|100%| O|  |TAMS 0x00000000e1300000, 0x00000000e1200000| Untracked 
|  19|0x00000000e1300000, 0x00000000e1400000, 0x00000000e1400000|100%| O|  |TAMS 0x00000000e1400000, 0x00000000e1300000| Untracked 
|  20|0x00000000e1400000, 0x00000000e1500000, 0x00000000e1500000|100%| O|  |TAMS 0x00000000e1500000, 0x00000000e1400000| Untracked 
|  21|0x00000000e1500000, 0x00000000e1600000, 0x00000000e1600000|100%| O|  |TAMS 0x00000000e1600000, 0x00000000e1500000| Untracked 
|  22|0x00000000e1600000, 0x00000000e1700000, 0x00000000e1700000|100%| O|  |TAMS 0x00000000e1700000, 0x00000000e1600000| Untracked 
|  23|0x00000000e1700000, 0x00000000e1800000, 0x00000000e1800000|100%| O|  |TAMS 0x00000000e1800000, 0x00000000e1700000| Untracked 
|  24|0x00000000e1800000, 0x00000000e1900000, 0x00000000e1900000|100%| O|  |TAMS 0x00000000e1900000, 0x00000000e1800000| Untracked 
|  25|0x00000000e1900000, 0x00000000e1a00000, 0x00000000e1a00000|100%| O|  |TAMS 0x00000000e1a00000, 0x00000000e1900000| Untracked 
|  26|0x00000000e1a00000, 0x00000000e1b00000, 0x00000000e1b00000|100%| O|  |TAMS 0x00000000e1b00000, 0x00000000e1a00000| Untracked 
|  27|0x00000000e1b00000, 0x00000000e1c00000, 0x00000000e1c00000|100%| O|  |TAMS 0x00000000e1c00000, 0x00000000e1b00000| Untracked 
|  28|0x00000000e1c00000, 0x00000000e1d00000, 0x00000000e1d00000|100%| O|  |TAMS 0x00000000e1d00000, 0x00000000e1c00000| Untracked 
|  29|0x00000000e1d00000, 0x00000000e1e00000, 0x00000000e1e00000|100%| O|  |TAMS 0x00000000e1e00000, 0x00000000e1d00000| Untracked 
|  30|0x00000000e1e00000, 0x00000000e1f00000, 0x00000000e1f00000|100%| O|  |TAMS 0x00000000e1f00000, 0x00000000e1e00000| Untracked 
|  31|0x00000000e1f00000, 0x00000000e2000000, 0x00000000e2000000|100%| O|  |TAMS 0x00000000e2000000, 0x00000000e1f00000| Untracked 
|  32|0x00000000e2000000, 0x00000000e2100000, 0x00000000e2100000|100%| O|  |TAMS 0x00000000e2100000, 0x00000000e2000000| Untracked 
|  33|0x00000000e2100000, 0x00000000e2200000, 0x00000000e2200000|100%| O|  |TAMS 0x00000000e2200000, 0x00000000e2100000| Untracked 
|  34|0x00000000e2200000, 0x00000000e2300000, 0x00000000e2300000|100%| O|  |TAMS 0x00000000e2300000, 0x00000000e2200000| Untracked 
|  35|0x00000000e2300000, 0x00000000e2400000, 0x00000000e2400000|100%| O|  |TAMS 0x00000000e2400000, 0x00000000e2300000| Untracked 
|  36|0x00000000e2400000, 0x00000000e2471a00, 0x00000000e2500000| 44%| O|  |TAMS 0x00000000e2471a00, 0x00000000e2400000| Untracked 
|  37|0x00000000e2500000, 0x00000000e2500000, 0x00000000e2600000|  0%| F|  |TAMS 0x00000000e2500000, 0x00000000e2500000| Untracked 
|  38|0x00000000e2600000, 0x00000000e2600000, 0x00000000e2700000|  0%| F|  |TAMS 0x00000000e2600000, 0x00000000e2600000| Untracked 
|  39|0x00000000e2700000, 0x00000000e2700000, 0x00000000e2800000|  0%| F|  |TAMS 0x00000000e2700000, 0x00000000e2700000| Untracked 
|  40|0x00000000e2800000, 0x00000000e2800000, 0x00000000e2900000|  0%| F|  |TAMS 0x00000000e2800000, 0x00000000e2800000| Untracked 
|  41|0x00000000e2900000, 0x00000000e2900000, 0x00000000e2a00000|  0%| F|  |TAMS 0x00000000e2900000, 0x00000000e2900000| Untracked 
|  42|0x00000000e2a00000, 0x00000000e2a00000, 0x00000000e2b00000|  0%| F|  |TAMS 0x00000000e2a00000, 0x00000000e2a00000| Untracked 
|  43|0x00000000e2b00000, 0x00000000e2b00000, 0x00000000e2c00000|  0%| F|  |TAMS 0x00000000e2b00000, 0x00000000e2b00000| Untracked 
|  44|0x00000000e2c00000, 0x00000000e2c00000, 0x00000000e2d00000|  0%| F|  |TAMS 0x00000000e2c00000, 0x00000000e2c00000| Untracked 
|  45|0x00000000e2d00000, 0x00000000e2d00000, 0x00000000e2e00000|  0%| F|  |TAMS 0x00000000e2d00000, 0x00000000e2d00000| Untracked 
|  46|0x00000000e2e00000, 0x00000000e2e00000, 0x00000000e2f00000|  0%| F|  |TAMS 0x00000000e2e00000, 0x00000000e2e00000| Untracked 
|  47|0x00000000e2f00000, 0x00000000e2f00000, 0x00000000e3000000|  0%| F|  |TAMS 0x00000000e2f00000, 0x00000000e2f00000| Untracked 
|  48|0x00000000e3000000, 0x00000000e3000000, 0x00000000e3100000|  0%| F|  |TAMS 0x00000000e3000000, 0x00000000e3000000| Untracked 
|  49|0x00000000e3100000, 0x00000000e3100000, 0x00000000e3200000|  0%| F|  |TAMS 0x00000000e3100000, 0x00000000e3100000| Untracked 
|  50|0x00000000e3200000, 0x00000000e3200000, 0x00000000e3300000|  0%| F|  |TAMS 0x00000000e3200000, 0x00000000e3200000| Untracked 
|  51|0x00000000e3300000, 0x00000000e3300000, 0x00000000e3400000|  0%| F|  |TAMS 0x00000000e3300000, 0x00000000e3300000| Untracked 
|  52|0x00000000e3400000, 0x00000000e3400000, 0x00000000e3500000|  0%| F|  |TAMS 0x00000000e3400000, 0x00000000e3400000| Untracked 
|  53|0x00000000e3500000, 0x00000000e3500000, 0x00000000e3600000|  0%| F|  |TAMS 0x00000000e3500000, 0x00000000e3500000| Untracked 
|  54|0x00000000e3600000, 0x00000000e3600000, 0x00000000e3700000|  0%| F|  |TAMS 0x00000000e3600000, 0x00000000e3600000| Untracked 
|  55|0x00000000e3700000, 0x00000000e3700000, 0x00000000e3800000|  0%| F|  |TAMS 0x00000000e3700000, 0x00000000e3700000| Untracked 
|  56|0x00000000e3800000, 0x00000000e3800000, 0x00000000e3900000|  0%| F|  |TAMS 0x00000000e3800000, 0x00000000e3800000| Untracked 
|  57|0x00000000e3900000, 0x00000000e3900000, 0x00000000e3a00000|  0%| F|  |TAMS 0x00000000e3900000, 0x00000000e3900000| Untracked 
|  58|0x00000000e3a00000, 0x00000000e3a00000, 0x00000000e3b00000|  0%| F|  |TAMS 0x00000000e3a00000, 0x00000000e3a00000| Untracked 
|  59|0x00000000e3b00000, 0x00000000e3b00000, 0x00000000e3c00000|  0%| F|  |TAMS 0x00000000e3b00000, 0x00000000e3b00000| Untracked 
|  60|0x00000000e3c00000, 0x00000000e3c00000, 0x00000000e3d00000|  0%| F|  |TAMS 0x00000000e3c00000, 0x00000000e3c00000| Untracked 
|  61|0x00000000e3d00000, 0x00000000e3d00000, 0x00000000e3e00000|  0%| F|  |TAMS 0x00000000e3d00000, 0x00000000e3d00000| Untracked 
|  62|0x00000000e3e00000, 0x00000000e3e00000, 0x00000000e3f00000|  0%| F|  |TAMS 0x00000000e3e00000, 0x00000000e3e00000| Untracked 
|  63|0x00000000e3f00000, 0x00000000e3f00000, 0x00000000e4000000|  0%| F|  |TAMS 0x00000000e3f00000, 0x00000000e3f00000| Untracked 
|  64|0x00000000e4000000, 0x00000000e4000000, 0x00000000e4100000|  0%| F|  |TAMS 0x00000000e4000000, 0x00000000e4000000| Untracked 
|  65|0x00000000e4100000, 0x00000000e4100000, 0x00000000e4200000|  0%| F|  |TAMS 0x00000000e4100000, 0x00000000e4100000| Untracked 
|  66|0x00000000e4200000, 0x00000000e4200000, 0x00000000e4300000|  0%| F|  |TAMS 0x00000000e4200000, 0x00000000e4200000| Untracked 
|  67|0x00000000e4300000, 0x00000000e4300000, 0x00000000e4400000|  0%| F|  |TAMS 0x00000000e4300000, 0x00000000e4300000| Untracked 
|  68|0x00000000e4400000, 0x00000000e4400000, 0x00000000e4500000|  0%| F|  |TAMS 0x00000000e4400000, 0x00000000e4400000| Untracked 
|  69|0x00000000e4500000, 0x00000000e4500000, 0x00000000e4600000|  0%| F|  |TAMS 0x00000000e4500000, 0x00000000e4500000| Untracked 
|  70|0x00000000e4600000, 0x00000000e4600000, 0x00000000e4700000|  0%| F|  |TAMS 0x00000000e4600000, 0x00000000e4600000| Untracked 
|  71|0x00000000e4700000, 0x00000000e4700000, 0x00000000e4800000|  0%| F|  |TAMS 0x00000000e4700000, 0x00000000e4700000| Untracked 
|  72|0x00000000e4800000, 0x00000000e4800000, 0x00000000e4900000|  0%| F|  |TAMS 0x00000000e4800000, 0x00000000e4800000| Untracked 
|  73|0x00000000e4900000, 0x00000000e4900000, 0x00000000e4a00000|  0%| F|  |TAMS 0x00000000e4900000, 0x00000000e4900000| Untracked 
|  74|0x00000000e4a00000, 0x00000000e4a00000, 0x00000000e4b00000|  0%| F|  |TAMS 0x00000000e4a00000, 0x00000000e4a00000| Untracked 
|  75|0x00000000e4b00000, 0x00000000e4b00000, 0x00000000e4c00000|  0%| F|  |TAMS 0x00000000e4b00000, 0x00000000e4b00000| Untracked 
|  76|0x00000000e4c00000, 0x00000000e4c00000, 0x00000000e4d00000|  0%| F|  |TAMS 0x00000000e4c00000, 0x00000000e4c00000| Untracked 
|  77|0x00000000e4d00000, 0x00000000e4d00000, 0x00000000e4e00000|  0%| F|  |TAMS 0x00000000e4d00000, 0x00000000e4d00000| Untracked 
|  78|0x00000000e4e00000, 0x00000000e4e00000, 0x00000000e4f00000|  0%| F|  |TAMS 0x00000000e4e00000, 0x00000000e4e00000| Untracked 
|  79|0x00000000e4f00000, 0x00000000e4f00000, 0x00000000e5000000|  0%| F|  |TAMS 0x00000000e4f00000, 0x00000000e4f00000| Untracked 
|  80|0x00000000e5000000, 0x00000000e5000000, 0x00000000e5100000|  0%| F|  |TAMS 0x00000000e5000000, 0x00000000e5000000| Untracked 
|  81|0x00000000e5100000, 0x00000000e5100000, 0x00000000e5200000|  0%| F|  |TAMS 0x00000000e5100000, 0x00000000e5100000| Untracked 
|  82|0x00000000e5200000, 0x00000000e5200000, 0x00000000e5300000|  0%| F|  |TAMS 0x00000000e5200000, 0x00000000e5200000| Untracked 
|  83|0x00000000e5300000, 0x00000000e5300000, 0x00000000e5400000|  0%| F|  |TAMS 0x00000000e5300000, 0x00000000e5300000| Untracked 
|  84|0x00000000e5400000, 0x00000000e5400000, 0x00000000e5500000|  0%| F|  |TAMS 0x00000000e5400000, 0x00000000e5400000| Untracked 
|  85|0x00000000e5500000, 0x00000000e5500000, 0x00000000e5600000|  0%| F|  |TAMS 0x00000000e5500000, 0x00000000e5500000| Untracked 
|  86|0x00000000e5600000, 0x00000000e5600000, 0x00000000e5700000|  0%| F|  |TAMS 0x00000000e5600000, 0x00000000e5600000| Untracked 
|  87|0x00000000e5700000, 0x00000000e5700000, 0x00000000e5800000|  0%| F|  |TAMS 0x00000000e5700000, 0x00000000e5700000| Untracked 
|  88|0x00000000e5800000, 0x00000000e5800000, 0x00000000e5900000|  0%| F|  |TAMS 0x00000000e5800000, 0x00000000e5800000| Untracked 
|  89|0x00000000e5900000, 0x00000000e5900000, 0x00000000e5a00000|  0%| F|  |TAMS 0x00000000e5900000, 0x00000000e5900000| Untracked 
|  90|0x00000000e5a00000, 0x00000000e5a00000, 0x00000000e5b00000|  0%| F|  |TAMS 0x00000000e5a00000, 0x00000000e5a00000| Untracked 
|  91|0x00000000e5b00000, 0x00000000e5b00000, 0x00000000e5c00000|  0%| F|  |TAMS 0x00000000e5b00000, 0x00000000e5b00000| Untracked 
|  92|0x00000000e5c00000, 0x00000000e5c00000, 0x00000000e5d00000|  0%| F|  |TAMS 0x00000000e5c00000, 0x00000000e5c00000| Untracked 
|  93|0x00000000e5d00000, 0x00000000e5d00000, 0x00000000e5e00000|  0%| F|  |TAMS 0x00000000e5d00000, 0x00000000e5d00000| Untracked 
|  94|0x00000000e5e00000, 0x00000000e5e00000, 0x00000000e5f00000|  0%| F|  |TAMS 0x00000000e5e00000, 0x00000000e5e00000| Untracked 
|  95|0x00000000e5f00000, 0x00000000e5f00000, 0x00000000e6000000|  0%| F|  |TAMS 0x00000000e5f00000, 0x00000000e5f00000| Untracked 
|  96|0x00000000e6000000, 0x00000000e6000000, 0x00000000e6100000|  0%| F|  |TAMS 0x00000000e6000000, 0x00000000e6000000| Untracked 
|  97|0x00000000e6100000, 0x00000000e6100000, 0x00000000e6200000|  0%| F|  |TAMS 0x00000000e6100000, 0x00000000e6100000| Untracked 
|  98|0x00000000e6200000, 0x00000000e6200000, 0x00000000e6300000|  0%| F|  |TAMS 0x00000000e6200000, 0x00000000e6200000| Untracked 
|  99|0x00000000e6300000, 0x00000000e6300000, 0x00000000e6400000|  0%| F|  |TAMS 0x00000000e6300000, 0x00000000e6300000| Untracked 
| 100|0x00000000e6400000, 0x00000000e6400000, 0x00000000e6500000|  0%| F|  |TAMS 0x00000000e6400000, 0x00000000e6400000| Untracked 
| 101|0x00000000e6500000, 0x00000000e6500000, 0x00000000e6600000|  0%| F|  |TAMS 0x00000000e6500000, 0x00000000e6500000| Untracked 
| 102|0x00000000e6600000, 0x00000000e6600000, 0x00000000e6700000|  0%| F|  |TAMS 0x00000000e6600000, 0x00000000e6600000| Untracked 
| 103|0x00000000e6700000, 0x00000000e6700000, 0x00000000e6800000|  0%| F|  |TAMS 0x00000000e6700000, 0x00000000e6700000| Untracked 
| 104|0x00000000e6800000, 0x00000000e6800000, 0x00000000e6900000|  0%| F|  |TAMS 0x00000000e6800000, 0x00000000e6800000| Untracked 
| 105|0x00000000e6900000, 0x00000000e6a00000, 0x00000000e6a00000|100%| S|CS|TAMS 0x00000000e6900000, 0x00000000e6900000| Complete 
| 106|0x00000000e6a00000, 0x00000000e6b00000, 0x00000000e6b00000|100%| S|CS|TAMS 0x00000000e6a00000, 0x00000000e6a00000| Complete 
| 107|0x00000000e6b00000, 0x00000000e6c00000, 0x00000000e6c00000|100%| S|CS|TAMS 0x00000000e6b00000, 0x00000000e6b00000| Complete 
| 108|0x00000000e6c00000, 0x00000000e6d00000, 0x00000000e6d00000|100%| S|CS|TAMS 0x00000000e6c00000, 0x00000000e6c00000| Complete 
| 109|0x00000000e6d00000, 0x00000000e6e00000, 0x00000000e6e00000|100%| S|CS|TAMS 0x00000000e6d00000, 0x00000000e6d00000| Complete 
| 110|0x00000000e6e00000, 0x00000000e6f00000, 0x00000000e6f00000|100%| S|CS|TAMS 0x00000000e6e00000, 0x00000000e6e00000| Complete 
| 111|0x00000000e6f00000, 0x00000000e7000000, 0x00000000e7000000|100%| S|CS|TAMS 0x00000000e6f00000, 0x00000000e6f00000| Complete 
| 112|0x00000000e7000000, 0x00000000e7100000, 0x00000000e7100000|100%| S|CS|TAMS 0x00000000e7000000, 0x00000000e7000000| Complete 
| 113|0x00000000e7100000, 0x00000000e7100000, 0x00000000e7200000|  0%| F|  |TAMS 0x00000000e7100000, 0x00000000e7100000| Untracked 
| 114|0x00000000e7200000, 0x00000000e7200000, 0x00000000e7300000|  0%| F|  |TAMS 0x00000000e7200000, 0x00000000e7200000| Untracked 
| 115|0x00000000e7300000, 0x00000000e7300000, 0x00000000e7400000|  0%| F|  |TAMS 0x00000000e7300000, 0x00000000e7300000| Untracked 
| 116|0x00000000e7400000, 0x00000000e7400000, 0x00000000e7500000|  0%| F|  |TAMS 0x00000000e7400000, 0x00000000e7400000| Untracked 
| 117|0x00000000e7500000, 0x00000000e7500000, 0x00000000e7600000|  0%| F|  |TAMS 0x00000000e7500000, 0x00000000e7500000| Untracked 
| 118|0x00000000e7600000, 0x00000000e7600000, 0x00000000e7700000|  0%| F|  |TAMS 0x00000000e7600000, 0x00000000e7600000| Untracked 
| 119|0x00000000e7700000, 0x00000000e7700000, 0x00000000e7800000|  0%| F|  |TAMS 0x00000000e7700000, 0x00000000e7700000| Untracked 
| 120|0x00000000e7800000, 0x00000000e7800000, 0x00000000e7900000|  0%| F|  |TAMS 0x00000000e7800000, 0x00000000e7800000| Untracked 
| 121|0x00000000e7900000, 0x00000000e7900000, 0x00000000e7a00000|  0%| F|  |TAMS 0x00000000e7900000, 0x00000000e7900000| Untracked 
| 122|0x00000000e7a00000, 0x00000000e7a00000, 0x00000000e7b00000|  0%| F|  |TAMS 0x00000000e7a00000, 0x00000000e7a00000| Untracked 
| 123|0x00000000e7b00000, 0x00000000e7b00000, 0x00000000e7c00000|  0%| F|  |TAMS 0x00000000e7b00000, 0x00000000e7b00000| Untracked 
| 124|0x00000000e7c00000, 0x00000000e7c00000, 0x00000000e7d00000|  0%| F|  |TAMS 0x00000000e7c00000, 0x00000000e7c00000| Untracked 
| 125|0x00000000e7d00000, 0x00000000e7d00000, 0x00000000e7e00000|  0%| F|  |TAMS 0x00000000e7d00000, 0x00000000e7d00000| Untracked 
| 126|0x00000000e7e00000, 0x00000000e7e00000, 0x00000000e7f00000|  0%| F|  |TAMS 0x00000000e7e00000, 0x00000000e7e00000| Untracked 
| 127|0x00000000e7f00000, 0x00000000e7f00000, 0x00000000e8000000|  0%| F|  |TAMS 0x00000000e7f00000, 0x00000000e7f00000| Untracked 
| 128|0x00000000e8000000, 0x00000000e8000000, 0x00000000e8100000|  0%| F|  |TAMS 0x00000000e8000000, 0x00000000e8000000| Untracked 
| 129|0x00000000e8100000, 0x00000000e8100000, 0x00000000e8200000|  0%| F|  |TAMS 0x00000000e8100000, 0x00000000e8100000| Untracked 
| 130|0x00000000e8200000, 0x00000000e8200000, 0x00000000e8300000|  0%| F|  |TAMS 0x00000000e8200000, 0x00000000e8200000| Untracked 
| 131|0x00000000e8300000, 0x00000000e8300000, 0x00000000e8400000|  0%| F|  |TAMS 0x00000000e8300000, 0x00000000e8300000| Untracked 
| 132|0x00000000e8400000, 0x00000000e8400000, 0x00000000e8500000|  0%| F|  |TAMS 0x00000000e8400000, 0x00000000e8400000| Untracked 
| 133|0x00000000e8500000, 0x00000000e8500000, 0x00000000e8600000|  0%| F|  |TAMS 0x00000000e8500000, 0x00000000e8500000| Untracked 
| 134|0x00000000e8600000, 0x00000000e8600000, 0x00000000e8700000|  0%| F|  |TAMS 0x00000000e8600000, 0x00000000e8600000| Untracked 
| 135|0x00000000e8700000, 0x00000000e8700000, 0x00000000e8800000|  0%| F|  |TAMS 0x00000000e8700000, 0x00000000e8700000| Untracked 
| 136|0x00000000e8800000, 0x00000000e8800000, 0x00000000e8900000|  0%| F|  |TAMS 0x00000000e8800000, 0x00000000e8800000| Untracked 
| 137|0x00000000e8900000, 0x00000000e8900000, 0x00000000e8a00000|  0%| F|  |TAMS 0x00000000e8900000, 0x00000000e8900000| Untracked 
| 138|0x00000000e8a00000, 0x00000000e8a00000, 0x00000000e8b00000|  0%| F|  |TAMS 0x00000000e8a00000, 0x00000000e8a00000| Untracked 
| 139|0x00000000e8b00000, 0x00000000e8b00000, 0x00000000e8c00000|  0%| F|  |TAMS 0x00000000e8b00000, 0x00000000e8b00000| Untracked 
| 140|0x00000000e8c00000, 0x00000000e8c00000, 0x00000000e8d00000|  0%| F|  |TAMS 0x00000000e8c00000, 0x00000000e8c00000| Untracked 
| 141|0x00000000e8d00000, 0x00000000e8d00000, 0x00000000e8e00000|  0%| F|  |TAMS 0x00000000e8d00000, 0x00000000e8d00000| Untracked 
| 142|0x00000000e8e00000, 0x00000000e8e00000, 0x00000000e8f00000|  0%| F|  |TAMS 0x00000000e8e00000, 0x00000000e8e00000| Untracked 
| 143|0x00000000e8f00000, 0x00000000e8f00000, 0x00000000e9000000|  0%| F|  |TAMS 0x00000000e8f00000, 0x00000000e8f00000| Untracked 
| 144|0x00000000e9000000, 0x00000000e9000000, 0x00000000e9100000|  0%| F|  |TAMS 0x00000000e9000000, 0x00000000e9000000| Untracked 
| 145|0x00000000e9100000, 0x00000000e9100000, 0x00000000e9200000|  0%| F|  |TAMS 0x00000000e9100000, 0x00000000e9100000| Untracked 
| 146|0x00000000e9200000, 0x00000000e9200000, 0x00000000e9300000|  0%| F|  |TAMS 0x00000000e9200000, 0x00000000e9200000| Untracked 
| 147|0x00000000e9300000, 0x00000000e9300000, 0x00000000e9400000|  0%| F|  |TAMS 0x00000000e9300000, 0x00000000e9300000| Untracked 
| 148|0x00000000e9400000, 0x00000000e9400000, 0x00000000e9500000|  0%| F|  |TAMS 0x00000000e9400000, 0x00000000e9400000| Untracked 
| 149|0x00000000e9500000, 0x00000000e9500000, 0x00000000e9600000|  0%| F|  |TAMS 0x00000000e9500000, 0x00000000e9500000| Untracked 
| 150|0x00000000e9600000, 0x00000000e9600000, 0x00000000e9700000|  0%| F|  |TAMS 0x00000000e9600000, 0x00000000e9600000| Untracked 
| 151|0x00000000e9700000, 0x00000000e9700000, 0x00000000e9800000|  0%| F|  |TAMS 0x00000000e9700000, 0x00000000e9700000| Untracked 
| 152|0x00000000e9800000, 0x00000000e9800000, 0x00000000e9900000|  0%| F|  |TAMS 0x00000000e9800000, 0x00000000e9800000| Untracked 
| 153|0x00000000e9900000, 0x00000000e9900000, 0x00000000e9a00000|  0%| F|  |TAMS 0x00000000e9900000, 0x00000000e9900000| Untracked 
| 154|0x00000000e9a00000, 0x00000000e9a00000, 0x00000000e9b00000|  0%| F|  |TAMS 0x00000000e9a00000, 0x00000000e9a00000| Untracked 
| 155|0x00000000e9b00000, 0x00000000e9b00000, 0x00000000e9c00000|  0%| F|  |TAMS 0x00000000e9b00000, 0x00000000e9b00000| Untracked 
| 156|0x00000000e9c00000, 0x00000000e9c00000, 0x00000000e9d00000|  0%| F|  |TAMS 0x00000000e9c00000, 0x00000000e9c00000| Untracked 
| 157|0x00000000e9d00000, 0x00000000e9d00000, 0x00000000e9e00000|  0%| F|  |TAMS 0x00000000e9d00000, 0x00000000e9d00000| Untracked 
| 158|0x00000000e9e00000, 0x00000000e9e00000, 0x00000000e9f00000|  0%| F|  |TAMS 0x00000000e9e00000, 0x00000000e9e00000| Untracked 
| 159|0x00000000e9f00000, 0x00000000e9f00000, 0x00000000ea000000|  0%| F|  |TAMS 0x00000000e9f00000, 0x00000000e9f00000| Untracked 
| 160|0x00000000ea000000, 0x00000000ea000000, 0x00000000ea100000|  0%| F|  |TAMS 0x00000000ea000000, 0x00000000ea000000| Untracked 
| 161|0x00000000ea100000, 0x00000000ea100000, 0x00000000ea200000|  0%| F|  |TAMS 0x00000000ea100000, 0x00000000ea100000| Untracked 
| 162|0x00000000ea200000, 0x00000000ea200000, 0x00000000ea300000|  0%| F|  |TAMS 0x00000000ea200000, 0x00000000ea200000| Untracked 
| 163|0x00000000ea300000, 0x00000000ea300000, 0x00000000ea400000|  0%| F|  |TAMS 0x00000000ea300000, 0x00000000ea300000| Untracked 
| 164|0x00000000ea400000, 0x00000000ea400000, 0x00000000ea500000|  0%| F|  |TAMS 0x00000000ea400000, 0x00000000ea400000| Untracked 
| 165|0x00000000ea500000, 0x00000000ea500000, 0x00000000ea600000|  0%| F|  |TAMS 0x00000000ea500000, 0x00000000ea500000| Untracked 
| 166|0x00000000ea600000, 0x00000000ea600000, 0x00000000ea700000|  0%| F|  |TAMS 0x00000000ea600000, 0x00000000ea600000| Untracked 
| 167|0x00000000ea700000, 0x00000000ea700000, 0x00000000ea800000|  0%| F|  |TAMS 0x00000000ea700000, 0x00000000ea700000| Untracked 
| 168|0x00000000ea800000, 0x00000000ea800000, 0x00000000ea900000|  0%| F|  |TAMS 0x00000000ea800000, 0x00000000ea800000| Untracked 
| 169|0x00000000ea900000, 0x00000000ea900000, 0x00000000eaa00000|  0%| F|  |TAMS 0x00000000ea900000, 0x00000000ea900000| Untracked 
| 170|0x00000000eaa00000, 0x00000000eaa00000, 0x00000000eab00000|  0%| F|  |TAMS 0x00000000eaa00000, 0x00000000eaa00000| Untracked 
| 171|0x00000000eab00000, 0x00000000eab00000, 0x00000000eac00000|  0%| F|  |TAMS 0x00000000eab00000, 0x00000000eab00000| Untracked 
| 172|0x00000000eac00000, 0x00000000eac00000, 0x00000000ead00000|  0%| F|  |TAMS 0x00000000eac00000, 0x00000000eac00000| Untracked 
| 173|0x00000000ead00000, 0x00000000ead00000, 0x00000000eae00000|  0%| F|  |TAMS 0x00000000ead00000, 0x00000000ead00000| Untracked 
| 174|0x00000000eae00000, 0x00000000eae00000, 0x00000000eaf00000|  0%| F|  |TAMS 0x00000000eae00000, 0x00000000eae00000| Untracked 
| 175|0x00000000eaf00000, 0x00000000eaf00000, 0x00000000eb000000|  0%| F|  |TAMS 0x00000000eaf00000, 0x00000000eaf00000| Untracked 
| 176|0x00000000eb000000, 0x00000000eb000000, 0x00000000eb100000|  0%| F|  |TAMS 0x00000000eb000000, 0x00000000eb000000| Untracked 
| 177|0x00000000eb100000, 0x00000000eb100000, 0x00000000eb200000|  0%| F|  |TAMS 0x00000000eb100000, 0x00000000eb100000| Untracked 
| 178|0x00000000eb200000, 0x00000000eb200000, 0x00000000eb300000|  0%| F|  |TAMS 0x00000000eb200000, 0x00000000eb200000| Untracked 
| 179|0x00000000eb300000, 0x00000000eb300000, 0x00000000eb400000|  0%| F|  |TAMS 0x00000000eb300000, 0x00000000eb300000| Untracked 
| 180|0x00000000eb400000, 0x00000000eb400000, 0x00000000eb500000|  0%| F|  |TAMS 0x00000000eb400000, 0x00000000eb400000| Untracked 
| 181|0x00000000eb500000, 0x00000000eb500000, 0x00000000eb600000|  0%| F|  |TAMS 0x00000000eb500000, 0x00000000eb500000| Untracked 
| 182|0x00000000eb600000, 0x00000000eb600000, 0x00000000eb700000|  0%| F|  |TAMS 0x00000000eb600000, 0x00000000eb600000| Untracked 
| 183|0x00000000eb700000, 0x00000000eb700000, 0x00000000eb800000|  0%| F|  |TAMS 0x00000000eb700000, 0x00000000eb700000| Untracked 
| 184|0x00000000eb800000, 0x00000000eb800000, 0x00000000eb900000|  0%| F|  |TAMS 0x00000000eb800000, 0x00000000eb800000| Untracked 
| 185|0x00000000eb900000, 0x00000000eb900000, 0x00000000eba00000|  0%| F|  |TAMS 0x00000000eb900000, 0x00000000eb900000| Untracked 
| 186|0x00000000eba00000, 0x00000000eba00000, 0x00000000ebb00000|  0%| F|  |TAMS 0x00000000eba00000, 0x00000000eba00000| Untracked 
| 187|0x00000000ebb00000, 0x00000000ebb00000, 0x00000000ebc00000|  0%| F|  |TAMS 0x00000000ebb00000, 0x00000000ebb00000| Untracked 
| 188|0x00000000ebc00000, 0x00000000ebc00000, 0x00000000ebd00000|  0%| F|  |TAMS 0x00000000ebc00000, 0x00000000ebc00000| Untracked 
| 189|0x00000000ebd00000, 0x00000000ebd00000, 0x00000000ebe00000|  0%| F|  |TAMS 0x00000000ebd00000, 0x00000000ebd00000| Untracked 
| 190|0x00000000ebe00000, 0x00000000ebe00000, 0x00000000ebf00000|  0%| F|  |TAMS 0x00000000ebe00000, 0x00000000ebe00000| Untracked 
| 191|0x00000000ebf00000, 0x00000000ebf00000, 0x00000000ec000000|  0%| F|  |TAMS 0x00000000ebf00000, 0x00000000ebf00000| Untracked 
| 192|0x00000000ec000000, 0x00000000ec000000, 0x00000000ec100000|  0%| F|  |TAMS 0x00000000ec000000, 0x00000000ec000000| Untracked 
| 193|0x00000000ec100000, 0x00000000ec100000, 0x00000000ec200000|  0%| F|  |TAMS 0x00000000ec100000, 0x00000000ec100000| Untracked 
| 194|0x00000000ec200000, 0x00000000ec200000, 0x00000000ec300000|  0%| F|  |TAMS 0x00000000ec200000, 0x00000000ec200000| Untracked 
| 195|0x00000000ec300000, 0x00000000ec300000, 0x00000000ec400000|  0%| F|  |TAMS 0x00000000ec300000, 0x00000000ec300000| Untracked 
| 196|0x00000000ec400000, 0x00000000ec400000, 0x00000000ec500000|  0%| F|  |TAMS 0x00000000ec400000, 0x00000000ec400000| Untracked 
| 197|0x00000000ec500000, 0x00000000ec500000, 0x00000000ec600000|  0%| F|  |TAMS 0x00000000ec500000, 0x00000000ec500000| Untracked 
| 198|0x00000000ec600000, 0x00000000ec600000, 0x00000000ec700000|  0%| F|  |TAMS 0x00000000ec600000, 0x00000000ec600000| Untracked 
| 199|0x00000000ec700000, 0x00000000ec700000, 0x00000000ec800000|  0%| F|  |TAMS 0x00000000ec700000, 0x00000000ec700000| Untracked 
| 200|0x00000000ec800000, 0x00000000ec800000, 0x00000000ec900000|  0%| F|  |TAMS 0x00000000ec800000, 0x00000000ec800000| Untracked 
| 201|0x00000000ec900000, 0x00000000ec900000, 0x00000000eca00000|  0%| F|  |TAMS 0x00000000ec900000, 0x00000000ec900000| Untracked 
| 202|0x00000000eca00000, 0x00000000eca00000, 0x00000000ecb00000|  0%| F|  |TAMS 0x00000000eca00000, 0x00000000eca00000| Untracked 
| 203|0x00000000ecb00000, 0x00000000ecb00000, 0x00000000ecc00000|  0%| F|  |TAMS 0x00000000ecb00000, 0x00000000ecb00000| Untracked 
| 204|0x00000000ecc00000, 0x00000000ecc00000, 0x00000000ecd00000|  0%| F|  |TAMS 0x00000000ecc00000, 0x00000000ecc00000| Untracked 
| 205|0x00000000ecd00000, 0x00000000ecd00000, 0x00000000ece00000|  0%| F|  |TAMS 0x00000000ecd00000, 0x00000000ecd00000| Untracked 
| 206|0x00000000ece00000, 0x00000000ece00000, 0x00000000ecf00000|  0%| F|  |TAMS 0x00000000ece00000, 0x00000000ece00000| Untracked 
| 207|0x00000000ecf00000, 0x00000000ecf00000, 0x00000000ed000000|  0%| F|  |TAMS 0x00000000ecf00000, 0x00000000ecf00000| Untracked 
| 208|0x00000000ed000000, 0x00000000ed000000, 0x00000000ed100000|  0%| F|  |TAMS 0x00000000ed000000, 0x00000000ed000000| Untracked 
| 209|0x00000000ed100000, 0x00000000ed100000, 0x00000000ed200000|  0%| F|  |TAMS 0x00000000ed100000, 0x00000000ed100000| Untracked 
| 210|0x00000000ed200000, 0x00000000ed200000, 0x00000000ed300000|  0%| F|  |TAMS 0x00000000ed200000, 0x00000000ed200000| Untracked 
| 211|0x00000000ed300000, 0x00000000ed300000, 0x00000000ed400000|  0%| F|  |TAMS 0x00000000ed300000, 0x00000000ed300000| Untracked 
| 212|0x00000000ed400000, 0x00000000ed400000, 0x00000000ed500000|  0%| F|  |TAMS 0x00000000ed400000, 0x00000000ed400000| Untracked 
| 213|0x00000000ed500000, 0x00000000ed500000, 0x00000000ed600000|  0%| F|  |TAMS 0x00000000ed500000, 0x00000000ed500000| Untracked 
| 214|0x00000000ed600000, 0x00000000ed600000, 0x00000000ed700000|  0%| F|  |TAMS 0x00000000ed600000, 0x00000000ed600000| Untracked 
| 215|0x00000000ed700000, 0x00000000ed700000, 0x00000000ed800000|  0%| F|  |TAMS 0x00000000ed700000, 0x00000000ed700000| Untracked 
| 216|0x00000000ed800000, 0x00000000ed800000, 0x00000000ed900000|  0%| F|  |TAMS 0x00000000ed800000, 0x00000000ed800000| Untracked 
| 217|0x00000000ed900000, 0x00000000ed900000, 0x00000000eda00000|  0%| F|  |TAMS 0x00000000ed900000, 0x00000000ed900000| Untracked 
| 218|0x00000000eda00000, 0x00000000eda00000, 0x00000000edb00000|  0%| F|  |TAMS 0x00000000eda00000, 0x00000000eda00000| Untracked 
| 219|0x00000000edb00000, 0x00000000edb00000, 0x00000000edc00000|  0%| F|  |TAMS 0x00000000edb00000, 0x00000000edb00000| Untracked 
| 220|0x00000000edc00000, 0x00000000edc00000, 0x00000000edd00000|  0%| F|  |TAMS 0x00000000edc00000, 0x00000000edc00000| Untracked 
| 221|0x00000000edd00000, 0x00000000edd00000, 0x00000000ede00000|  0%| F|  |TAMS 0x00000000edd00000, 0x00000000edd00000| Untracked 
| 222|0x00000000ede00000, 0x00000000ede00000, 0x00000000edf00000|  0%| F|  |TAMS 0x00000000ede00000, 0x00000000ede00000| Untracked 
| 223|0x00000000edf00000, 0x00000000edf00000, 0x00000000ee000000|  0%| F|  |TAMS 0x00000000edf00000, 0x00000000edf00000| Untracked 
| 224|0x00000000ee000000, 0x00000000ee000000, 0x00000000ee100000|  0%| F|  |TAMS 0x00000000ee000000, 0x00000000ee000000| Untracked 
| 225|0x00000000ee100000, 0x00000000ee100000, 0x00000000ee200000|  0%| F|  |TAMS 0x00000000ee100000, 0x00000000ee100000| Untracked 
| 226|0x00000000ee200000, 0x00000000ee200000, 0x00000000ee300000|  0%| F|  |TAMS 0x00000000ee200000, 0x00000000ee200000| Untracked 
| 227|0x00000000ee300000, 0x00000000ee300000, 0x00000000ee400000|  0%| F|  |TAMS 0x00000000ee300000, 0x00000000ee300000| Untracked 
| 228|0x00000000ee400000, 0x00000000ee400000, 0x00000000ee500000|  0%| F|  |TAMS 0x00000000ee400000, 0x00000000ee400000| Untracked 
| 229|0x00000000ee500000, 0x00000000ee500000, 0x00000000ee600000|  0%| F|  |TAMS 0x00000000ee500000, 0x00000000ee500000| Untracked 
| 230|0x00000000ee600000, 0x00000000ee600000, 0x00000000ee700000|  0%| F|  |TAMS 0x00000000ee600000, 0x00000000ee600000| Untracked 
| 231|0x00000000ee700000, 0x00000000ee700000, 0x00000000ee800000|  0%| F|  |TAMS 0x00000000ee700000, 0x00000000ee700000| Untracked 
| 232|0x00000000ee800000, 0x00000000ee800000, 0x00000000ee900000|  0%| F|  |TAMS 0x00000000ee800000, 0x00000000ee800000| Untracked 
| 233|0x00000000ee900000, 0x00000000ee900000, 0x00000000eea00000|  0%| F|  |TAMS 0x00000000ee900000, 0x00000000ee900000| Untracked 
| 234|0x00000000eea00000, 0x00000000eea00000, 0x00000000eeb00000|  0%| F|  |TAMS 0x00000000eea00000, 0x00000000eea00000| Untracked 
| 235|0x00000000eeb00000, 0x00000000eeb00000, 0x00000000eec00000|  0%| F|  |TAMS 0x00000000eeb00000, 0x00000000eeb00000| Untracked 
| 236|0x00000000eec00000, 0x00000000eec00000, 0x00000000eed00000|  0%| F|  |TAMS 0x00000000eec00000, 0x00000000eec00000| Untracked 
| 237|0x00000000eed00000, 0x00000000eed00000, 0x00000000eee00000|  0%| F|  |TAMS 0x00000000eed00000, 0x00000000eed00000| Untracked 
| 238|0x00000000eee00000, 0x00000000eee00000, 0x00000000eef00000|  0%| F|  |TAMS 0x00000000eee00000, 0x00000000eee00000| Untracked 
| 239|0x00000000eef00000, 0x00000000eef00000, 0x00000000ef000000|  0%| F|  |TAMS 0x00000000eef00000, 0x00000000eef00000| Untracked 
| 240|0x00000000ef000000, 0x00000000ef000000, 0x00000000ef100000|  0%| F|  |TAMS 0x00000000ef000000, 0x00000000ef000000| Untracked 
| 241|0x00000000ef100000, 0x00000000ef100000, 0x00000000ef200000|  0%| F|  |TAMS 0x00000000ef100000, 0x00000000ef100000| Untracked 
| 242|0x00000000ef200000, 0x00000000ef200000, 0x00000000ef300000|  0%| F|  |TAMS 0x00000000ef200000, 0x00000000ef200000| Untracked 
| 243|0x00000000ef300000, 0x00000000ef300000, 0x00000000ef400000|  0%| F|  |TAMS 0x00000000ef300000, 0x00000000ef300000| Untracked 
| 244|0x00000000ef400000, 0x00000000ef400000, 0x00000000ef500000|  0%| F|  |TAMS 0x00000000ef400000, 0x00000000ef400000| Untracked 
| 245|0x00000000ef500000, 0x00000000ef500000, 0x00000000ef600000|  0%| F|  |TAMS 0x00000000ef500000, 0x00000000ef500000| Untracked 
| 246|0x00000000ef600000, 0x00000000ef600000, 0x00000000ef700000|  0%| F|  |TAMS 0x00000000ef600000, 0x00000000ef600000| Untracked 
| 247|0x00000000ef700000, 0x00000000ef700000, 0x00000000ef800000|  0%| F|  |TAMS 0x00000000ef700000, 0x00000000ef700000| Untracked 
| 248|0x00000000ef800000, 0x00000000ef800000, 0x00000000ef900000|  0%| F|  |TAMS 0x00000000ef800000, 0x00000000ef800000| Untracked 
| 249|0x00000000ef900000, 0x00000000ef900000, 0x00000000efa00000|  0%| F|  |TAMS 0x00000000ef900000, 0x00000000ef900000| Untracked 
| 250|0x00000000efa00000, 0x00000000efa00000, 0x00000000efb00000|  0%| F|  |TAMS 0x00000000efa00000, 0x00000000efa00000| Untracked 
| 251|0x00000000efb00000, 0x00000000efb00000, 0x00000000efc00000|  0%| F|  |TAMS 0x00000000efb00000, 0x00000000efb00000| Untracked 
| 252|0x00000000efc00000, 0x00000000efc00000, 0x00000000efd00000|  0%| F|  |TAMS 0x00000000efc00000, 0x00000000efc00000| Untracked 
| 253|0x00000000efd00000, 0x00000000efde12c0, 0x00000000efe00000| 87%| E|  |TAMS 0x00000000efd00000, 0x00000000efd00000| Complete 
| 254|0x00000000efe00000, 0x00000000eff00000, 0x00000000eff00000|100%| E|CS|TAMS 0x00000000efe00000, 0x00000000efe00000| Complete 
| 255|0x00000000eff00000, 0x00000000f0000000, 0x00000000f0000000|100%| E|CS|TAMS 0x00000000eff00000, 0x00000000eff00000| Complete 

Card table byte_map: [0x0000024d39ff0000,0x0000024d3a0f0000] _byte_map_base: 0x0000024d398f0000

Marking Bits (Prev, Next): (CMBitMap*) 0x0000024d226a4788, (CMBitMap*) 0x0000024d226a47c0
 Prev Bits: [0x0000024d3a1f0000, 0x0000024d3a9f0000)
 Next Bits: [0x0000024d3a9f0000, 0x0000024d3b1f0000)

Polling page: 0x0000024d20640000

Metaspace:

Usage:
  Non-class:     54.66 MB capacity,    53.69 MB ( 98%) used,   815.91 KB (  1%) free+waste,   169.81 KB ( <1%) overhead. 
      Class:      8.37 MB capacity,     7.77 MB ( 93%) used,   526.45 KB (  6%) free+waste,    80.19 KB ( <1%) overhead. 
       Both:     63.02 MB capacity,    61.47 MB ( 98%) used,     1.31 MB (  2%) free+waste,   250.00 KB ( <1%) overhead. 

Virtual space:
  Non-class space:       56.00 MB reserved,      54.80 MB ( 98%) committed 
      Class space:      248.00 MB reserved,       8.38 MB (  3%) committed 
             Both:      304.00 MB reserved,      63.17 MB ( 21%) committed 

Chunk freelists:
   Non-Class:  17.00 KB
       Class:  9.00 KB
        Both:  26.00 KB

MaxMetaspaceSize: 256.00 MB
CompressedClassSpaceSize: 248.00 MB
Initial GC threshold: 20.80 MB
Current GC threshold: 105.29 MB
CDS: off

CodeHeap 'non-profiled nmethods': size=120064Kb used=3915Kb max_used=3915Kb free=116148Kb
 bounds [0x0000024d328a0000, 0x0000024d32c80000, 0x0000024d39de0000]
CodeHeap 'profiled nmethods': size=120000Kb used=14437Kb max_used=14437Kb free=105562Kb
 bounds [0x0000024d2b370000, 0x0000024d2c190000, 0x0000024d328a0000]
CodeHeap 'non-nmethods': size=5696Kb used=2350Kb max_used=2383Kb free=3345Kb
 bounds [0x0000024d2ade0000, 0x0000024d2b050000, 0x0000024d2b370000]
 total_blobs=7887 nmethods=7020 adapters=780
 compilation: enabled
              stopped_count=0, restarted_count=0
 full_count=0

Compilation events (20 events):
Event: 14.062 Thread 0x0000024d3e3bb800 7115       2       org.objectweb.asm.AnnotationWriter::putParameterAnnotations (173 bytes)
Event: 14.063 Thread 0x0000024d3e3bb800 nmethod 7115 0x0000024d2c181d10 code [0x0000024d2c181f40, 0x0000024d2c1823c8]
Event: 14.077 Thread 0x0000024d3e3bb800 7117       2       org.objectweb.asm.MethodVisitor::visitLookupSwitchInsn (18 bytes)
Event: 14.077 Thread 0x0000024d3e3bb800 nmethod 7117 0x0000024d2c182810 code [0x0000024d2c1829c0, 0x0000024d2c182ae8]
Event: 14.147 Thread 0x0000024d3e3bb800 7121 %     3       org.apache.tools.zip.ZipOutputStream::deflateUntilInputIsNeeded @ 0 (18 bytes)
Event: 14.148 Thread 0x0000024d3e3bb800 nmethod 7121% 0x0000024d2c182b90 code [0x0000024d2c182da0, 0x0000024d2c183208]
Event: 14.215 Thread 0x0000024d3e3bb800 7124   !   2       com.google.common.cache.LocalCache$Segment::runLockedCleanup (39 bytes)
Event: 14.216 Thread 0x0000024d3e3bb800 nmethod 7124 0x0000024d2c183490 code [0x0000024d2c1836a0, 0x0000024d2c183958]
Event: 14.216 Thread 0x0000024d3e3bb800 7126   !   2       com.google.common.cache.LocalCache::processPendingNotifications (47 bytes)
Event: 14.216 Thread 0x0000024d3e3bb800 nmethod 7126 0x0000024d2c183c90 code [0x0000024d2c183ea0, 0x0000024d2c1842c8]
Event: 14.216 Thread 0x0000024d3e3bb800 7125       2       com.google.common.cache.LocalCache::nullEntry (4 bytes)
Event: 14.216 Thread 0x0000024d3e3bb800 nmethod 7125 0x0000024d2c184590 code [0x0000024d2c184740, 0x0000024d2c184818]
Event: 14.221 Thread 0x0000024d3e3bb800 7127       2       java.util.concurrent.locks.ReentrantLock::newCondition (8 bytes)
Event: 14.221 Thread 0x0000024d3e3bb800 nmethod 7127 0x0000024d2c184890 code [0x0000024d2c184a40, 0x0000024d2c184bf8]
Event: 14.221 Thread 0x0000024d3e3bb800 7128       2       java.util.concurrent.locks.ReentrantLock$Sync::newCondition (9 bytes)
Event: 14.221 Thread 0x0000024d3e3bb800 nmethod 7128 0x0000024d2c184d10 code [0x0000024d2c184ec0, 0x0000024d2c185058]
Event: 14.225 Thread 0x0000024d3e3bb800 7129 %     3       org.objectweb.asm.SymbolTable::addConstantUtf8Reference @ 13 (101 bytes)
Event: 14.226 Thread 0x0000024d3e3bb800 nmethod 7129% 0x0000024d2c185110 code [0x0000024d2c185360, 0x0000024d2c185af8]
Event: 14.243 Thread 0x0000024d3e3bb800 7130       3       org.objectweb.asm.SymbolTable::addConstantUtf8Reference (101 bytes)
Event: 14.244 Thread 0x0000024d3e3bb800 nmethod 7130 0x0000024d2c185e90 code [0x0000024d2c1860c0, 0x0000024d2c186738]

GC Heap History (20 events):
Event: 0.878 GC heap before
{Heap before GC invocations=0 (full 0):
 garbage-first heap   total 262144K, used 24576K [0x00000000e0000000, 0x0000000100000000)
  region size 1024K, 22 young (22528K), 0 survivors (0K)
 Metaspace       used 9923K, capacity 10167K, committed 10368K, reserved 264192K
  class space    used 993K, capacity 1074K, committed 1152K, reserved 253952K
}
Event: 0.885 GC heap after
{Heap after GC invocations=1 (full 0):
 garbage-first heap   total 262144K, used 9697K [0x00000000e0000000, 0x0000000100000000)
  region size 1024K, 3 young (3072K), 3 survivors (3072K)
 Metaspace       used 9923K, capacity 10167K, committed 10368K, reserved 264192K
  class space    used 993K, capacity 1074K, committed 1152K, reserved 253952K
}
Event: 1.212 GC heap before
{Heap before GC invocations=1 (full 0):
 garbage-first heap   total 262144K, used 21985K [0x00000000e0000000, 0x0000000100000000)
  region size 1024K, 15 young (15360K), 3 survivors (3072K)
 Metaspace       used 11164K, capacity 11445K, committed 11520K, reserved 264192K
  class space    used 1149K, capacity 1244K, committed 1280K, reserved 253952K
}
Event: 1.216 GC heap after
{Heap after GC invocations=2 (full 0):
 garbage-first heap   total 262144K, used 10154K [0x00000000e0000000, 0x0000000100000000)
  region size 1024K, 1 young (1024K), 1 survivors (1024K)
 Metaspace       used 11164K, capacity 11445K, committed 11520K, reserved 264192K
  class space    used 1149K, capacity 1244K, committed 1280K, reserved 253952K
}
Event: 1.974 GC heap before
{Heap before GC invocations=2 (full 0):
 garbage-first heap   total 262144K, used 55210K [0x00000000e0000000, 0x0000000100000000)
  region size 1024K, 45 young (46080K), 1 survivors (1024K)
 Metaspace       used 14477K, capacity 14846K, committed 15104K, reserved 268288K
  class space    used 1606K, capacity 1718K, committed 1792K, reserved 253952K
}
Event: 1.982 GC heap after
{Heap after GC invocations=3 (full 0):
 garbage-first heap   total 262144K, used 16114K [0x00000000e0000000, 0x0000000100000000)
  region size 1024K, 6 young (6144K), 6 survivors (6144K)
 Metaspace       used 14477K, capacity 14846K, committed 15104K, reserved 268288K
  class space    used 1606K, capacity 1718K, committed 1792K, reserved 253952K
}
Event: 2.981 GC heap before
{Heap before GC invocations=3 (full 0):
 garbage-first heap   total 262144K, used 60146K [0x00000000e0000000, 0x0000000100000000)
  region size 1024K, 50 young (51200K), 6 survivors (6144K)
 Metaspace       used 20754K, capacity 21182K, committed 21296K, reserved 274432K
  class space    used 2519K, capacity 2683K, committed 2688K, reserved 253952K
}
Event: 2.994 GC heap after
{Heap after GC invocations=4 (full 0):
 garbage-first heap   total 262144K, used 17530K [0x00000000e0000000, 0x0000000100000000)
  region size 1024K, 2 young (2048K), 2 survivors (2048K)
 Metaspace       used 20754K, capacity 21182K, committed 21296K, reserved 274432K
  class space    used 2519K, capacity 2683K, committed 2688K, reserved 253952K
}
Event: 4.169 GC heap before
{Heap before GC invocations=5 (full 0):
 garbage-first heap   total 262144K, used 89210K [0x00000000e0000000, 0x0000000100000000)
  region size 1024K, 72 young (73728K), 2 survivors (2048K)
 Metaspace       used 27891K, capacity 28546K, committed 28720K, reserved 280576K
  class space    used 3641K, capacity 3875K, committed 3968K, reserved 253952K
}
Event: 4.180 GC heap after
{Heap after GC invocations=6 (full 0):
 garbage-first heap   total 262144K, used 19824K [0x00000000e0000000, 0x0000000100000000)
  region size 1024K, 5 young (5120K), 5 survivors (5120K)
 Metaspace       used 27891K, capacity 28546K, committed 28720K, reserved 280576K
  class space    used 3641K, capacity 3875K, committed 3968K, reserved 253952K
}
Event: 5.282 GC heap before
{Heap before GC invocations=6 (full 0):
 garbage-first heap   total 262144K, used 90480K [0x00000000e0000000, 0x0000000100000000)
  region size 1024K, 75 young (76800K), 5 survivors (5120K)
 Metaspace       used 35002K, capacity 35802K, committed 35920K, reserved 286720K
  class space    used 4547K, capacity 4864K, committed 4864K, reserved 253952K
}
Event: 5.295 GC heap after
{Heap after GC invocations=7 (full 0):
 garbage-first heap   total 262144K, used 24146K [0x00000000e0000000, 0x0000000100000000)
  region size 1024K, 9 young (9216K), 9 survivors (9216K)
 Metaspace       used 35002K, capacity 35802K, committed 35920K, reserved 286720K
  class space    used 4547K, capacity 4864K, committed 4864K, reserved 253952K
}
Event: 7.471 GC heap before
{Heap before GC invocations=8 (full 0):
 garbage-first heap   total 262144K, used 134738K [0x00000000e0000000, 0x0000000100000000)
  region size 1024K, 115 young (117760K), 9 survivors (9216K)
 Metaspace       used 46544K, capacity 47602K, committed 47696K, reserved 296960K
  class space    used 5913K, capacity 6325K, committed 6400K, reserved 253952K
}
Event: 7.497 GC heap after
{Heap after GC invocations=9 (full 0):
 garbage-first heap   total 262144K, used 31361K [0x00000000e0000000, 0x0000000100000000)
  region size 1024K, 14 young (14336K), 14 survivors (14336K)
 Metaspace       used 46544K, capacity 47602K, committed 47696K, reserved 296960K
  class space    used 5913K, capacity 6325K, committed 6400K, reserved 253952K
}
Event: 8.810 GC heap before
{Heap before GC invocations=9 (full 0):
 garbage-first heap   total 262144K, used 173697K [0x00000000e0000000, 0x0000000100000000)
  region size 1024K, 153 young (156672K), 14 survivors (14336K)
 Metaspace       used 48051K, capacity 49236K, committed 49360K, reserved 296960K
  class space    used 6024K, capacity 6480K, committed 6528K, reserved 253952K
}
Event: 8.845 GC heap after
{Heap after GC invocations=10 (full 0):
 garbage-first heap   total 262144K, used 37034K [0x00000000e0000000, 0x0000000100000000)
  region size 1024K, 14 young (14336K), 14 survivors (14336K)
 Metaspace       used 48051K, capacity 49236K, committed 49360K, reserved 296960K
  class space    used 6024K, capacity 6480K, committed 6528K, reserved 253952K
}
Event: 11.075 GC heap before
{Heap before GC invocations=10 (full 0):
 garbage-first heap   total 262144K, used 165034K [0x00000000e0000000, 0x0000000100000000)
  region size 1024K, 140 young (143360K), 14 survivors (14336K)
 Metaspace       used 58399K, capacity 59932K, committed 60080K, reserved 307200K
  class space    used 7374K, capacity 7995K, committed 8064K, reserved 253952K
}
Event: 11.108 GC heap after
{Heap after GC invocations=11 (full 0):
 garbage-first heap   total 262144K, used 42861K [0x00000000e0000000, 0x0000000100000000)
  region size 1024K, 12 young (12288K), 12 survivors (12288K)
 Metaspace       used 58399K, capacity 59932K, committed 60080K, reserved 307200K
  class space    used 7374K, capacity 7995K, committed 8064K, reserved 253952K
}
Event: 13.507 GC heap before
{Heap before GC invocations=12 (full 0):
 garbage-first heap   total 262144K, used 186221K [0x00000000e0000000, 0x0000000100000000)
  region size 1024K, 153 young (156672K), 12 survivors (12288K)
 Metaspace       used 62920K, capacity 64546K, committed 64688K, reserved 311296K
  class space    used 7963K, capacity 8571K, committed 8576K, reserved 253952K
}
Event: 13.531 GC heap after
{Heap after GC invocations=13 (full 0):
 garbage-first heap   total 262144K, used 47558K [0x00000000e0000000, 0x0000000100000000)
  region size 1024K, 10 young (10240K), 10 survivors (10240K)
 Metaspace       used 62920K, capacity 64546K, committed 64688K, reserved 311296K
  class space    used 7963K, capacity 8571K, committed 8576K, reserved 253952K
}

Deoptimization events (20 events):
Event: 13.463 Thread 0x0000024d41af8800 DEOPT PACKING pc=0x0000024d32c606d8 sp=0x0000005838efd8e0
Event: 13.463 Thread 0x0000024d41af8800 DEOPT UNPACKING pc=0x0000024d2ae2a1af sp=0x0000005838efd8a0 mode 2
Event: 13.467 Thread 0x0000024d41af8800 Uncommon trap: trap_request=0xffffff4d fr.pc=0x0000024d32bcb288 relative=0x0000000000000d88
Event: 13.467 Thread 0x0000024d41af8800 Uncommon trap: reason=unstable_if action=reinterpret pc=0x0000024d32bcb288 method=java.lang.String.hashCode()I @ 22 c2
Event: 13.467 Thread 0x0000024d41af8800 DEOPT PACKING pc=0x0000024d32bcb288 sp=0x0000005838efda40
Event: 13.467 Thread 0x0000024d41af8800 DEOPT UNPACKING pc=0x0000024d2ae2a1af sp=0x0000005838efd920 mode 2
Event: 13.792 Thread 0x0000024d41af7800 DEOPT PACKING pc=0x0000024d2c0e2b89 sp=0x0000005838cfe3a0
Event: 13.792 Thread 0x0000024d41af7800 DEOPT UNPACKING pc=0x0000024d2ae2a95e sp=0x0000005838cfd7f8 mode 0
Event: 13.826 Thread 0x0000024d41af7800 DEOPT PACKING pc=0x0000024d2c0b479b sp=0x0000005838cfdae0
Event: 13.826 Thread 0x0000024d41af7800 DEOPT UNPACKING pc=0x0000024d2ae2a95e sp=0x0000005838cfcff8 mode 0
Event: 13.897 Thread 0x0000024d41afb800 DEOPT PACKING pc=0x0000024d2c0ebf76 sp=0x0000005838afe3e0
Event: 13.897 Thread 0x0000024d41afb800 DEOPT UNPACKING pc=0x0000024d2ae2a95e sp=0x0000005838afd900 mode 0
Event: 13.912 Thread 0x0000024d41afe000 DEOPT PACKING pc=0x0000024d2c0ebf76 sp=0x0000005838dfe570
Event: 13.912 Thread 0x0000024d41afe000 DEOPT UNPACKING pc=0x0000024d2ae2a95e sp=0x0000005838dfda90 mode 0
Event: 13.928 Thread 0x0000024d41afe000 DEOPT PACKING pc=0x0000024d2c0ebf76 sp=0x0000005838dfe570
Event: 13.928 Thread 0x0000024d41afe000 DEOPT UNPACKING pc=0x0000024d2ae2a95e sp=0x0000005838dfda90 mode 0
Event: 13.977 Thread 0x0000024d41afb800 DEOPT PACKING pc=0x0000024d2ba331f4 sp=0x0000005838afe160
Event: 13.977 Thread 0x0000024d41afb800 DEOPT UNPACKING pc=0x0000024d2ae2a95e sp=0x0000005838afd700 mode 0
Event: 14.011 Thread 0x0000024d41b03800 DEOPT PACKING pc=0x0000024d2c09f384 sp=0x0000005838ffde50
Event: 14.011 Thread 0x0000024d41b03800 DEOPT UNPACKING pc=0x0000024d2ae2a95e sp=0x0000005838ffd428 mode 0

Classes redefined (0 events):
No events

Internal exceptions (20 events):
Event: 13.867 Thread 0x0000024d41afe000 Exception <a 'sun/nio/fs/WindowsException'{0x00000000ec117cd8}> (0x00000000ec117cd8) thrown at [./src/hotspot/share/prims/jni.cpp, line 617]
Event: 13.868 Thread 0x0000024d41afe000 Exception <a 'sun/nio/fs/WindowsException'{0x00000000ec117e78}> (0x00000000ec117e78) thrown at [./src/hotspot/share/prims/jni.cpp, line 617]
Event: 13.906 Thread 0x0000024d41afe000 Exception <a 'sun/nio/fs/WindowsException'{0x00000000ec124e18}> (0x00000000ec124e18) thrown at [./src/hotspot/share/prims/jni.cpp, line 617]
Event: 13.941 Thread 0x0000024d41afb800 Exception <a 'sun/nio/fs/WindowsException'{0x00000000eb23f9b0}> (0x00000000eb23f9b0) thrown at [./src/hotspot/share/prims/jni.cpp, line 617]
Event: 13.961 Thread 0x0000024d41afe000 Exception <a 'sun/nio/fs/WindowsException'{0x00000000eab44fb8}> (0x00000000eab44fb8) thrown at [./src/hotspot/share/prims/jni.cpp, line 617]
Event: 13.964 Thread 0x0000024d41afb800 Exception <a 'sun/nio/fs/WindowsException'{0x00000000eb23fb50}> (0x00000000eb23fb50) thrown at [./src/hotspot/share/prims/jni.cpp, line 617]
Event: 13.965 Thread 0x0000024d41afe000 Exception <a 'sun/nio/fs/WindowsException'{0x00000000eab45140}> (0x00000000eab45140) thrown at [./src/hotspot/share/prims/jni.cpp, line 617]
Event: 13.974 Thread 0x0000024d41b03800 Exception <a 'sun/nio/fs/WindowsException'{0x00000000eaafacd8}> (0x00000000eaafacd8) thrown at [./src/hotspot/share/prims/jni.cpp, line 617]
Event: 13.981 Thread 0x0000024d41afb800 Exception <a 'sun/nio/fs/WindowsException'{0x00000000eb2477f0}> (0x00000000eb2477f0) thrown at [./src/hotspot/share/prims/jni.cpp, line 617]
Event: 13.983 Thread 0x0000024d41b03800 Exception <a 'sun/nio/fs/WindowsException'{0x00000000eaafae98}> (0x00000000eaafae98) thrown at [./src/hotspot/share/prims/jni.cpp, line 617]
Event: 13.984 Thread 0x0000024d41afe000 Exception <a 'sun/nio/fs/WindowsException'{0x00000000eab56d70}> (0x00000000eab56d70) thrown at [./src/hotspot/share/prims/jni.cpp, line 617]
Event: 13.992 Thread 0x0000024d41afb800 Exception <a 'sun/nio/fs/WindowsException'{0x00000000ea8bea60}> (0x00000000ea8bea60) thrown at [./src/hotspot/share/prims/jni.cpp, line 617]
Event: 13.992 Thread 0x0000024d41afb800 Exception <a 'sun/nio/fs/WindowsException'{0x00000000ea8bec00}> (0x00000000ea8bec00) thrown at [./src/hotspot/share/prims/jni.cpp, line 617]
Event: 14.009 Thread 0x0000024d41b03800 Exception <a 'sun/nio/fs/WindowsException'{0x00000000ea58c430}> (0x00000000ea58c430) thrown at [./src/hotspot/share/prims/jni.cpp, line 617]
Event: 14.010 Thread 0x0000024d41afb800 Exception <a 'sun/nio/fs/WindowsException'{0x00000000ea4873b8}> (0x00000000ea4873b8) thrown at [./src/hotspot/share/prims/jni.cpp, line 617]
Event: 14.113 Thread 0x0000024d41b03800 Exception <a 'sun/nio/fs/WindowsException'{0x00000000e8cc3c58}> (0x00000000e8cc3c58) thrown at [./src/hotspot/share/prims/jni.cpp, line 617]
Event: 14.212 Thread 0x0000024d41b03800 Exception <a 'sun/nio/fs/WindowsException'{0x00000000e8cc3df8}> (0x00000000e8cc3df8) thrown at [./src/hotspot/share/prims/jni.cpp, line 617]
Event: 14.213 Thread 0x0000024d41afe000 Exception <a 'sun/nio/fs/WindowsException'{0x00000000e7a56cc8}> (0x00000000e7a56cc8) thrown at [./src/hotspot/share/prims/jni.cpp, line 617]
Event: 14.214 Thread 0x0000024d41afb800 Exception <a 'sun/nio/fs/WindowsException'{0x00000000e7bdce10}> (0x00000000e7bdce10) thrown at [./src/hotspot/share/prims/jni.cpp, line 617]
Event: 14.238 Thread 0x0000024d41af8800 Exception <a 'sun/nio/fs/WindowsException'{0x00000000e8856c28}> (0x00000000e8856c28) thrown at [./src/hotspot/share/prims/jni.cpp, line 617]

Events (20 events):
Event: 12.885 loading class org/gradle/internal/classpath/ClasspathWalker$ZipClasspathEntry done
Event: 12.886 loading class org/gradle/api/internal/file/archive/impl/AbstractZipEntry$1
Event: 12.886 loading class org/gradle/api/internal/file/archive/impl/AbstractZipEntry$1 done
Event: 12.886 loading class org/gradle/internal/classpath/ClasspathWalker$1
Event: 12.886 loading class org/gradle/internal/classpath/ClasspathWalker$1 done
Event: 12.887 loading class org/gradle/api/internal/file/archive/ZipEntry$ZipCompressionMethod
Event: 12.887 loading class org/gradle/api/internal/file/archive/ZipEntry$ZipCompressionMethod done
Event: 12.891 loading class org/gradle/internal/classpath/InstrumentingTransformer$LambdaFactoryDetails
Event: 12.891 loading class org/gradle/internal/classpath/InstrumentingTransformer$LambdaFactoryDetails done
Event: 12.893 loading class org/gradle/internal/classpath/InstrumentingTransformer$InstrumentingVisitor$1
Event: 12.893 loading class org/gradle/internal/classpath/InstrumentingTransformer$InstrumentingVisitor$1 done
Event: 12.946 Executing VM operation: RevokeBias
Event: 12.946 Executing VM operation: RevokeBias done
Event: 13.078 Loaded shared library C:\Program Files\Eclipse Adoptium\jdk-11.0.16.101-hotspot\bin\zip.dll
Event: 13.507 Executing VM operation: G1CollectForAllocation
Event: 13.531 Executing VM operation: G1CollectForAllocation done
Event: 13.602 Executing VM operation: CGC_Operation
Event: 13.632 Executing VM operation: CGC_Operation done
Event: 13.660 Executing VM operation: CGC_Operation
Event: 13.660 Executing VM operation: CGC_Operation done


Dynamic libraries:
0x00007ff6b46c0000 - 0x00007ff6b46cd000 	C:\Program Files\Eclipse Adoptium\jdk-11.0.16.101-hotspot\bin\java.exe
0x00007ffa66790000 - 0x00007ffa66988000 	C:\Windows\SYSTEM32\ntdll.dll
0x00007ffa66630000 - 0x00007ffa666ef000 	C:\Windows\System32\KERNEL32.DLL
0x00007ffa64120000 - 0x00007ffa643f2000 	C:\Windows\System32\KERNELBASE.dll
0x00007ffa63f80000 - 0x00007ffa64080000 	C:\Windows\System32\ucrtbase.dll
0x00007ffa4b470000 - 0x00007ffa4b487000 	C:\Program Files\Eclipse Adoptium\jdk-11.0.16.101-hotspot\bin\jli.dll
0x00007ffa47210000 - 0x00007ffa47225000 	C:\Program Files\Eclipse Adoptium\jdk-11.0.16.101-hotspot\bin\VCRUNTIME140.dll
0x00007ffa66050000 - 0x00007ffa661f1000 	C:\Windows\System32\USER32.dll
0x00007ffa64560000 - 0x00007ffa64582000 	C:\Windows\System32\win32u.dll
0x00007ffa4e150000 - 0x00007ffa4e3ea000 	C:\Windows\WinSxS\amd64_microsoft.windows.common-controls_6595b64144ccf1df_6.0.19041.1110_none_60b5254171f9507e\COMCTL32.dll
0x00007ffa65570000 - 0x00007ffa6559b000 	C:\Windows\System32\GDI32.dll
0x00007ffa66300000 - 0x00007ffa6639e000 	C:\Windows\System32\msvcrt.dll
0x00007ffa645c0000 - 0x00007ffa646cf000 	C:\Windows\System32\gdi32full.dll
0x00007ffa64080000 - 0x00007ffa6411d000 	C:\Windows\System32\msvcp_win.dll
0x00007ffa64ba0000 - 0x00007ffa64bd2000 	C:\Windows\System32\IMM32.DLL
0x00007ffa34b00000 - 0x00007ffa34b9b000 	C:\Program Files\Eclipse Adoptium\jdk-11.0.16.101-hotspot\bin\msvcp140.dll
0x00007ffa25cb0000 - 0x00007ffa26832000 	C:\Program Files\Eclipse Adoptium\jdk-11.0.16.101-hotspot\bin\server\jvm.dll
0x00007ffa64c40000 - 0x00007ffa64cee000 	C:\Windows\System32\ADVAPI32.dll
0x00007ffa663a0000 - 0x00007ffa6643c000 	C:\Windows\System32\sechost.dll
0x00007ffa64cf0000 - 0x00007ffa64e15000 	C:\Windows\System32\RPCRT4.dll
0x00007ffa64900000 - 0x00007ffa64908000 	C:\Windows\System32\PSAPI.DLL
0x00007ffa4ee40000 - 0x00007ffa4ee49000 	C:\Windows\SYSTEM32\WSOCK32.dll
0x00007ffa5e1d0000 - 0x00007ffa5e1da000 	C:\Windows\SYSTEM32\VERSION.dll
0x00007ffa66560000 - 0x00007ffa665cb000 	C:\Windows\System32\WS2_32.dll
0x00007ffa57250000 - 0x00007ffa57277000 	C:\Windows\SYSTEM32\WINMM.dll
0x00007ffa61c40000 - 0x00007ffa61c52000 	C:\Windows\SYSTEM32\kernel.appcore.dll
0x00007ffa58d00000 - 0x00007ffa58d10000 	C:\Program Files\Eclipse Adoptium\jdk-11.0.16.101-hotspot\bin\verify.dll
0x00007ffa5c7d0000 - 0x00007ffa5c9b4000 	C:\Windows\SYSTEM32\DBGHELP.DLL
0x00007ffa5d370000 - 0x00007ffa5d3a5000 	C:\Windows\SYSTEM32\dbgcore.DLL
0x00007ffa64740000 - 0x00007ffa647c2000 	C:\Windows\System32\bcryptPrimitives.dll
0x00007ffa471e0000 - 0x00007ffa47208000 	C:\Program Files\Eclipse Adoptium\jdk-11.0.16.101-hotspot\bin\java.dll
0x00007ffa57040000 - 0x00007ffa5704a000 	C:\Program Files\Eclipse Adoptium\jdk-11.0.16.101-hotspot\bin\jimage.dll
0x00007ffa471c0000 - 0x00007ffa471d8000 	C:\Program Files\Eclipse Adoptium\jdk-11.0.16.101-hotspot\bin\zip.dll
0x00007ffa64e20000 - 0x00007ffa65564000 	C:\Windows\System32\SHELL32.dll
0x00007ffa61f20000 - 0x00007ffa626b2000 	C:\Windows\SYSTEM32\windows.storage.dll
0x00007ffa65cf0000 - 0x00007ffa66045000 	C:\Windows\System32\combase.dll
0x00007ffa63720000 - 0x00007ffa63750000 	C:\Windows\SYSTEM32\Wldp.dll
0x00007ffa65c30000 - 0x00007ffa65cdd000 	C:\Windows\System32\SHCORE.dll
0x00007ffa64be0000 - 0x00007ffa64c35000 	C:\Windows\System32\shlwapi.dll
0x00007ffa63dc0000 - 0x00007ffa63ddf000 	C:\Windows\SYSTEM32\profapi.dll
0x00007ffa47150000 - 0x00007ffa47169000 	C:\Program Files\Eclipse Adoptium\jdk-11.0.16.101-hotspot\bin\net.dll
0x00007ffa5df30000 - 0x00007ffa5e03c000 	C:\Windows\SYSTEM32\WINHTTP.dll
0x00007ffa63500000 - 0x00007ffa6356a000 	C:\Windows\system32\mswsock.dll
0x00007ffa47130000 - 0x00007ffa47143000 	C:\Program Files\Eclipse Adoptium\jdk-11.0.16.101-hotspot\bin\nio.dll
0x00007ffa4b770000 - 0x00007ffa4b797000 	C:\Users\Pedro\.gradle\native\68d5fa5c4cc2d200863cafc0d521ce42e7d3e7ee720ec0a83991735586a16f82\windows-amd64\native-platform.dll
0x00007ffa2dcf0000 - 0x00007ffa2de34000 	C:\Users\Pedro\.gradle\native\e376f236ea51e6404a007f0833ffe2c6e607c4080706a723a18a27aeea778392\windows-amd64\native-platform-file-events.dll
0x00007ffa55820000 - 0x00007ffa55829000 	C:\Program Files\Eclipse Adoptium\jdk-11.0.16.101-hotspot\bin\management.dll
0x00007ffa51430000 - 0x00007ffa5143b000 	C:\Program Files\Eclipse Adoptium\jdk-11.0.16.101-hotspot\bin\management_ext.dll
0x00007ffa63760000 - 0x00007ffa63778000 	C:\Windows\SYSTEM32\CRYPTSP.dll
0x00007ffa62e40000 - 0x00007ffa62e74000 	C:\Windows\system32\rsaenh.dll
0x00007ffa64590000 - 0x00007ffa645b7000 	C:\Windows\System32\bcrypt.dll
0x00007ffa63d80000 - 0x00007ffa63dae000 	C:\Windows\SYSTEM32\USERENV.dll
0x00007ffa63690000 - 0x00007ffa6369c000 	C:\Windows\SYSTEM32\CRYPTBASE.dll
0x00007ffa63210000 - 0x00007ffa6324b000 	C:\Windows\SYSTEM32\IPHLPAPI.DLL
0x00007ffa65ce0000 - 0x00007ffa65ce8000 	C:\Windows\System32\NSI.dll
0x00007ffa5e970000 - 0x00007ffa5e987000 	C:\Windows\SYSTEM32\dhcpcsvc6.DLL
0x00007ffa5e800000 - 0x00007ffa5e81d000 	C:\Windows\SYSTEM32\dhcpcsvc.DLL
0x00007ffa63250000 - 0x00007ffa6331a000 	C:\Windows\SYSTEM32\DNSAPI.dll
0x00007ffa47100000 - 0x00007ffa47125000 	C:\Program Files\Eclipse Adoptium\jdk-11.0.16.101-hotspot\bin\sunec.dll
0x00007ffa5bc90000 - 0x00007ffa5bc9a000 	C:\Windows\System32\rasadhlp.dll
0x00007ffa5bbc0000 - 0x00007ffa5bc40000 	C:\Windows\System32\fwpuclnt.dll
0x00007ffa50ac0000 - 0x00007ffa50ace000 	C:\Program Files\Eclipse Adoptium\jdk-11.0.16.101-hotspot\bin\sunmscapi.dll
0x00007ffa64400000 - 0x00007ffa64556000 	C:\Windows\System32\CRYPT32.dll
0x00007ffa63950000 - 0x00007ffa63977000 	C:\Windows\SYSTEM32\ncrypt.dll
0x00007ffa638c0000 - 0x00007ffa638fb000 	C:\Windows\SYSTEM32\NTASN1.dll

dbghelp: loaded successfully - version: 4.0.5 - missing functions: none
symbol engine: initialized successfully - sym options: 0x614 - pdb path: .;C:\Program Files\Eclipse Adoptium\jdk-11.0.16.101-hotspot\bin;C:\Windows\SYSTEM32;C:\Windows\WinSxS\amd64_microsoft.windows.common-controls_6595b64144ccf1df_6.0.19041.1110_none_60b5254171f9507e;C:\Program Files\Eclipse Adoptium\jdk-11.0.16.101-hotspot\bin\server;C:\Users\Pedro\.gradle\native\68d5fa5c4cc2d200863cafc0d521ce42e7d3e7ee720ec0a83991735586a16f82\windows-amd64;C:\Users\Pedro\.gradle\native\e376f236ea51e6404a007f0833ffe2c6e607c4080706a723a18a27aeea778392\windows-amd64

VM Arguments:
jvm_args: --add-opens=java.base/java.util=ALL-UNNAMED --add-opens=java.base/java.lang=ALL-UNNAMED --add-opens=java.base/java.lang.invoke=ALL-UNNAMED --add-opens=java.prefs/java.util.prefs=ALL-UNNAMED --add-opens=java.base/java.nio.charset=ALL-UNNAMED --add-opens=java.base/java.net=ALL-UNNAMED --add-opens=java.base/java.util.concurrent.atomic=ALL-UNNAMED -XX:MaxMetaspaceSize=256m -XX:+HeapDumpOnOutOfMemoryError -Xms256m -Xmx512m -Dfile.encoding=windows-1252 -Duser.country=AR -Duser.language=es -Duser.variant 
java_command: org.gradle.launcher.daemon.bootstrap.GradleDaemon 7.6
java_class_path (initial): C:\Users\Pedro\.gradle\wrapper\dists\gradle-7.6-bin\9l9tetv7ltxvx3i8an4pb86ye\gradle-7.6\lib\gradle-launcher-7.6.jar
Launcher Type: SUN_STANDARD

[Global flags]
     intx CICompilerCount                          = 3                                         {product} {ergonomic}
   size_t CompressedClassSpaceSize                 = 260046848                                 {product} {ergonomic}
     uint ConcGCThreads                            = 2                                         {product} {ergonomic}
     uint G1ConcRefinementThreads                  = 6                                         {product} {ergonomic}
   size_t G1HeapRegionSize                         = 1048576                                   {product} {ergonomic}
    uintx GCDrainStackTargetSize                   = 64                                        {product} {ergonomic}
     bool HeapDumpOnOutOfMemoryError               = true                                   {manageable} {command line}
   size_t InitialHeapSize                          = 268435456                                 {product} {command line}
   size_t MarkStackSize                            = 4194304                                   {product} {ergonomic}
   size_t MaxHeapSize                              = 536870912                                 {product} {command line}
   size_t MaxMetaspaceSize                         = 268435456                                 {product} {command line}
   size_t MaxNewSize                               = 321912832                                 {product} {ergonomic}
   size_t MinHeapDeltaBytes                        = 1048576                                   {product} {ergonomic}
    uintx NonNMethodCodeHeapSize                   = 5830732                                {pd product} {ergonomic}
    uintx NonProfiledCodeHeapSize                  = 122913754                              {pd product} {ergonomic}
    uintx ProfiledCodeHeapSize                     = 122913754                              {pd product} {ergonomic}
    uintx ReservedCodeCacheSize                    = 251658240                              {pd product} {ergonomic}
     bool SegmentedCodeCache                       = true                                      {product} {ergonomic}
     bool UseCompressedClassPointers               = true                                 {lp64_product} {ergonomic}
     bool UseCompressedOops                        = true                                 {lp64_product} {ergonomic}
     bool UseG1GC                                  = true                                      {product} {ergonomic}
     bool UseLargePagesIndividualAllocation        = false                                  {pd product} {ergonomic}

Logging:
Log output configuration:
 #0: stdout all=warning uptime,level,tags
 #1: stderr all=off uptime,level,tags

Environment Variables:
PATH=C:\Program Files\Eclipse Adoptium\jdk-11.0.16.101-hotspot\bin;C:\Program Files\Eclipse Adoptium\jdk-8.0.345.1-hotspot\bin;C:\Program Files (x86)\Common Files\Oracle\Java\javapath;C:\Windows\system32;C:\Windows;C:\Windows\System32\Wbem;C:\Windows\System32\WindowsPowerShell\v1.0\;C:\Windows\System32\OpenSSH\;C:\Program Files (x86)\NVIDIA Corporation\PhysX\Common;C:\Program Files\NVIDIA Corporation\NVIDIA NvDLISR;C:\Program Files\nodejs\;C:\Program Files\Git\cmd;C:\Program Files\Docker\Docker\resources\bin;C:\Users\Pedro\AppData\Local\Programs\Python\Python310\Scripts\;C:\Users\Pedro\AppData\Local\Programs\Python\Python310\;C:\Program Files\MySQL\MySQL Shell 8.0\bin\;C:\Users\Pedro\AppData\Local\Microsoft\WindowsApps;C:\Users\Pedro\AppData\Roaming\npm;C:\Users\Pedro\AppData\Local\Programs\Microsoft VS Code\bin;C:\Users\Pedro\AppData\Local\GitHubDesktop\bin;C:\Program Files\heroku\bin
USERNAME=Pedro
OS=Windows_NT
PROCESSOR_IDENTIFIER=AMD64 Family 21 Model 2 Stepping 0, AuthenticAMD
TMP=C:\Users\Pedro\AppData\Local\Temp
TEMP=C:\Users\Pedro\AppData\Local\Temp



---------------  S Y S T E M  ---------------

OS: Windows 10 , 64 bit Build 19041 (10.0.19041.2364)
OS uptime: 3 days 0:27 hours
Hyper-V role detected

CPU:total 6 (initial active 6) (6 cores per cpu, 1 threads per core) family 21 model 2 stepping 0 microcode 0x0, cmov, cx8, fxsr, mmx, sse, sse2, sse3, ssse3, sse4.1, sse4.2, popcnt, avx, aes, clmul, mmxext, 3dnowpref, lzcnt, sse4a, tsc, tscinvbit, tscinv, bmi1, fma

Memory: 4k page, system-wide physical 8158M (1397M free)
TotalPageFile size 12158M (AvailPageFile size 5M)
current process WorkingSet (physical memory assigned to process): 409M, peak: 410M
current process commit charge ("private bytes"): 499M, peak: 500M

vm_info: OpenJDK 64-Bit Server VM (11.0.16.1+1) for windows-amd64 JRE (11.0.16.1+1), built on Aug 16 2022 02:58:04 by "" with MS VC++ 15.9 (VS2017)

END.
